c:/1218_alibaba/Build/GRANTLEY/RELEASE_MYTOOLS/IA32/MdePkg/Library/PeiMemoryAllocationLib/PeiMemoryAllocationLib/OUTPUT/PeiMemoryAllocationLib.lib
c:/1218_alibaba/Build/GRANTLEY/RELEASE_MYTOOLS/IA32/MdePkg/Library/PeiServicesTablePointerLibIdt/PeiServicesTablePointerLibIdt/OUTPUT/PeiServicesTablePointerLibIdt.lib
c:/1218_alibaba/Build/GRANTLEY/RELEASE_MYTOOLS/IA32/MdePkg/Library/PeiPcdLib/PeiPcdLib/OUTPUT/PeiPcdLib.lib
c:/1218_alibaba/Build/GRANTLEY/RELEASE_MYTOOLS/IA32/MdePkg/Library/BaseLib/BaseLib/OUTPUT/BaseLib.lib
c:/1218_alibaba/Build/GRANTLEY/RELEASE_MYTOOLS/IA32/MdePkg/Library/PeiHobLib/PeiHobLib/OUTPUT/PeiHobLib.lib
c:/1218_alibaba/Build/GRANTLEY/RELEASE_MYTOOLS/IA32/MdePkg/Library/BaseMemoryLibRepStr/BaseMemoryLibRepStr/OUTPUT/BaseMemoryLibRepStr.lib
c:/1218_alibaba/Build/GRANTLEY/RELEASE_MYTOOLS/IA32/MdePkg/Library/PeiServicesLib/PeiServicesLib/OUTPUT/PeiServicesLib.lib
c:/1218_alibaba/Build/GRANTLEY/RELEASE_MYTOOLS/IA32/AmiModulePkg/Library/PeiAmiDebugLib/PeiAmiDebugLib/OUTPUT/PeiAmiDebugLib.lib
c:/1218_alibaba/Build/GRANTLEY/RELEASE_MYTOOLS/IA32/MdePkg/Library/BaseIoLibIntrinsic/BaseIoLibIntrinsic/OUTPUT/BaseIoLibIntrinsic.lib
c:/1218_alibaba/Build/GRANTLEY/RELEASE_MYTOOLS/IA32/MdePkg/Library/BasePciExpressLib/BasePciExpressLib/OUTPUT/BasePciExpressLib.lib
c:/1218_alibaba/Build/GRANTLEY/RELEASE_MYTOOLS/IA32/MdePkg/Library/BasePciLibPciExpress/BasePciLibPciExpress/OUTPUT/BasePciLibPciExpress.lib
c:/1218_alibaba/Build/GRANTLEY/RELEASE_MYTOOLS/IA32/AmiModulePkg/TCG2/ShaLib/TcgHashIntrinsicLib/OUTPUT/TcgHashIntrinsicLib.lib
c:/1218_alibaba/Build/GRANTLEY/RELEASE_MYTOOLS/IA32/AmiModulePkg/TCG2/CRB_lib/PttHciLibNull/OUTPUT/PttHciDeviceNullLib.lib
c:/1218_alibaba/Build/GRANTLEY/RELEASE_MYTOOLS/IA32/AmiModulePkg/TCG2/CRB_lib/PspfTpmLibNull/OUTPUT/PspfTpmLibNull.lib
c:/1218_alibaba/Build/GRANTLEY/RELEASE_MYTOOLS/IA32/GrantleyPkg/Library/IntelIchAcpiTimerLib/IntelIchAcpiTimerLib/OUTPUT/IntelIchAcpiTimerLib.lib
c:/1218_alibaba/Build/GRANTLEY/RELEASE_MYTOOLS/IA32/AmiModulePkg/TCG2/ShaLib/ShaLib/OUTPUT/ShaLib.lib
c:/1218_alibaba/Build/GRANTLEY/RELEASE_MYTOOLS/IA32/MdePkg/Library/PeimEntryPoint/PeimEntryPoint/OUTPUT/PeimEntryPoint.lib
c:/1218_alibaba/Build/GRANTLEY/RELEASE_MYTOOLS/IA32/Build/Tpm20CRBLibPei/OUTPUT/CrbLibPei.lib
c:/1218_alibaba/Build/GRANTLEY/RELEASE_MYTOOLS/IA32/AmiModulePkg/Library/AmiRomLayout/PeiAmiRomLayoutLib/OUTPUT/PeiAmiRomLayoutLib.lib
c:/1218_alibaba/Build/GRANTLEY/RELEASE_MYTOOLS/IA32/AmiModulePkg/TCG2/Common/AmiTcgPlatformPei/AmiTpm20PlatformPei/OUTPUT/AmiTpm20PlatformPei.lib