c:/1218_alibaba/Build/GRANTLEY/RELEASE_MYTOOLS/IA32/MdePkg/Library/PeiPcdLib/PeiPcdLib/OUTPUT/PeiPcdLib.lib
c:/1218_alibaba/Build/GRANTLEY/RELEASE_MYTOOLS/IA32/MdePkg/Library/PeiServicesTablePointerLibIdt/PeiServicesTablePointerLibIdt/OUTPUT/PeiServicesTablePointerLibIdt.lib
c:/1218_alibaba/Build/GRANTLEY/RELEASE_MYTOOLS/IA32/MdePkg/Library/PeiMemoryAllocationLib/PeiMemoryAllocationLib/OUTPUT/PeiMemoryAllocationLib.lib
c:/1218_alibaba/Build/GRANTLEY/RELEASE_MYTOOLS/IA32/MdePkg/Library/BaseLib/BaseLib/OUTPUT/BaseLib.lib
c:/1218_alibaba/Build/GRANTLEY/RELEASE_MYTOOLS/IA32/MdePkg/Library/PeiHobLib/PeiHobLib/OUTPUT/PeiHobLib.lib
c:/1218_alibaba/Build/GRANTLEY/RELEASE_MYTOOLS/IA32/MdePkg/Library/PeiServicesLib/PeiServicesLib/OUTPUT/PeiServicesLib.lib
c:/1218_alibaba/Build/GRANTLEY/RELEASE_MYTOOLS/IA32/MdePkg/Library/BaseMemoryLibRepStr/BaseMemoryLibRepStr/OUTPUT/BaseMemoryLibRepStr.lib
c:/1218_alibaba/Build/GRANTLEY/RELEASE_MYTOOLS/IA32/MdePkg/Library/BaseIoLibIntrinsic/BaseIoLibIntrinsic/OUTPUT/BaseIoLibIntrinsic.lib
c:/1218_alibaba/Build/GRANTLEY/RELEASE_MYTOOLS/IA32/MdePkg/Library/BasePciCf8Lib/BasePciCf8Lib/OUTPUT/BasePciCf8Lib.lib
c:/1218_alibaba/Build/GRANTLEY/RELEASE_MYTOOLS/IA32/MdePkg/Library/BasePciLibCf8/BasePciLibCf8/OUTPUT/BasePciLibCf8.lib
c:/1218_alibaba/Build/GRANTLEY/RELEASE_MYTOOLS/IA32/MdePkg/Library/BaseDebugPrintErrorLevelLib/BaseDebugPrintErrorLevelLib/OUTPUT/BaseDebugPrintErrorLevelLib.lib
c:/1218_alibaba/Build/GRANTLEY/RELEASE_MYTOOLS/IA32/GrantleyPkg/Library/SerialPortLib/SerialPortLib/OUTPUT/SerialPortLib.lib
c:/1218_alibaba/Build/GRANTLEY/RELEASE_MYTOOLS/IA32/MdePkg/Library/BasePrintLib/BasePrintLib/OUTPUT/BasePrintLib.lib
c:/1218_alibaba/Build/GRANTLEY/RELEASE_MYTOOLS/IA32/AmiModulePkg/Library/PeiCoreAmiDebugLib/PeiCoreAmiDebugLib/OUTPUT/PeiCoreAmiDebugLib.lib
c:/1218_alibaba/Build/GRANTLEY/RELEASE_MYTOOLS/IA32/MdeModulePkg/Library/OemHookStatusCodeLibNull/OemHookStatusCodeLibNull/OUTPUT/OemHookStatusCodeLibNull.lib
c:/1218_alibaba/Build/GRANTLEY/RELEASE_MYTOOLS/IA32/GrantleyPkg/Library/IntelIchAcpiTimerLib/IntelIchAcpiTimerLib/OUTPUT/IntelIchAcpiTimerLib.lib
c:/1218_alibaba/Build/GRANTLEY/RELEASE_MYTOOLS/IA32/MdePkg/Library/BasePeCoffExtraActionLibNull/BasePeCoffExtraActionLibNull/OUTPUT/PeCoffExtraActionLibNull.lib
c:/1218_alibaba/Build/GRANTLEY/RELEASE_MYTOOLS/IA32/MdePkg/Library/BasePeCoffGetEntryPointLib/BasePeCoffGetEntryPointLib/OUTPUT/BasePeCoffGetEntryPointLib.lib
c:/1218_alibaba/Build/GRANTLEY/RELEASE_MYTOOLS/IA32/MdeModulePkg/Library/PeiReportStatusCodeLib/PeiReportStatusCodeLib/OUTPUT/PeiReportStatusCodeLib.lib
c:/1218_alibaba/Build/GRANTLEY/RELEASE_MYTOOLS/IA32/MdeModulePkg/Library/PeiPerformanceLib/PeiPerformanceLib/OUTPUT/PeiPerformanceLib.lib
c:/1218_alibaba/Build/GRANTLEY/RELEASE_MYTOOLS/IA32/MdePkg/Library/PeiCoreEntryPoint/PeiCoreEntryPoint/OUTPUT/PeiCoreEntryPoint.lib
c:/1218_alibaba/Build/GRANTLEY/RELEASE_MYTOOLS/IA32/MdePkg/Library/BaseCacheMaintenanceLib/BaseCacheMaintenanceLib/OUTPUT/BaseCacheMaintenanceLib.lib
c:/1218_alibaba/Build/GRANTLEY/RELEASE_MYTOOLS/IA32/MdePkg/Library/BasePeCoffLib/BasePeCoffLib/OUTPUT/BasePeCoffLib.lib
c:/1218_alibaba/Build/GRANTLEY/RELEASE_MYTOOLS/IA32/MdeModulePkg/Core/Pei/PeiMain/OUTPUT/PeiCore.lib