c:/1218_alibaba/Build/GRANTLEY/RELEASE_MYTOOLS/IA32/CryptoPkg/Library/BaseCryptLib/PeiCryptLib/OUTPUT/Hash/CryptMd4Null.obj
c:/1218_alibaba/Build/GRANTLEY/RELEASE_MYTOOLS/IA32/CryptoPkg/Library/BaseCryptLib/PeiCryptLib/OUTPUT/Hash/CryptMd5.obj
c:/1218_alibaba/Build/GRANTLEY/RELEASE_MYTOOLS/IA32/CryptoPkg/Library/BaseCryptLib/PeiCryptLib/OUTPUT/Hash/CryptSha1.obj
c:/1218_alibaba/Build/GRANTLEY/RELEASE_MYTOOLS/IA32/CryptoPkg/Library/BaseCryptLib/PeiCryptLib/OUTPUT/Hash/CryptSha256.obj
c:/1218_alibaba/Build/GRANTLEY/RELEASE_MYTOOLS/IA32/CryptoPkg/Library/BaseCryptLib/PeiCryptLib/OUTPUT/Hash/CryptSha512Null.obj
c:/1218_alibaba/Build/GRANTLEY/RELEASE_MYTOOLS/IA32/CryptoPkg/Library/BaseCryptLib/PeiCryptLib/OUTPUT/Hmac/CryptHmacMd5Null.obj
c:/1218_alibaba/Build/GRANTLEY/RELEASE_MYTOOLS/IA32/CryptoPkg/Library/BaseCryptLib/PeiCryptLib/OUTPUT/Hmac/CryptHmacSha1Null.obj
c:/1218_alibaba/Build/GRANTLEY/RELEASE_MYTOOLS/IA32/CryptoPkg/Library/BaseCryptLib/PeiCryptLib/OUTPUT/Cipher/CryptAesNull.obj
c:/1218_alibaba/Build/GRANTLEY/RELEASE_MYTOOLS/IA32/CryptoPkg/Library/BaseCryptLib/PeiCryptLib/OUTPUT/Cipher/CryptTdesNull.obj
c:/1218_alibaba/Build/GRANTLEY/RELEASE_MYTOOLS/IA32/CryptoPkg/Library/BaseCryptLib/PeiCryptLib/OUTPUT/Cipher/CryptArc4Null.obj
c:/1218_alibaba/Build/GRANTLEY/RELEASE_MYTOOLS/IA32/CryptoPkg/Library/BaseCryptLib/PeiCryptLib/OUTPUT/Pk/CryptRsaBasic.obj
c:/1218_alibaba/Build/GRANTLEY/RELEASE_MYTOOLS/IA32/CryptoPkg/Library/BaseCryptLib/PeiCryptLib/OUTPUT/Pk/CryptRsaExtNull.obj
c:/1218_alibaba/Build/GRANTLEY/RELEASE_MYTOOLS/IA32/CryptoPkg/Library/BaseCryptLib/PeiCryptLib/OUTPUT/Pk/CryptPkcs7SignNull.obj
c:/1218_alibaba/Build/GRANTLEY/RELEASE_MYTOOLS/IA32/CryptoPkg/Library/BaseCryptLib/PeiCryptLib/OUTPUT/Pk/CryptPkcs7Verify.obj
c:/1218_alibaba/Build/GRANTLEY/RELEASE_MYTOOLS/IA32/CryptoPkg/Library/BaseCryptLib/PeiCryptLib/OUTPUT/Pk/CryptDhNull.obj
c:/1218_alibaba/Build/GRANTLEY/RELEASE_MYTOOLS/IA32/CryptoPkg/Library/BaseCryptLib/PeiCryptLib/OUTPUT/Pk/CryptX509Null.obj
c:/1218_alibaba/Build/GRANTLEY/RELEASE_MYTOOLS/IA32/CryptoPkg/Library/BaseCryptLib/PeiCryptLib/OUTPUT/Pk/CryptAuthenticodeNull.obj
c:/1218_alibaba/Build/GRANTLEY/RELEASE_MYTOOLS/IA32/CryptoPkg/Library/BaseCryptLib/PeiCryptLib/OUTPUT/Pk/CryptTsNull.obj
c:/1218_alibaba/Build/GRANTLEY/RELEASE_MYTOOLS/IA32/CryptoPkg/Library/BaseCryptLib/PeiCryptLib/OUTPUT/Pem/CryptPemNull.obj
c:/1218_alibaba/Build/GRANTLEY/RELEASE_MYTOOLS/IA32/CryptoPkg/Library/BaseCryptLib/PeiCryptLib/OUTPUT/Rand/CryptRandNull.obj
c:/1218_alibaba/Build/GRANTLEY/RELEASE_MYTOOLS/IA32/CryptoPkg/Library/BaseCryptLib/PeiCryptLib/OUTPUT/SysCall/ConstantTimeClock.obj
c:/1218_alibaba/Build/GRANTLEY/RELEASE_MYTOOLS/IA32/CryptoPkg/Library/BaseCryptLib/PeiCryptLib/OUTPUT/SysCall/BaseMemAllocation.obj