/Ic:\1218_alibaba\GrantleyPkg\Acpi\AcpiTables\Bdat
/Ic:\1218_alibaba\GrantleyPkg\Acpi\AcpiTables\Wddt
/Ic:\1218_alibaba\GrantleyPkg\Acpi\AcpiTables\Pcct
/Ic:\1218_alibaba\GrantleyPkg\Acpi\AcpiTables\Pmtt
/Ic:\1218_alibaba\GrantleyPkg\Acpi\AcpiTables\Msct
/Ic:\1218_alibaba\GrantleyPkg\Acpi\AcpiTables\Ssdt
/Ic:\1218_alibaba\GrantleyPkg\Acpi\AcpiTables\SRAT
/Ic:\1218_alibaba\GrantleyPkg\Acpi\AcpiTables\SLIT
/Ic:\1218_alibaba\GrantleyPkg\Acpi\AcpiTables\Hpet
/Ic:\1218_alibaba\GrantleyPkg\Acpi\AcpiTables\Mpst
/Ic:\1218_alibaba\GrantleyPkg\Acpi\AcpiTables\Dsdt
/Ic:\1218_alibaba\GrantleyPkg\Acpi\AcpiTables
/Ic:\1218_alibaba\Build\GRANTLEY\RELEASE_MYTOOLS\X64\GrantleyPkg\Acpi\AcpiTables\AcpiTables\DEBUG
/Ic:\1218_alibaba\MdePkg
/Ic:\1218_alibaba\MdePkg\Include
/Ic:\1218_alibaba\MdePkg\Include\X64
/Ic:\1218_alibaba\WellsburgPkg
/Ic:\1218_alibaba\WellsburgPkg\Include
/Ic:\1218_alibaba\WellsburgPkg\PchInit\Common
/Ic:\1218_alibaba\Build
/Ic:\1218_alibaba\GrantleyPkg
/Ic:\1218_alibaba\GrantleyPkg\Include
/Ic:\1218_alibaba\GrantleyPkg\Ras\Include
/Ic:\1218_alibaba\GrantleyPkg\Ras\Smm\QuiesceSupport
/Ic:\1218_alibaba\GrantleyPkg\Ras\Smm\MemRas
/Ic:\1218_alibaba\GrantleyPkg\Include\Library
/Ic:\1218_alibaba\GrantleyPkg\Include\Guid
/Ic:\1218_alibaba\GrantleyPkg\Include\Protocol
/Ic:\1218_alibaba\GrantleyPkg\Ras\Whea\LastBootErrorLog
/Ic:\1218_alibaba\GrantleyPkg\Ras\Smm\SmmErrorLog
/Ic:\1218_alibaba\GrantleyPkg\Ras\RuntimeErrorlog
/Ic:\1218_alibaba\GrantleySocketPkg
/Ic:\1218_alibaba\GrantleySocketPkg\Include
/Ic:\1218_alibaba\GrantleySocketPkg\Include\Cpu
/Ic:\1218_alibaba\GrantleySocketPkg\Include\Setup
/Ic:\1218_alibaba\GrantleySocketPkg\Include\Iio
/Ic:\1218_alibaba\GrantleySocketPkg\Include\Guid
/Ic:\1218_alibaba\GrantleySocketPkg\Include\Library
/Ic:\1218_alibaba\GrantleySocketPkg\Library\MemoryQpiInit\Chip\Include
/Ic:\1218_alibaba\GrantleySocketPkg\Library\MemoryQpiInit\Chip\Include\RcRegs
/Ic:\1218_alibaba\GrantleySocketPkg\Library\MemoryQpiInit\Core\Include
/Ic:\1218_alibaba\GrantleySocketPkg\Library\MemoryQpiInit\Platform\Include
/Ic:\1218_alibaba\GrantleySocketPkg\Library\MemoryQpiInit
/Ic:\1218_alibaba\GrantleySocketPkg\Library\ProcessorPowerManagement
/Ic:\1218_alibaba\GrantleySocketPkg\Library\ProcessorStartup
/Ic:\1218_alibaba\GrantleySocketPkg\Override\IA32FamilyCpuPkg
/Ic:\1218_alibaba\GrantleySocketPkg\Override\IA32FamilyCpuPkg\Include
/Ic:\1218_alibaba\ServerCommonPkg
/Ic:\1218_alibaba\ServerCommonPkg\Include
/Ic:\1218_alibaba\ServerCommonPkg\TXT\GetSec