c:/1218_alibaba/Build/GRANTLEY/RELEASE_MYTOOLS/IA32/GrantleySocketPkg/Library/MemoryQpiInit/MemoryQpiInit/OUTPUT/CpuInit.obj
c:/1218_alibaba/Build/GRANTLEY/RELEASE_MYTOOLS/IA32/GrantleySocketPkg/Library/MemoryQpiInit/MemoryQpiInit/OUTPUT/QpiInit.obj
c:/1218_alibaba/Build/GRANTLEY/RELEASE_MYTOOLS/IA32/GrantleySocketPkg/Library/MemoryQpiInit/MemoryQpiInit/OUTPUT/IioEarlyInit.obj
c:/1218_alibaba/Build/GRANTLEY/RELEASE_MYTOOLS/IA32/GrantleySocketPkg/Library/MemoryQpiInit/MemoryQpiInit/OUTPUT/Chip/Common/Bios2yamChip.obj
c:/1218_alibaba/Build/GRANTLEY/RELEASE_MYTOOLS/IA32/GrantleySocketPkg/Library/MemoryQpiInit/MemoryQpiInit/OUTPUT/Chip/Common/CpuPciAccess.obj
c:/1218_alibaba/Build/GRANTLEY/RELEASE_MYTOOLS/IA32/GrantleySocketPkg/Library/MemoryQpiInit/MemoryQpiInit/OUTPUT/Chip/Common/CsrToPcieLib.obj
c:/1218_alibaba/Build/GRANTLEY/RELEASE_MYTOOLS/IA32/GrantleySocketPkg/Library/MemoryQpiInit/MemoryQpiInit/OUTPUT/Chip/Common/DebugCmd.obj
c:/1218_alibaba/Build/GRANTLEY/RELEASE_MYTOOLS/IA32/GrantleySocketPkg/Library/MemoryQpiInit/MemoryQpiInit/OUTPUT/Chip/Common/ErrorChip.obj
c:/1218_alibaba/Build/GRANTLEY/RELEASE_MYTOOLS/IA32/GrantleySocketPkg/Library/MemoryQpiInit/MemoryQpiInit/OUTPUT/Chip/Common/MemoryQpiInit.obj
c:/1218_alibaba/Build/GRANTLEY/RELEASE_MYTOOLS/IA32/GrantleySocketPkg/Library/MemoryQpiInit/MemoryQpiInit/OUTPUT/Chip/Common/PciAccess.obj
c:/1218_alibaba/Build/GRANTLEY/RELEASE_MYTOOLS/IA32/GrantleySocketPkg/Library/MemoryQpiInit/MemoryQpiInit/OUTPUT/Chip/Common/PcieAddressLib.obj
c:/1218_alibaba/Build/GRANTLEY/RELEASE_MYTOOLS/IA32/GrantleySocketPkg/Library/MemoryQpiInit/MemoryQpiInit/OUTPUT/Chip/Common/PrintfChip.obj
c:/1218_alibaba/Build/GRANTLEY/RELEASE_MYTOOLS/IA32/GrantleySocketPkg/Library/MemoryQpiInit/MemoryQpiInit/OUTPUT/Chip/Common/Smbus.obj
c:/1218_alibaba/Build/GRANTLEY/RELEASE_MYTOOLS/IA32/GrantleySocketPkg/Library/MemoryQpiInit/MemoryQpiInit/OUTPUT/Chip/Common/ScratchPadReg.obj
c:/1218_alibaba/Build/GRANTLEY/RELEASE_MYTOOLS/IA32/GrantleySocketPkg/Library/MemoryQpiInit/MemoryQpiInit/OUTPUT/Chip/Mem/BiosSsaMemoryConfigChip.obj
c:/1218_alibaba/Build/GRANTLEY/RELEASE_MYTOOLS/IA32/GrantleySocketPkg/Library/MemoryQpiInit/MemoryQpiInit/OUTPUT/Chip/Mem/BiosSsaMemoryDdrtConfigChip.obj
c:/1218_alibaba/Build/GRANTLEY/RELEASE_MYTOOLS/IA32/GrantleySocketPkg/Library/MemoryQpiInit/MemoryQpiInit/OUTPUT/Chip/Mem/BiosSsaMemoryServerConfigChip.obj
c:/1218_alibaba/Build/GRANTLEY/RELEASE_MYTOOLS/IA32/GrantleySocketPkg/Library/MemoryQpiInit/MemoryQpiInit/OUTPUT/Chip/Mem/DmtMain.obj
c:/1218_alibaba/Build/GRANTLEY/RELEASE_MYTOOLS/IA32/GrantleySocketPkg/Library/MemoryQpiInit/MemoryQpiInit/OUTPUT/Chip/Mem/InitMemChip.obj
c:/1218_alibaba/Build/GRANTLEY/RELEASE_MYTOOLS/IA32/GrantleySocketPkg/Library/MemoryQpiInit/MemoryQpiInit/OUTPUT/Chip/Mem/MemAddrMap.obj
c:/1218_alibaba/Build/GRANTLEY/RELEASE_MYTOOLS/IA32/GrantleySocketPkg/Library/MemoryQpiInit/MemoryQpiInit/OUTPUT/Chip/Mem/MemCmdControl.obj
c:/1218_alibaba/Build/GRANTLEY/RELEASE_MYTOOLS/IA32/GrantleySocketPkg/Library/MemoryQpiInit/MemoryQpiInit/OUTPUT/Chip/Mem/MemCpgc.obj
c:/1218_alibaba/Build/GRANTLEY/RELEASE_MYTOOLS/IA32/GrantleySocketPkg/Library/MemoryQpiInit/MemoryQpiInit/OUTPUT/Chip/Mem/MemDisplayChip.obj
c:/1218_alibaba/Build/GRANTLEY/RELEASE_MYTOOLS/IA32/GrantleySocketPkg/Library/MemoryQpiInit/MemoryQpiInit/OUTPUT/Chip/Mem/MemIOControl.obj
c:/1218_alibaba/Build/GRANTLEY/RELEASE_MYTOOLS/IA32/GrantleySocketPkg/Library/MemoryQpiInit/MemoryQpiInit/OUTPUT/Chip/Mem/MemPciAccess.obj
c:/1218_alibaba/Build/GRANTLEY/RELEASE_MYTOOLS/IA32/GrantleySocketPkg/Library/MemoryQpiInit/MemoryQpiInit/OUTPUT/Chip/Mem/MemProjectSpecific.obj
c:/1218_alibaba/Build/GRANTLEY/RELEASE_MYTOOLS/IA32/GrantleySocketPkg/Library/MemoryQpiInit/MemoryQpiInit/OUTPUT/Chip/Mem/MemRAS.obj
c:/1218_alibaba/Build/GRANTLEY/RELEASE_MYTOOLS/IA32/GrantleySocketPkg/Library/MemoryQpiInit/MemoryQpiInit/OUTPUT/Chip/Mem/MemSPDChip.obj
c:/1218_alibaba/Build/GRANTLEY/RELEASE_MYTOOLS/IA32/GrantleySocketPkg/Library/MemoryQpiInit/MemoryQpiInit/OUTPUT/Chip/Mem/MemStartChip.obj
c:/1218_alibaba/Build/GRANTLEY/RELEASE_MYTOOLS/IA32/GrantleySocketPkg/Library/MemoryQpiInit/MemoryQpiInit/OUTPUT/Chip/Mem/MemThrot.obj
c:/1218_alibaba/Build/GRANTLEY/RELEASE_MYTOOLS/IA32/GrantleySocketPkg/Library/MemoryQpiInit/MemoryQpiInit/OUTPUT/Chip/Mem/MemTimingChip.obj
c:/1218_alibaba/Build/GRANTLEY/RELEASE_MYTOOLS/IA32/GrantleySocketPkg/Library/MemoryQpiInit/MemoryQpiInit/OUTPUT/Chip/Mem/MemTrainingChip.obj
c:/1218_alibaba/Build/GRANTLEY/RELEASE_MYTOOLS/IA32/GrantleySocketPkg/Library/MemoryQpiInit/MemoryQpiInit/OUTPUT/Chip/Mem/MemWDBChip.obj
c:/1218_alibaba/Build/GRANTLEY/RELEASE_MYTOOLS/IA32/GrantleySocketPkg/Library/MemoryQpiInit/MemoryQpiInit/OUTPUT/Chip/Mem/MemXoverCalib.obj
c:/1218_alibaba/Build/GRANTLEY/RELEASE_MYTOOLS/IA32/GrantleySocketPkg/Library/MemoryQpiInit/MemoryQpiInit/OUTPUT/Chip/Mem/MrcSsaServicesChip.obj
c:/1218_alibaba/Build/GRANTLEY/RELEASE_MYTOOLS/IA32/GrantleySocketPkg/Library/MemoryQpiInit/MemoryQpiInit/OUTPUT/Chip/Qpi/QpiAdapt.obj
c:/1218_alibaba/Build/GRANTLEY/RELEASE_MYTOOLS/IA32/GrantleySocketPkg/Library/MemoryQpiInit/MemoryQpiInit/OUTPUT/Chip/Qpi/QpiCoh.obj
c:/1218_alibaba/Build/GRANTLEY/RELEASE_MYTOOLS/IA32/GrantleySocketPkg/Library/MemoryQpiInit/MemoryQpiInit/OUTPUT/Chip/Qpi/QpiDisc.obj
c:/1218_alibaba/Build/GRANTLEY/RELEASE_MYTOOLS/IA32/GrantleySocketPkg/Library/MemoryQpiInit/MemoryQpiInit/OUTPUT/Chip/Qpi/QpiEvAutoRecipe.obj
c:/1218_alibaba/Build/GRANTLEY/RELEASE_MYTOOLS/IA32/GrantleySocketPkg/Library/MemoryQpiInit/MemoryQpiInit/OUTPUT/Chip/Qpi/QpiLib.obj
c:/1218_alibaba/Build/GRANTLEY/RELEASE_MYTOOLS/IA32/GrantleySocketPkg/Library/MemoryQpiInit/MemoryQpiInit/OUTPUT/Chip/Qpi/QpiLinks.obj
c:/1218_alibaba/Build/GRANTLEY/RELEASE_MYTOOLS/IA32/GrantleySocketPkg/Library/MemoryQpiInit/MemoryQpiInit/OUTPUT/Chip/Qpi/QpiMain.obj
c:/1218_alibaba/Build/GRANTLEY/RELEASE_MYTOOLS/IA32/GrantleySocketPkg/Library/MemoryQpiInit/MemoryQpiInit/OUTPUT/Core/Common/ExecuteTargetOnly.obj
c:/1218_alibaba/Build/GRANTLEY/RELEASE_MYTOOLS/IA32/GrantleySocketPkg/Library/MemoryQpiInit/MemoryQpiInit/OUTPUT/Core/Common/EvItpDownloadAgent.obj
c:/1218_alibaba/Build/GRANTLEY/RELEASE_MYTOOLS/IA32/GrantleySocketPkg/Library/MemoryQpiInit/MemoryQpiInit/OUTPUT/Core/Common/BiosSsaResultsConfig.obj
c:/1218_alibaba/Build/GRANTLEY/RELEASE_MYTOOLS/IA32/GrantleySocketPkg/Library/MemoryQpiInit/MemoryQpiInit/OUTPUT/Core/Common/BiosSsaCommonConfig.obj
c:/1218_alibaba/Build/GRANTLEY/RELEASE_MYTOOLS/IA32/GrantleySocketPkg/Library/MemoryQpiInit/MemoryQpiInit/OUTPUT/Core/Common/Checkpoint.obj
c:/1218_alibaba/Build/GRANTLEY/RELEASE_MYTOOLS/IA32/GrantleySocketPkg/Library/MemoryQpiInit/MemoryQpiInit/OUTPUT/Core/Common/CpuAccess.obj
c:/1218_alibaba/Build/GRANTLEY/RELEASE_MYTOOLS/IA32/GrantleySocketPkg/Library/MemoryQpiInit/MemoryQpiInit/OUTPUT/Core/Common/CpuTimer.obj
c:/1218_alibaba/Build/GRANTLEY/RELEASE_MYTOOLS/IA32/GrantleySocketPkg/Library/MemoryQpiInit/MemoryQpiInit/OUTPUT/Core/Common/Decompress.obj
c:/1218_alibaba/Build/GRANTLEY/RELEASE_MYTOOLS/IA32/GrantleySocketPkg/Library/MemoryQpiInit/MemoryQpiInit/OUTPUT/Core/Common/Error.obj
c:/1218_alibaba/Build/GRANTLEY/RELEASE_MYTOOLS/IA32/GrantleySocketPkg/Library/MemoryQpiInit/MemoryQpiInit/OUTPUT/Core/Common/Gpio.obj
c:/1218_alibaba/Build/GRANTLEY/RELEASE_MYTOOLS/IA32/GrantleySocketPkg/Library/MemoryQpiInit/MemoryQpiInit/OUTPUT/Core/Common/IoAccess.obj
c:/1218_alibaba/Build/GRANTLEY/RELEASE_MYTOOLS/IA32/GrantleySocketPkg/Library/MemoryQpiInit/MemoryQpiInit/OUTPUT/Core/Common/Malloc.obj
c:/1218_alibaba/Build/GRANTLEY/RELEASE_MYTOOLS/IA32/GrantleySocketPkg/Library/MemoryQpiInit/MemoryQpiInit/OUTPUT/Core/Common/Math.obj
c:/1218_alibaba/Build/GRANTLEY/RELEASE_MYTOOLS/IA32/GrantleySocketPkg/Library/MemoryQpiInit/MemoryQpiInit/OUTPUT/Core/Common/MemUtil.obj
c:/1218_alibaba/Build/GRANTLEY/RELEASE_MYTOOLS/IA32/GrantleySocketPkg/Library/MemoryQpiInit/MemoryQpiInit/OUTPUT/Core/Common/PeLoader.obj
c:/1218_alibaba/Build/GRANTLEY/RELEASE_MYTOOLS/IA32/GrantleySocketPkg/Library/MemoryQpiInit/MemoryQpiInit/OUTPUT/Core/Common/PerfTracker.obj
c:/1218_alibaba/Build/GRANTLEY/RELEASE_MYTOOLS/IA32/GrantleySocketPkg/Library/MemoryQpiInit/MemoryQpiInit/OUTPUT/Core/Common/Pipe.obj
c:/1218_alibaba/Build/GRANTLEY/RELEASE_MYTOOLS/IA32/GrantleySocketPkg/Library/MemoryQpiInit/MemoryQpiInit/OUTPUT/Core/Common/PipeDataSync.obj
c:/1218_alibaba/Build/GRANTLEY/RELEASE_MYTOOLS/IA32/GrantleySocketPkg/Library/MemoryQpiInit/MemoryQpiInit/OUTPUT/Core/Common/PipeInit.obj
c:/1218_alibaba/Build/GRANTLEY/RELEASE_MYTOOLS/IA32/GrantleySocketPkg/Library/MemoryQpiInit/MemoryQpiInit/OUTPUT/Core/Common/PmTimer.obj
c:/1218_alibaba/Build/GRANTLEY/RELEASE_MYTOOLS/IA32/GrantleySocketPkg/Library/MemoryQpiInit/MemoryQpiInit/OUTPUT/Core/Common/Printf.obj
c:/1218_alibaba/Build/GRANTLEY/RELEASE_MYTOOLS/IA32/GrantleySocketPkg/Library/MemoryQpiInit/MemoryQpiInit/OUTPUT/Core/Common/SerialPort.obj
c:/1218_alibaba/Build/GRANTLEY/RELEASE_MYTOOLS/IA32/GrantleySocketPkg/Library/MemoryQpiInit/MemoryQpiInit/OUTPUT/Core/Common/String.obj
c:/1218_alibaba/Build/GRANTLEY/RELEASE_MYTOOLS/IA32/GrantleySocketPkg/Library/MemoryQpiInit/MemoryQpiInit/OUTPUT/Core/Common/UsbDebugPort.obj
c:/1218_alibaba/Build/GRANTLEY/RELEASE_MYTOOLS/IA32/GrantleySocketPkg/Library/MemoryQpiInit/MemoryQpiInit/OUTPUT/Core/Mem/BiosSsaMemoryConfig.obj
c:/1218_alibaba/Build/GRANTLEY/RELEASE_MYTOOLS/IA32/GrantleySocketPkg/Library/MemoryQpiInit/MemoryQpiInit/OUTPUT/Core/Mem/BiosSsaMemoryDdrtConfig.obj
c:/1218_alibaba/Build/GRANTLEY/RELEASE_MYTOOLS/IA32/GrantleySocketPkg/Library/MemoryQpiInit/MemoryQpiInit/OUTPUT/Core/Mem/BiosSsaMemoryServerConfig.obj
c:/1218_alibaba/Build/GRANTLEY/RELEASE_MYTOOLS/IA32/GrantleySocketPkg/Library/MemoryQpiInit/MemoryQpiInit/OUTPUT/Core/Mem/MemTraining.obj
c:/1218_alibaba/Build/GRANTLEY/RELEASE_MYTOOLS/IA32/GrantleySocketPkg/Library/MemoryQpiInit/MemoryQpiInit/OUTPUT/Core/Mem/MemPowerTraining.obj
c:/1218_alibaba/Build/GRANTLEY/RELEASE_MYTOOLS/IA32/GrantleySocketPkg/Library/MemoryQpiInit/MemoryQpiInit/OUTPUT/Core/Mem/MemPPR.obj
c:/1218_alibaba/Build/GRANTLEY/RELEASE_MYTOOLS/IA32/GrantleySocketPkg/Library/MemoryQpiInit/MemoryQpiInit/OUTPUT/Core/Mem/MrcSsaServices.obj
c:/1218_alibaba/Build/GRANTLEY/RELEASE_MYTOOLS/IA32/GrantleySocketPkg/Library/MemoryQpiInit/MemoryQpiInit/OUTPUT/Core/Mem/InitMem.obj
c:/1218_alibaba/Build/GRANTLEY/RELEASE_MYTOOLS/IA32/GrantleySocketPkg/Library/MemoryQpiInit/MemoryQpiInit/OUTPUT/Core/Mem/MemBdat.obj
c:/1218_alibaba/Build/GRANTLEY/RELEASE_MYTOOLS/IA32/GrantleySocketPkg/Library/MemoryQpiInit/MemoryQpiInit/OUTPUT/Core/Mem/MemCmdClk.obj
c:/1218_alibaba/Build/GRANTLEY/RELEASE_MYTOOLS/IA32/GrantleySocketPkg/Library/MemoryQpiInit/MemoryQpiInit/OUTPUT/Core/Mem/MemDdr4Lrdimm.obj
c:/1218_alibaba/Build/GRANTLEY/RELEASE_MYTOOLS/IA32/GrantleySocketPkg/Library/MemoryQpiInit/MemoryQpiInit/OUTPUT/Core/Mem/MemDisplay.obj
c:/1218_alibaba/Build/GRANTLEY/RELEASE_MYTOOLS/IA32/GrantleySocketPkg/Library/MemoryQpiInit/MemoryQpiInit/OUTPUT/Core/Mem/MemoryInit.obj
c:/1218_alibaba/Build/GRANTLEY/RELEASE_MYTOOLS/IA32/GrantleySocketPkg/Library/MemoryQpiInit/MemoryQpiInit/OUTPUT/Core/Mem/MemJedec.obj
c:/1218_alibaba/Build/GRANTLEY/RELEASE_MYTOOLS/IA32/GrantleySocketPkg/Library/MemoryQpiInit/MemoryQpiInit/OUTPUT/Core/Mem/MemMain.obj
c:/1218_alibaba/Build/GRANTLEY/RELEASE_MYTOOLS/IA32/GrantleySocketPkg/Library/MemoryQpiInit/MemoryQpiInit/OUTPUT/Core/Mem/MemMargins.obj
c:/1218_alibaba/Build/GRANTLEY/RELEASE_MYTOOLS/IA32/GrantleySocketPkg/Library/MemoryQpiInit/MemoryQpiInit/OUTPUT/Core/Mem/MemODT.obj
c:/1218_alibaba/Build/GRANTLEY/RELEASE_MYTOOLS/IA32/GrantleySocketPkg/Library/MemoryQpiInit/MemoryQpiInit/OUTPUT/Core/Mem/MemRdDqDqs.obj
c:/1218_alibaba/Build/GRANTLEY/RELEASE_MYTOOLS/IA32/GrantleySocketPkg/Library/MemoryQpiInit/MemoryQpiInit/OUTPUT/Core/Mem/MemRecEnable.obj
c:/1218_alibaba/Build/GRANTLEY/RELEASE_MYTOOLS/IA32/GrantleySocketPkg/Library/MemoryQpiInit/MemoryQpiInit/OUTPUT/Core/Mem/MemSPD.obj
c:/1218_alibaba/Build/GRANTLEY/RELEASE_MYTOOLS/IA32/GrantleySocketPkg/Library/MemoryQpiInit/MemoryQpiInit/OUTPUT/Core/Mem/MemSPDDDR3.obj
c:/1218_alibaba/Build/GRANTLEY/RELEASE_MYTOOLS/IA32/GrantleySocketPkg/Library/MemoryQpiInit/MemoryQpiInit/OUTPUT/Core/Mem/MemSPDDDR4.obj
c:/1218_alibaba/Build/GRANTLEY/RELEASE_MYTOOLS/IA32/GrantleySocketPkg/Library/MemoryQpiInit/MemoryQpiInit/OUTPUT/Core/Mem/MemSpdSimInit.obj
c:/1218_alibaba/Build/GRANTLEY/RELEASE_MYTOOLS/IA32/GrantleySocketPkg/Library/MemoryQpiInit/MemoryQpiInit/OUTPUT/Core/Mem/MemStart.obj
c:/1218_alibaba/Build/GRANTLEY/RELEASE_MYTOOLS/IA32/GrantleySocketPkg/Library/MemoryQpiInit/MemoryQpiInit/OUTPUT/Core/Mem/MemTiming.obj
c:/1218_alibaba/Build/GRANTLEY/RELEASE_MYTOOLS/IA32/GrantleySocketPkg/Library/MemoryQpiInit/MemoryQpiInit/OUTPUT/Core/Mem/MemWDB.obj
c:/1218_alibaba/Build/GRANTLEY/RELEASE_MYTOOLS/IA32/GrantleySocketPkg/Library/MemoryQpiInit/MemoryQpiInit/OUTPUT/Core/Mem/MemWrDqDqs.obj
c:/1218_alibaba/Build/GRANTLEY/RELEASE_MYTOOLS/IA32/GrantleySocketPkg/Library/MemoryQpiInit/MemoryQpiInit/OUTPUT/Core/Mem/MemWrLeveling.obj
c:/1218_alibaba/Build/GRANTLEY/RELEASE_MYTOOLS/IA32/GrantleySocketPkg/Library/MemoryQpiInit/MemoryQpiInit/OUTPUT/Core/Mem/MemXMP.obj
c:/1218_alibaba/Build/GRANTLEY/RELEASE_MYTOOLS/IA32/GrantleySocketPkg/Library/MemoryQpiInit/MemoryQpiInit/OUTPUT/Core/Mem/NVDIMM.obj
c:/1218_alibaba/Build/GRANTLEY/RELEASE_MYTOOLS/IA32/GrantleySocketPkg/Library/MemoryQpiInit/MemoryQpiInit/OUTPUT/Platform/Hooks/CommonHooks.obj
c:/1218_alibaba/Build/GRANTLEY/RELEASE_MYTOOLS/IA32/GrantleySocketPkg/Library/MemoryQpiInit/MemoryQpiInit/OUTPUT/Platform/Hooks/FastVideo.obj
c:/1218_alibaba/Build/GRANTLEY/RELEASE_MYTOOLS/IA32/GrantleySocketPkg/Library/MemoryQpiInit/MemoryQpiInit/OUTPUT/Platform/Hooks/MemHooks.obj
c:/1218_alibaba/Build/GRANTLEY/RELEASE_MYTOOLS/IA32/GrantleySocketPkg/Library/MemoryQpiInit/MemoryQpiInit/OUTPUT/Platform/Hooks/QpiHooks.obj
c:/1218_alibaba/Build/GRANTLEY/RELEASE_MYTOOLS/IA32/GrantleySocketPkg/Library/MemoryQpiInit/MemoryQpiInit/OUTPUT/Platform/Hooks/QpiPlatformEparam.obj
c:/1218_alibaba/Build/GRANTLEY/RELEASE_MYTOOLS/IA32/GrantleySocketPkg/Library/MemoryQpiInit/MemoryQpiInit/OUTPUT/Platform/Setup/CommonSetup.obj
c:/1218_alibaba/Build/GRANTLEY/RELEASE_MYTOOLS/IA32/GrantleySocketPkg/Library/MemoryQpiInit/MemoryQpiInit/OUTPUT/Platform/Setup/CpuSetup.obj
c:/1218_alibaba/Build/GRANTLEY/RELEASE_MYTOOLS/IA32/GrantleySocketPkg/Library/MemoryQpiInit/MemoryQpiInit/OUTPUT/Platform/Setup/MemSetup.obj
c:/1218_alibaba/Build/GRANTLEY/RELEASE_MYTOOLS/IA32/GrantleySocketPkg/Library/MemoryQpiInit/MemoryQpiInit/OUTPUT/Platform/Setup/QpiSetup.obj