c:/1218_alibaba/Build/GRANTLEY/RELEASE_MYTOOLS/X64/AmiCompatibilityPkg/Library/AmiDxeLib/OUTPUT/PeLoader.obj
c:/1218_alibaba/Build/GRANTLEY/RELEASE_MYTOOLS/X64/AmiCompatibilityPkg/Library/AmiDxeLib/OUTPUT/Debug.obj
c:/1218_alibaba/Build/GRANTLEY/RELEASE_MYTOOLS/X64/AmiCompatibilityPkg/Library/AmiDxeLib/OUTPUT/StdLibC.obj
c:/1218_alibaba/Build/GRANTLEY/RELEASE_MYTOOLS/X64/AmiCompatibilityPkg/Library/AmiDxeLib/OUTPUT/Misc.obj
c:/1218_alibaba/Build/GRANTLEY/RELEASE_MYTOOLS/X64/AmiCompatibilityPkg/Library/AmiDxeLib/OUTPUT/Io.obj
c:/1218_alibaba/Build/GRANTLEY/RELEASE_MYTOOLS/X64/AmiCompatibilityPkg/Library/AmiDxeLib/OUTPUT/LzmaDecode.obj
c:/1218_alibaba/Build/GRANTLEY/RELEASE_MYTOOLS/X64/AmiCompatibilityPkg/Library/AmiDxeLib/OUTPUT/LinkedList.obj
c:/1218_alibaba/Build/GRANTLEY/RELEASE_MYTOOLS/X64/AmiCompatibilityPkg/Library/AmiDxeLib/OUTPUT/EfiDbe.obj
c:/1218_alibaba/Build/GRANTLEY/RELEASE_MYTOOLS/X64/AmiCompatibilityPkg/Library/AmiDxeLib/OUTPUT/EfiLib.obj
c:/1218_alibaba/Build/GRANTLEY/RELEASE_MYTOOLS/X64/AmiCompatibilityPkg/Library/AmiDxeLib/OUTPUT/AcpiRes.obj
c:/1218_alibaba/Build/GRANTLEY/RELEASE_MYTOOLS/X64/AmiCompatibilityPkg/Library/AmiDxeLib/OUTPUT/Print.obj
c:/1218_alibaba/Build/GRANTLEY/RELEASE_MYTOOLS/X64/AmiCompatibilityPkg/Library/AmiDxeLib/OUTPUT/Tokens.obj
c:/1218_alibaba/Build/GRANTLEY/RELEASE_MYTOOLS/X64/AmiCompatibilityPkg/Library/AmiDxeLib/OUTPUT/HiiUtilities.obj
c:/1218_alibaba/Build/GRANTLEY/RELEASE_MYTOOLS/X64/AmiCompatibilityPkg/Library/AmiDxeLib/OUTPUT/Memory.obj
c:/1218_alibaba/Build/GRANTLEY/RELEASE_MYTOOLS/X64/AmiCompatibilityPkg/Library/AmiDxeLib/OUTPUT/x64/x64CLib.obj
c:/1218_alibaba/Build/GRANTLEY/RELEASE_MYTOOLS/X64/AmiCompatibilityPkg/Library/AmiDxeLib/OUTPUT/x64/x64AsmLib/checkpoint.obj
c:/1218_alibaba/Build/GRANTLEY/RELEASE_MYTOOLS/X64/AmiCompatibilityPkg/Library/AmiDxeLib/OUTPUT/x64/x64AsmLib/CpuLib_CpuId.obj
c:/1218_alibaba/Build/GRANTLEY/RELEASE_MYTOOLS/X64/AmiCompatibilityPkg/Library/AmiDxeLib/OUTPUT/x64/x64AsmLib/CpuLib_DisableInterrupt.obj
c:/1218_alibaba/Build/GRANTLEY/RELEASE_MYTOOLS/X64/AmiCompatibilityPkg/Library/AmiDxeLib/OUTPUT/x64/x64AsmLib/CpuLib_EnableInterrupt.obj
c:/1218_alibaba/Build/GRANTLEY/RELEASE_MYTOOLS/X64/AmiCompatibilityPkg/Library/AmiDxeLib/OUTPUT/x64/x64AsmLib/CpuLib_GetInterruptState.obj
c:/1218_alibaba/Build/GRANTLEY/RELEASE_MYTOOLS/X64/AmiCompatibilityPkg/Library/AmiDxeLib/OUTPUT/x64/x64AsmLib/CpuLib_GetPageTable.obj
c:/1218_alibaba/Build/GRANTLEY/RELEASE_MYTOOLS/X64/AmiCompatibilityPkg/Library/AmiDxeLib/OUTPUT/x64/x64AsmLib/CpuLib_LoadGdt.obj
c:/1218_alibaba/Build/GRANTLEY/RELEASE_MYTOOLS/X64/AmiCompatibilityPkg/Library/AmiDxeLib/OUTPUT/x64/x64AsmLib/CpuLib_LoadIdt.obj
c:/1218_alibaba/Build/GRANTLEY/RELEASE_MYTOOLS/X64/AmiCompatibilityPkg/Library/AmiDxeLib/OUTPUT/x64/x64AsmLib/CpuLib_LockByteDec.obj
c:/1218_alibaba/Build/GRANTLEY/RELEASE_MYTOOLS/X64/AmiCompatibilityPkg/Library/AmiDxeLib/OUTPUT/x64/x64AsmLib/CpuLib_LockByteInc.obj
c:/1218_alibaba/Build/GRANTLEY/RELEASE_MYTOOLS/X64/AmiCompatibilityPkg/Library/AmiDxeLib/OUTPUT/x64/x64AsmLib/CpuLib_Pause.obj
c:/1218_alibaba/Build/GRANTLEY/RELEASE_MYTOOLS/X64/AmiCompatibilityPkg/Library/AmiDxeLib/OUTPUT/x64/x64AsmLib/CpuLib_SaveGdt.obj
c:/1218_alibaba/Build/GRANTLEY/RELEASE_MYTOOLS/X64/AmiCompatibilityPkg/Library/AmiDxeLib/OUTPUT/x64/x64AsmLib/CpuLib_SaveIdt.obj
c:/1218_alibaba/Build/GRANTLEY/RELEASE_MYTOOLS/X64/AmiCompatibilityPkg/Library/AmiDxeLib/OUTPUT/x64/x64AsmLib/DisableCacheInCr0.obj
c:/1218_alibaba/Build/GRANTLEY/RELEASE_MYTOOLS/X64/AmiCompatibilityPkg/Library/AmiDxeLib/OUTPUT/x64/x64AsmLib/EnableCacheInCr0.obj
c:/1218_alibaba/Build/GRANTLEY/RELEASE_MYTOOLS/X64/AmiCompatibilityPkg/Library/AmiDxeLib/OUTPUT/x64/x64AsmLib/EnableMachineCheck.obj
c:/1218_alibaba/Build/GRANTLEY/RELEASE_MYTOOLS/X64/AmiCompatibilityPkg/Library/AmiDxeLib/OUTPUT/x64/x64AsmLib/GetCpuTimer.obj
c:/1218_alibaba/Build/GRANTLEY/RELEASE_MYTOOLS/X64/AmiCompatibilityPkg/Library/AmiDxeLib/OUTPUT/x64/x64AsmLib/GetCsSegment.obj
c:/1218_alibaba/Build/GRANTLEY/RELEASE_MYTOOLS/X64/AmiCompatibilityPkg/Library/AmiDxeLib/OUTPUT/x64/x64AsmLib/HltCpu.obj
c:/1218_alibaba/Build/GRANTLEY/RELEASE_MYTOOLS/X64/AmiCompatibilityPkg/Library/AmiDxeLib/OUTPUT/x64/x64AsmLib/MemCpy32.obj
c:/1218_alibaba/Build/GRANTLEY/RELEASE_MYTOOLS/X64/AmiCompatibilityPkg/Library/AmiDxeLib/OUTPUT/x64/x64AsmLib/MemCpy.obj
c:/1218_alibaba/Build/GRANTLEY/RELEASE_MYTOOLS/X64/AmiCompatibilityPkg/Library/AmiDxeLib/OUTPUT/x64/x64AsmLib/MemRead32.obj
c:/1218_alibaba/Build/GRANTLEY/RELEASE_MYTOOLS/X64/AmiCompatibilityPkg/Library/AmiDxeLib/OUTPUT/x64/x64AsmLib/MemReadWrite32.obj
c:/1218_alibaba/Build/GRANTLEY/RELEASE_MYTOOLS/X64/AmiCompatibilityPkg/Library/AmiDxeLib/OUTPUT/x64/x64AsmLib/MemSet.obj
c:/1218_alibaba/Build/GRANTLEY/RELEASE_MYTOOLS/X64/AmiCompatibilityPkg/Library/AmiDxeLib/OUTPUT/x64/x64AsmLib/ReadCr3.obj
c:/1218_alibaba/Build/GRANTLEY/RELEASE_MYTOOLS/X64/AmiCompatibilityPkg/Library/AmiDxeLib/OUTPUT/x64/x64AsmLib/ReadMsr.obj
c:/1218_alibaba/Build/GRANTLEY/RELEASE_MYTOOLS/X64/AmiCompatibilityPkg/Library/AmiDxeLib/OUTPUT/x64/x64AsmLib/ReadRtdsc.obj
c:/1218_alibaba/Build/GRANTLEY/RELEASE_MYTOOLS/X64/AmiCompatibilityPkg/Library/AmiDxeLib/OUTPUT/x64/x64AsmLib/WaitForever.obj
c:/1218_alibaba/Build/GRANTLEY/RELEASE_MYTOOLS/X64/AmiCompatibilityPkg/Library/AmiDxeLib/OUTPUT/x64/x64AsmLib/WaitForSemaphore.obj
c:/1218_alibaba/Build/GRANTLEY/RELEASE_MYTOOLS/X64/AmiCompatibilityPkg/Library/AmiDxeLib/OUTPUT/x64/x64AsmLib/WaitUntilZero32.obj
c:/1218_alibaba/Build/GRANTLEY/RELEASE_MYTOOLS/X64/AmiCompatibilityPkg/Library/AmiDxeLib/OUTPUT/x64/x64AsmLib/WaitUntilZero8.obj
c:/1218_alibaba/Build/GRANTLEY/RELEASE_MYTOOLS/X64/AmiCompatibilityPkg/Library/AmiDxeLib/OUTPUT/x64/x64AsmLib/WriteCr3.obj
c:/1218_alibaba/Build/GRANTLEY/RELEASE_MYTOOLS/X64/AmiCompatibilityPkg/Library/AmiDxeLib/OUTPUT/x64/x64AsmLib/WriteMsr.obj