c:/1218_alibaba/Build/GRANTLEY/RELEASE_MYTOOLS/IA32/MdePkg/Library/PeiHobLib/PeiHobLib/OUTPUT/PeiHobLib.lib
c:/1218_alibaba/Build/GRANTLEY/RELEASE_MYTOOLS/IA32/MdePkg/Library/PeiMemoryAllocationLib/PeiMemoryAllocationLib/OUTPUT/PeiMemoryAllocationLib.lib
c:/1218_alibaba/Build/GRANTLEY/RELEASE_MYTOOLS/IA32/MdePkg/Library/PeiPcdLib/PeiPcdLib/OUTPUT/PeiPcdLib.lib
c:/1218_alibaba/Build/GRANTLEY/RELEASE_MYTOOLS/IA32/MdePkg/Library/BaseMemoryLibRepStr/BaseMemoryLibRepStr/OUTPUT/BaseMemoryLibRepStr.lib
c:/1218_alibaba/Build/GRANTLEY/RELEASE_MYTOOLS/IA32/MdePkg/Library/PeiServicesTablePointerLibIdt/PeiServicesTablePointerLibIdt/OUTPUT/PeiServicesTablePointerLibIdt.lib
c:/1218_alibaba/Build/GRANTLEY/RELEASE_MYTOOLS/IA32/MdePkg/Library/BaseLib/BaseLib/OUTPUT/BaseLib.lib
c:/1218_alibaba/Build/GRANTLEY/RELEASE_MYTOOLS/IA32/MdePkg/Library/PeiServicesLib/PeiServicesLib/OUTPUT/PeiServicesLib.lib
c:/1218_alibaba/Build/GRANTLEY/RELEASE_MYTOOLS/IA32/AmiModulePkg/Library/PeiAmiDebugLib/PeiAmiDebugLib/OUTPUT/PeiAmiDebugLib.lib
c:/1218_alibaba/Build/GRANTLEY/RELEASE_MYTOOLS/IA32/MdePkg/Library/BaseIoLibIntrinsic/BaseIoLibIntrinsic/OUTPUT/BaseIoLibIntrinsic.lib
c:/1218_alibaba/Build/GRANTLEY/RELEASE_MYTOOLS/IA32/MdePkg/Library/BasePciExpressLib/BasePciExpressLib/OUTPUT/BasePciExpressLib.lib
c:/1218_alibaba/Build/GRANTLEY/RELEASE_MYTOOLS/IA32/MdePkg/Library/BasePciLibPciExpress/BasePciLibPciExpress/OUTPUT/BasePciLibPciExpress.lib
c:/1218_alibaba/Build/GRANTLEY/RELEASE_MYTOOLS/IA32/AmiModulePkg/TCG2/ShaLib/TcgHashIntrinsicLib/OUTPUT/TcgHashIntrinsicLib.lib
c:/1218_alibaba/Build/GRANTLEY/RELEASE_MYTOOLS/IA32/MdePkg/Library/BasePostCodeLibPort80/BasePostCodeLibPort80/OUTPUT/BasePostCodeLibPort80.lib
c:/1218_alibaba/Build/GRANTLEY/RELEASE_MYTOOLS/IA32/GrantleyPkg/Library/IntelIchAcpiTimerLib/IntelIchAcpiTimerLib/OUTPUT/IntelIchAcpiTimerLib.lib
c:/1218_alibaba/Build/GRANTLEY/RELEASE_MYTOOLS/IA32/AmiModulePkg/TCG2/ShaLib/ShaLib/OUTPUT/ShaLib.lib
c:/1218_alibaba/Build/GRANTLEY/RELEASE_MYTOOLS/IA32/AmiCompatibilityPkg/Library/AmiPeiLib/OUTPUT/AmiPeiLib.lib
c:/1218_alibaba/Build/GRANTLEY/RELEASE_MYTOOLS/IA32/AmiModulePkg/TCG2/TisLib/TisLib32/OUTPUT/TisLib32.lib
c:/1218_alibaba/Build/GRANTLEY/RELEASE_MYTOOLS/IA32/MdePkg/Library/PeimEntryPoint/PeimEntryPoint/OUTPUT/PeimEntryPoint.lib
c:/1218_alibaba/Build/GRANTLEY/RELEASE_MYTOOLS/IA32/AmiModulePkg/TCG2/Common/AmiTcgPlatformPei/AmiTcgLibPei/OUTPUT/AmiTcgLibPei.lib
c:/1218_alibaba/Build/GRANTLEY/RELEASE_MYTOOLS/IA32/AmiModulePkg/TCG2/Common/AmiTcmlib/AmiTcmlib/OUTPUT/AmiTcmlib.lib
c:/1218_alibaba/Build/GRANTLEY/RELEASE_MYTOOLS/IA32/AmiModulePkg/TCG2/Common/AmiTcgPlatformPei/AmiTcgPlatformPeiBeforeMem/OUTPUT/AmiTcgPlatformPeiBeforeMem.lib