c:/1218_alibaba/Build/GRANTLEY/RELEASE_MYTOOLS/X64/MdePkg/Library/UefiBootServicesTableLib/UefiBootServicesTableLib/OUTPUT/UefiBootServicesTableLib.lib
c:/1218_alibaba/Build/GRANTLEY/RELEASE_MYTOOLS/X64/MdePkg/Library/UefiRuntimeServicesTableLib/UefiRuntimeServicesTableLib/OUTPUT/UefiRuntimeServicesTableLib.lib
c:/1218_alibaba/Build/GRANTLEY/RELEASE_MYTOOLS/X64/MdePkg/Library/SmmServicesTableLib/SmmServicesTableLib/OUTPUT/SmmServicesTableLib.lib
c:/1218_alibaba/Build/GRANTLEY/RELEASE_MYTOOLS/X64/MdePkg/Library/BaseDebugPrintErrorLevelLib/BaseDebugPrintErrorLevelLib/OUTPUT/BaseDebugPrintErrorLevelLib.lib
c:/1218_alibaba/Build/GRANTLEY/RELEASE_MYTOOLS/X64/MdePkg/Library/DxePcdLib/DxePcdLib/OUTPUT/DxePcdLib.lib
c:/1218_alibaba/Build/GRANTLEY/RELEASE_MYTOOLS/X64/MdePkg/Library/BaseLib/BaseLib/OUTPUT/BaseLib.lib
c:/1218_alibaba/Build/GRANTLEY/RELEASE_MYTOOLS/X64/MdePkg/Library/BaseMemoryLibRepStr/BaseMemoryLibRepStr/OUTPUT/BaseMemoryLibRepStr.lib
c:/1218_alibaba/Build/GRANTLEY/RELEASE_MYTOOLS/X64/AmiModulePkg/Library/SmmAmiDebugLib/SmmAmiDebugLib/OUTPUT/SmmAmiDebugLib.lib
c:/1218_alibaba/Build/GRANTLEY/RELEASE_MYTOOLS/X64/MdePkg/Library/BaseIoLibIntrinsic/BaseIoLibIntrinsic/OUTPUT/BaseIoLibIntrinsic.lib
c:/1218_alibaba/Build/GRANTLEY/RELEASE_MYTOOLS/X64/MdePkg/Library/BasePciExpressLib/BasePciExpressLib/OUTPUT/BasePciExpressLib.lib
c:/1218_alibaba/Build/GRANTLEY/RELEASE_MYTOOLS/X64/MdePkg/Library/SmmMemoryAllocationLib/SmmMemoryAllocationLib/OUTPUT/SmmMemoryAllocationLib.lib
c:/1218_alibaba/Build/GRANTLEY/RELEASE_MYTOOLS/X64/MdePkg/Library/BasePrintLib/BasePrintLib/OUTPUT/BasePrintLib.lib
c:/1218_alibaba/Build/GRANTLEY/RELEASE_MYTOOLS/X64/MdePkg/Library/BasePciLibPciExpress/BasePciLibPciExpress/OUTPUT/BasePciLibPciExpress.lib
c:/1218_alibaba/Build/GRANTLEY/RELEASE_MYTOOLS/X64/MdePkg/Library/UefiDevicePathLib/UefiDevicePathLib/OUTPUT/UefiDevicePathLib.lib
c:/1218_alibaba/Build/GRANTLEY/RELEASE_MYTOOLS/X64/GrantleyPkg/Library/IntelIchAcpiTimerLib/IntelIchAcpiTimerLib/OUTPUT/IntelIchAcpiTimerLib.lib
c:/1218_alibaba/Build/GRANTLEY/RELEASE_MYTOOLS/X64/MdePkg/Library/UefiLib/UefiLib/OUTPUT/UefiLib.lib
c:/1218_alibaba/Build/GRANTLEY/RELEASE_MYTOOLS/X64/UefiCpuPkg/Library/BaseXApicX2ApicLib/BaseXApicX2ApicLib/OUTPUT/BaseXApicX2ApicLib.lib
c:/1218_alibaba/Build/GRANTLEY/RELEASE_MYTOOLS/X64/MdePkg/Library/BaseSynchronizationLib/BaseSynchronizationLib/OUTPUT/BaseSynchronizationLib.lib
c:/1218_alibaba/Build/GRANTLEY/RELEASE_MYTOOLS/X64/MdePkg/Library/UefiDriverEntryPoint/UefiDriverEntryPoint/OUTPUT/UefiDriverEntryPoint.lib
c:/1218_alibaba/Build/GRANTLEY/RELEASE_MYTOOLS/X64/GrantleyPkg/Ras/Library/emcaplatformhookslib/emcaplatformhookslib/OUTPUT/BPEmcaPlatformHooksLib.lib
c:/1218_alibaba/Build/GRANTLEY/RELEASE_MYTOOLS/X64/GrantleyPkg/Ras/RuntimeErrorlog/Board/Gpnv/RtErrorLogGpnvNullLib/OUTPUT/RtErrorLogGpnvNullLib.lib
c:/1218_alibaba/Build/GRANTLEY/RELEASE_MYTOOLS/X64/GrantleyPkg/Ras/RuntimeErrorlog/Board/Whea/RtErrorLogWhea/OUTPUT/RtErrorLogWhea.lib
c:/1218_alibaba/Build/GRANTLEY/RELEASE_MYTOOLS/X64/GrantleyPkg/Ras/RuntimeErrorlog/Board/Bmc/RtErrorLogBmc/OUTPUT/RtErrorLogBmcLib.lib
c:/1218_alibaba/Build/GRANTLEY/RELEASE_MYTOOLS/X64/GrantleyPkg/Ras/Library/emcalib/emcalib/OUTPUT/BPEmcaLib.lib
c:/1218_alibaba/Build/GRANTLEY/RELEASE_MYTOOLS/X64/WellsburgPkg/Library/PchResetSystemLib/ResetSystemLib/OUTPUT/ResetSystemLib.lib
c:/1218_alibaba/Build/GRANTLEY/RELEASE_MYTOOLS/X64/GrantleyPkg/Library/SerialPortLib/SerialPortLib/OUTPUT/SerialPortLib.lib
c:/1218_alibaba/Build/GRANTLEY/RELEASE_MYTOOLS/X64/ServerCommonPkg/Library/WheaErrorLib/WheaErrorLib/OUTPUT/WheaErrorLib.lib
c:/1218_alibaba/Build/GRANTLEY/RELEASE_MYTOOLS/X64/MdePkg/Library/DxeHobLib/DxeHobLib/OUTPUT/DxeHobLib.lib
c:/1218_alibaba/Build/GRANTLEY/RELEASE_MYTOOLS/X64/GrantleyPkg/Ras/RuntimeErrorlog/RtErrorLogBoard/OUTPUT/RtErrorLogBoardLib.lib
c:/1218_alibaba/Build/GRANTLEY/RELEASE_MYTOOLS/X64/GrantleyPkg/Ras/Smm/SmmErrorLog/SmmErrorLog/OUTPUT/SmmErrorLog.lib