c:/1218_alibaba/Build/GRANTLEY/RELEASE_MYTOOLS/X64/AmiTsePkg/EDK/MiniSetup/TseLite/TseLite/OUTPUT/Action.obj
c:/1218_alibaba/Build/GRANTLEY/RELEASE_MYTOOLS/X64/AmiTsePkg/EDK/MiniSetup/TseLite/TseLite/OUTPUT/application.obj
c:/1218_alibaba/Build/GRANTLEY/RELEASE_MYTOOLS/X64/AmiTsePkg/EDK/MiniSetup/TseLite/TseLite/OUTPUT/object.obj
c:/1218_alibaba/Build/GRANTLEY/RELEASE_MYTOOLS/X64/AmiTsePkg/EDK/MiniSetup/TseLite/TseLite/OUTPUT/page.obj
c:/1218_alibaba/Build/GRANTLEY/RELEASE_MYTOOLS/X64/AmiTsePkg/EDK/MiniSetup/TseLite/TseLite/OUTPUT/control.obj
c:/1218_alibaba/Build/GRANTLEY/RELEASE_MYTOOLS/X64/AmiTsePkg/EDK/MiniSetup/TseLite/TseLite/OUTPUT/callback.obj
c:/1218_alibaba/Build/GRANTLEY/RELEASE_MYTOOLS/X64/AmiTsePkg/EDK/MiniSetup/TseLite/TseLite/OUTPUT/frame.obj
c:/1218_alibaba/Build/GRANTLEY/RELEASE_MYTOOLS/X64/AmiTsePkg/EDK/MiniSetup/TseLite/TseLite/OUTPUT/hotkey.obj
c:/1218_alibaba/Build/GRANTLEY/RELEASE_MYTOOLS/X64/AmiTsePkg/EDK/MiniSetup/TseLite/TseLite/OUTPUT/SubMenu.obj
c:/1218_alibaba/Build/GRANTLEY/RELEASE_MYTOOLS/X64/AmiTsePkg/EDK/MiniSetup/TseLite/TseLite/OUTPUT/Text.obj
c:/1218_alibaba/Build/GRANTLEY/RELEASE_MYTOOLS/X64/AmiTsePkg/EDK/MiniSetup/TseLite/TseLite/OUTPUT/Menu.obj
c:/1218_alibaba/Build/GRANTLEY/RELEASE_MYTOOLS/X64/AmiTsePkg/EDK/MiniSetup/TseLite/TseLite/OUTPUT/MessageBox.obj
c:/1218_alibaba/Build/GRANTLEY/RELEASE_MYTOOLS/X64/AmiTsePkg/EDK/MiniSetup/TseLite/TseLite/OUTPUT/memo.obj
c:/1218_alibaba/Build/GRANTLEY/RELEASE_MYTOOLS/X64/AmiTsePkg/EDK/MiniSetup/TseLite/TseLite/OUTPUT/popup.obj
c:/1218_alibaba/Build/GRANTLEY/RELEASE_MYTOOLS/X64/AmiTsePkg/EDK/MiniSetup/TseLite/TseLite/OUTPUT/Label.obj
c:/1218_alibaba/Build/GRANTLEY/RELEASE_MYTOOLS/X64/AmiTsePkg/EDK/MiniSetup/TseLite/TseLite/OUTPUT/numeric.obj
c:/1218_alibaba/Build/GRANTLEY/RELEASE_MYTOOLS/X64/AmiTsePkg/EDK/MiniSetup/TseLite/TseLite/OUTPUT/time.obj
c:/1218_alibaba/Build/GRANTLEY/RELEASE_MYTOOLS/X64/AmiTsePkg/EDK/MiniSetup/TseLite/TseLite/OUTPUT/Date.obj
c:/1218_alibaba/Build/GRANTLEY/RELEASE_MYTOOLS/X64/AmiTsePkg/EDK/MiniSetup/TseLite/TseLite/OUTPUT/edit.obj
c:/1218_alibaba/Build/GRANTLEY/RELEASE_MYTOOLS/X64/AmiTsePkg/EDK/MiniSetup/TseLite/TseLite/OUTPUT/ListBox.obj
c:/1218_alibaba/Build/GRANTLEY/RELEASE_MYTOOLS/X64/AmiTsePkg/EDK/MiniSetup/TseLite/TseLite/OUTPUT/PopupPassword.obj
c:/1218_alibaba/Build/GRANTLEY/RELEASE_MYTOOLS/X64/AmiTsePkg/EDK/MiniSetup/TseLite/TseLite/OUTPUT/PopupSel.obj
c:/1218_alibaba/Build/GRANTLEY/RELEASE_MYTOOLS/X64/AmiTsePkg/EDK/MiniSetup/TseLite/TseLite/OUTPUT/PopupString.obj
c:/1218_alibaba/Build/GRANTLEY/RELEASE_MYTOOLS/X64/AmiTsePkg/EDK/MiniSetup/TseLite/TseLite/OUTPUT/PopupEdit.obj
c:/1218_alibaba/Build/GRANTLEY/RELEASE_MYTOOLS/X64/AmiTsePkg/EDK/MiniSetup/TseLite/TseLite/OUTPUT/ordlistbox.obj
c:/1218_alibaba/Build/GRANTLEY/RELEASE_MYTOOLS/X64/AmiTsePkg/EDK/MiniSetup/TseLite/TseLite/OUTPUT/minisetupext.obj
c:/1218_alibaba/Build/GRANTLEY/RELEASE_MYTOOLS/X64/AmiTsePkg/EDK/MiniSetup/TseLite/TseLite/OUTPUT/variable.obj
c:/1218_alibaba/Build/GRANTLEY/RELEASE_MYTOOLS/X64/AmiTsePkg/EDK/MiniSetup/TseLite/TseLite/OUTPUT/AddBootOption.obj
c:/1218_alibaba/Build/GRANTLEY/RELEASE_MYTOOLS/X64/AmiTsePkg/EDK/MiniSetup/TseLite/TseLite/OUTPUT/tselitecommon.obj
c:/1218_alibaba/Build/GRANTLEY/RELEASE_MYTOOLS/X64/AmiTsePkg/EDK/MiniSetup/TseLite/TseLite/OUTPUT/UefiAction.obj
c:/1218_alibaba/Build/GRANTLEY/RELEASE_MYTOOLS/X64/AmiTsePkg/EDK/MiniSetup/TseLite/TseLite/OUTPUT/ResetButton.obj
c:/1218_alibaba/Build/GRANTLEY/RELEASE_MYTOOLS/X64/AmiTsePkg/EDK/MiniSetup/TseLite/TseLite/OUTPUT/hotclick.obj