c:/1218_alibaba/Build/GRANTLEY/RELEASE_MYTOOLS/X64/MdePkg/Library/UefiBootServicesTableLib/UefiBootServicesTableLib/OUTPUT/UefiBootServicesTableLib.lib
c:/1218_alibaba/Build/GRANTLEY/RELEASE_MYTOOLS/X64/MdePkg/Library/UefiRuntimeServicesTableLib/UefiRuntimeServicesTableLib/OUTPUT/UefiRuntimeServicesTableLib.lib
c:/1218_alibaba/Build/GRANTLEY/RELEASE_MYTOOLS/X64/MdePkg/Library/BaseMemoryLibRepStr/BaseMemoryLibRepStr/OUTPUT/BaseMemoryLibRepStr.lib
c:/1218_alibaba/Build/GRANTLEY/RELEASE_MYTOOLS/X64/MdePkg/Library/BaseLib/BaseLib/OUTPUT/BaseLib.lib
c:/1218_alibaba/Build/GRANTLEY/RELEASE_MYTOOLS/X64/MdePkg/Library/DxePcdLib/DxePcdLib/OUTPUT/DxePcdLib.lib
c:/1218_alibaba/Build/GRANTLEY/RELEASE_MYTOOLS/X64/AmiModulePkg/Library/DxeAmiDebugLib/DxeAmiDebugLib/OUTPUT/DxeAmiDebugLib.lib
c:/1218_alibaba/Build/GRANTLEY/RELEASE_MYTOOLS/X64/MdePkg/Library/BaseIoLibIntrinsic/BaseIoLibIntrinsic/OUTPUT/BaseIoLibIntrinsic.lib
c:/1218_alibaba/Build/GRANTLEY/RELEASE_MYTOOLS/X64/MdePkg/Library/UefiMemoryAllocationLib/UefiMemoryAllocationLib/OUTPUT/UefiMemoryAllocationLib.lib
c:/1218_alibaba/Build/GRANTLEY/RELEASE_MYTOOLS/X64/MdePkg/Library/BasePrintLib/BasePrintLib/OUTPUT/BasePrintLib.lib
c:/1218_alibaba/Build/GRANTLEY/RELEASE_MYTOOLS/X64/MdePkg/Library/BasePciExpressLib/BasePciExpressLib/OUTPUT/BasePciExpressLib.lib
c:/1218_alibaba/Build/GRANTLEY/RELEASE_MYTOOLS/X64/MdePkg/Library/UefiDevicePathLib/UefiDevicePathLib/OUTPUT/UefiDevicePathLib.lib
c:/1218_alibaba/Build/GRANTLEY/RELEASE_MYTOOLS/X64/MdePkg/Library/BasePciLibPciExpress/BasePciLibPciExpress/OUTPUT/BasePciLibPciExpress.lib
c:/1218_alibaba/Build/GRANTLEY/RELEASE_MYTOOLS/X64/MdePkg/Library/UefiLib/UefiLib/OUTPUT/UefiLib.lib
c:/1218_alibaba/Build/GRANTLEY/RELEASE_MYTOOLS/X64/WellsburgPkg/Library/PchPlatformLib/PchPlatformLib/OUTPUT/PchPlatformLib.lib
c:/1218_alibaba/Build/GRANTLEY/RELEASE_MYTOOLS/X64/GrantleyPkg/Library/PlatformHooksLib/PlatformHooksLib/OUTPUT/PlatformHooksLib.lib
c:/1218_alibaba/Build/GRANTLEY/RELEASE_MYTOOLS/X64/GrantleyPkg/Me/Heci/Library/MeChipsetLib/MeChipsetLib/OUTPUT/MeChipsetLib.lib
c:/1218_alibaba/Build/GRANTLEY/RELEASE_MYTOOLS/X64/GrantleyPkg/Me/Heci/Library/MeTypeLib/MeTypeLib/OUTPUT/MeTypeLib.lib
c:/1218_alibaba/Build/GRANTLEY/RELEASE_MYTOOLS/X64/MdeModulePkg/Library/DxePerformanceLib/DxePerformanceLib/OUTPUT/DxePerformanceLib.lib
c:/1218_alibaba/Build/GRANTLEY/RELEASE_MYTOOLS/X64/AmiModulePkg/Library/S3BootScriptLibS3SaveStateProtocol/DxeS3BootScriptLibS3SaveStateProtocol/OUTPUT/DxeS3BootScriptLibS3SaveStateProtocol.lib
c:/1218_alibaba/Build/GRANTLEY/RELEASE_MYTOOLS/X64/GrantleyPkg/Library/IntelIchAcpiTimerLib/IntelIchAcpiTimerLib/OUTPUT/IntelIchAcpiTimerLib.lib
c:/1218_alibaba/Build/GRANTLEY/RELEASE_MYTOOLS/X64/MdePkg/Library/UefiDriverEntryPoint/UefiDriverEntryPoint/OUTPUT/UefiDriverEntryPoint.lib
c:/1218_alibaba/Build/GRANTLEY/RELEASE_MYTOOLS/X64/MdePkg/Library/DxeServicesTableLib/DxeServicesTableLib/OUTPUT/DxeServicesTableLib.lib
c:/1218_alibaba/Build/GRANTLEY/RELEASE_MYTOOLS/X64/GrantleyPkg/Me/AMT/Library/MeKernel/Dxe/MeLib/OUTPUT/MeLib.lib
c:/1218_alibaba/Build/GRANTLEY/RELEASE_MYTOOLS/X64/WellsburgPkg/Library/RcFviDxeLib/RcFviDxeLib/OUTPUT/RcFviLib.lib
c:/1218_alibaba/Build/GRANTLEY/RELEASE_MYTOOLS/X64/MdePkg/Library/BaseS3IoLib/BaseS3IoLib/OUTPUT/BaseS3IoLib.lib
c:/1218_alibaba/Build/GRANTLEY/RELEASE_MYTOOLS/X64/GrantleyPkg/Me/Heci/Library/MeTypeLib/MeTypeSetLib/OUTPUT/MeTypeSetLib.lib
c:/1218_alibaba/Build/GRANTLEY/RELEASE_MYTOOLS/X64/GrantleyPkg/Me/Heci/Library/HeciCoreLib/HeciCoreLib/OUTPUT/HeciCoreLib.lib
c:/1218_alibaba/Build/GRANTLEY/RELEASE_MYTOOLS/X64/GrantleyPkg/Me/Heci/Dxe/HeciInitDxe/OUTPUT/HeciInitDxe.lib