c:/1218_alibaba/Build/GRANTLEY/RELEASE_MYTOOLS/X64/MdePkg/Library/UefiBootServicesTableLib/UefiBootServicesTableLib/OUTPUT/UefiBootServicesTableLib.lib
c:/1218_alibaba/Build/GRANTLEY/RELEASE_MYTOOLS/X64/MdePkg/Library/UefiRuntimeServicesTableLib/UefiRuntimeServicesTableLib/OUTPUT/UefiRuntimeServicesTableLib.lib
c:/1218_alibaba/Build/GRANTLEY/RELEASE_MYTOOLS/X64/MdePkg/Library/DxePcdLib/DxePcdLib/OUTPUT/DxePcdLib.lib
c:/1218_alibaba/Build/GRANTLEY/RELEASE_MYTOOLS/X64/MdePkg/Library/BaseLib/BaseLib/OUTPUT/BaseLib.lib
c:/1218_alibaba/Build/GRANTLEY/RELEASE_MYTOOLS/X64/MdePkg/Library/BaseMemoryLibRepStr/BaseMemoryLibRepStr/OUTPUT/BaseMemoryLibRepStr.lib
c:/1218_alibaba/Build/GRANTLEY/RELEASE_MYTOOLS/X64/MdePkg/Library/BaseDebugPrintErrorLevelLib/BaseDebugPrintErrorLevelLib/OUTPUT/BaseDebugPrintErrorLevelLib.lib
c:/1218_alibaba/Build/GRANTLEY/RELEASE_MYTOOLS/X64/AmiModulePkg/Library/RuntimeAmiDebugLib/RuntimeAmiDebugLib/OUTPUT/RuntimeAmiDebugLib.lib
c:/1218_alibaba/Build/GRANTLEY/RELEASE_MYTOOLS/X64/MdePkg/Library/BasePrintLib/BasePrintLib/OUTPUT/BasePrintLib.lib
c:/1218_alibaba/Build/GRANTLEY/RELEASE_MYTOOLS/X64/MdePkg/Library/UefiMemoryAllocationLib/UefiMemoryAllocationLib/OUTPUT/UefiMemoryAllocationLib.lib
c:/1218_alibaba/Build/GRANTLEY/RELEASE_MYTOOLS/X64/MdePkg/Library/UefiDevicePathLib/UefiDevicePathLib/OUTPUT/UefiDevicePathLib.lib
c:/1218_alibaba/Build/GRANTLEY/RELEASE_MYTOOLS/X64/MdePkg/Library/UefiLib/UefiLib/OUTPUT/UefiLib.lib
c:/1218_alibaba/Build/GRANTLEY/RELEASE_MYTOOLS/X64/MdePkg/Library/DxeServicesTableLib/DxeServicesTableLib/OUTPUT/DxeServicesTableLib.lib
c:/1218_alibaba/Build/GRANTLEY/RELEASE_MYTOOLS/X64/MdePkg/Library/BaseIoLibIntrinsic/BaseIoLibIntrinsic/OUTPUT/BaseIoLibIntrinsic.lib
c:/1218_alibaba/Build/GRANTLEY/RELEASE_MYTOOLS/X64/MdePkg/Library/UefiRuntimeLib/UefiRuntimeLib/OUTPUT/UefiRuntimeLib.lib
c:/1218_alibaba/Build/GRANTLEY/RELEASE_MYTOOLS/X64/MdePkg/Library/DxeRuntimePciExpressLib/DxeRuntimePciExpressLib/OUTPUT/DxeRuntimePciExpressLib.lib
c:/1218_alibaba/Build/GRANTLEY/RELEASE_MYTOOLS/X64/MdePkg/Library/BasePciLibPciExpress/BasePciLibPciExpress/OUTPUT/BasePciLibPciExpress.lib
c:/1218_alibaba/Build/GRANTLEY/RELEASE_MYTOOLS/X64/MdePkg/Library/UefiDriverEntryPoint/UefiDriverEntryPoint/OUTPUT/UefiDriverEntryPoint.lib
c:/1218_alibaba/Build/GRANTLEY/RELEASE_MYTOOLS/X64/GrantleyPkg/Library/IntelIchAcpiTimerLib/IntelIchAcpiTimerLib/OUTPUT/IntelIchAcpiTimerLib.lib
c:/1218_alibaba/Build/GRANTLEY/RELEASE_MYTOOLS/X64/MdeModulePkg/Library/RuntimeDxeReportStatusCodeLib/RuntimeDxeReportStatusCodeLib/OUTPUT/RuntimeDxeReportStatusCodeLib.lib
c:/1218_alibaba/Build/GRANTLEY/RELEASE_MYTOOLS/X64/PcAtChipsetPkg/PcatRealTimeClockRuntimeDxe/PcatRealTimeClockRuntimeDxe/OUTPUT/PcRtc.lib