c:/1218_alibaba/Build/GRANTLEY/RELEASE_MYTOOLS/IA32/CryptoPkg/Library/BaseCryptLib/CrtWrapperLib/OUTPUT/BaseCrtWrapperLib.lib
c:/1218_alibaba/Build/GRANTLEY/RELEASE_MYTOOLS/IA32/CryptoPkg/Library/IntrinsicLib/IntrinsicLib/OUTPUT/BaseIntrinsicLib.lib
c:/1218_alibaba/Build/GRANTLEY/RELEASE_MYTOOLS/IA32/Build/OpensslLib/OUTPUT/OpensslLib.lib
c:/1218_alibaba/Build/GRANTLEY/RELEASE_MYTOOLS/IA32/WellsburgPkg/Library/PchPlatformLib/PchPlatformLib/OUTPUT/PchPlatformLib.lib
c:/1218_alibaba/Build/GRANTLEY/RELEASE_MYTOOLS/IA32/CryptoPkg/Library/BaseCryptLib/PeiCryptLib/OUTPUT/PeiCryptLib.lib
c:/1218_alibaba/Build/GRANTLEY/RELEASE_MYTOOLS/IA32/GrantleyPkg/Library/PfatInitLib/PfatInit/OUTPUT/PfatInitLib.lib
c:/1218_alibaba/Build/GRANTLEY/RELEASE_MYTOOLS/IA32/GrantleyPkg/Me/Heci/Library/MeTypeLib/MeTypeLib/OUTPUT/MeTypeLib.lib
c:/1218_alibaba/Build/GRANTLEY/RELEASE_MYTOOLS/IA32/GrantleyPkg/Library/PlatformHooksLib/PlatformHooksLib/OUTPUT/PlatformHooksLib.lib
c:/1218_alibaba/Build/GRANTLEY/RELEASE_MYTOOLS/IA32/GrantleySocketPkg/Library/AmiMrcIntrinsicLib/AmiMrcIntrinsicLib/OUTPUT/AmiMrcIntrinsicLib.lib
c:/1218_alibaba/Build/GRANTLEY/RELEASE_MYTOOLS/IA32/GrantleySocketPkg/Library/IioEarlyInitialize/IioEarlyInitialize/OUTPUT/IioEarlyInitLib.lib
c:/1218_alibaba/Build/GRANTLEY/RELEASE_MYTOOLS/IA32/GrantleyPkg/Library/IioInitHooksLib/OemIioInitHooks/OUTPUT/IioInitHooksLib.lib
c:/1218_alibaba/Build/GRANTLEY/RELEASE_MYTOOLS/IA32/GrantleyPkg/Library/OemMemoryQpiInitLib/OemMemoryQpiInitLib/OUTPUT/OemMemoryQpiInitLib.lib
c:/1218_alibaba/Build/GRANTLEY/RELEASE_MYTOOLS/IA32/MdePkg/Library/BasePciLibPciExpress/BasePciLibPciExpress/OUTPUT/BasePciLibPciExpress.lib
c:/1218_alibaba/Build/GRANTLEY/RELEASE_MYTOOLS/IA32/MdeModulePkg/Library/OemHookStatusCodeLibNull/OemHookStatusCodeLibNull/OUTPUT/OemHookStatusCodeLibNull.lib
c:/1218_alibaba/Build/GRANTLEY/RELEASE_MYTOOLS/IA32/MdePkg/Library/BaseDebugPrintErrorLevelLib/BaseDebugPrintErrorLevelLib/OUTPUT/BaseDebugPrintErrorLevelLib.lib
c:/1218_alibaba/Build/GRANTLEY/RELEASE_MYTOOLS/IA32/MdeModulePkg/Library/PeiReportStatusCodeLib/PeiReportStatusCodeLib/OUTPUT/PeiReportStatusCodeLib.lib
c:/1218_alibaba/Build/GRANTLEY/RELEASE_MYTOOLS/IA32/MdePkg/Library/PeiHobLib/PeiHobLib/OUTPUT/PeiHobLib.lib
c:/1218_alibaba/Build/GRANTLEY/RELEASE_MYTOOLS/IA32/MdePkg/Library/PeiMemoryAllocationLib/PeiMemoryAllocationLib/OUTPUT/PeiMemoryAllocationLib.lib
c:/1218_alibaba/Build/GRANTLEY/RELEASE_MYTOOLS/IA32/MdePkg/Library/PeiServicesTablePointerLibIdt/PeiServicesTablePointerLibIdt/OUTPUT/PeiServicesTablePointerLibIdt.lib
c:/1218_alibaba/Build/GRANTLEY/RELEASE_MYTOOLS/IA32/MdePkg/Library/PeiServicesLib/PeiServicesLib/OUTPUT/PeiServicesLib.lib
c:/1218_alibaba/Build/GRANTLEY/RELEASE_MYTOOLS/IA32/MdePkg/Library/BaseMemoryLibRepStr/BaseMemoryLibRepStr/OUTPUT/BaseMemoryLibRepStr.lib
c:/1218_alibaba/Build/GRANTLEY/RELEASE_MYTOOLS/IA32/MdePkg/Library/PeiPcdLib/PeiPcdLib/OUTPUT/PeiPcdLib.lib
c:/1218_alibaba/Build/GRANTLEY/RELEASE_MYTOOLS/IA32/MdePkg/Library/BaseLib/BaseLib/OUTPUT/BaseLib.lib
c:/1218_alibaba/Build/GRANTLEY/RELEASE_MYTOOLS/IA32/IntelFrameworkModulePkg/Library/PeiDxeDebugLibReportStatusCode/PeiDxeDebugLibReportStatusCode/OUTPUT/PeiDxeDebugLibReportStatusCode.lib
c:/1218_alibaba/Build/GRANTLEY/RELEASE_MYTOOLS/IA32/MdePkg/Library/BaseIoLibIntrinsic/BaseIoLibIntrinsic/OUTPUT/BaseIoLibIntrinsic.lib
c:/1218_alibaba/Build/GRANTLEY/RELEASE_MYTOOLS/IA32/GrantleySocketPkg/Library/MemoryQpiInit/MemoryQpiInit/OUTPUT/MemoryQpiInit.lib
c:/1218_alibaba/Build/GRANTLEY/RELEASE_MYTOOLS/IA32/MdePkg/Library/PeimEntryPoint/PeimEntryPoint/OUTPUT/PeimEntryPoint.lib
c:/1218_alibaba/Build/GRANTLEY/RELEASE_MYTOOLS/IA32/MdePkg/Library/BasePciExpressLib/BasePciExpressLib/OUTPUT/BasePciExpressLib.lib
c:/1218_alibaba/Build/GRANTLEY/RELEASE_MYTOOLS/IA32/GrantleyPkg/Library/IntelIchAcpiTimerLib/IntelIchAcpiTimerLib/OUTPUT/IntelIchAcpiTimerLib.lib
c:/1218_alibaba/Build/GRANTLEY/RELEASE_MYTOOLS/IA32/GrantleySocketPkg/Pei/UncoreInit/UncoreInit/OUTPUT/UncoreInitPeim.lib