c:/1218_alibaba/Build/GRANTLEY/RELEASE_MYTOOLS/IA32/Build/OpensslLib/OUTPUT/CryptoPkg/Library/OpensslLib/openssl-1.0.2f/crypto/cryptlib.obj
c:/1218_alibaba/Build/GRANTLEY/RELEASE_MYTOOLS/IA32/Build/OpensslLib/OUTPUT/CryptoPkg/Library/OpensslLib/openssl-1.0.2f/crypto/mem.obj
c:/1218_alibaba/Build/GRANTLEY/RELEASE_MYTOOLS/IA32/Build/OpensslLib/OUTPUT/CryptoPkg/Library/OpensslLib/openssl-1.0.2f/crypto/mem_clr.obj
c:/1218_alibaba/Build/GRANTLEY/RELEASE_MYTOOLS/IA32/Build/OpensslLib/OUTPUT/CryptoPkg/Library/OpensslLib/openssl-1.0.2f/crypto/mem_dbg.obj
c:/1218_alibaba/Build/GRANTLEY/RELEASE_MYTOOLS/IA32/Build/OpensslLib/OUTPUT/CryptoPkg/Library/OpensslLib/openssl-1.0.2f/crypto/cversion.obj
c:/1218_alibaba/Build/GRANTLEY/RELEASE_MYTOOLS/IA32/Build/OpensslLib/OUTPUT/CryptoPkg/Library/OpensslLib/openssl-1.0.2f/crypto/ex_data.obj
c:/1218_alibaba/Build/GRANTLEY/RELEASE_MYTOOLS/IA32/Build/OpensslLib/OUTPUT/CryptoPkg/Library/OpensslLib/openssl-1.0.2f/crypto/cpt_err.obj
c:/1218_alibaba/Build/GRANTLEY/RELEASE_MYTOOLS/IA32/Build/OpensslLib/OUTPUT/CryptoPkg/Library/OpensslLib/openssl-1.0.2f/crypto/ebcdic.obj
c:/1218_alibaba/Build/GRANTLEY/RELEASE_MYTOOLS/IA32/Build/OpensslLib/OUTPUT/CryptoPkg/Library/OpensslLib/openssl-1.0.2f/crypto/uid.obj
c:/1218_alibaba/Build/GRANTLEY/RELEASE_MYTOOLS/IA32/Build/OpensslLib/OUTPUT/CryptoPkg/Library/OpensslLib/openssl-1.0.2f/crypto/o_time.obj
c:/1218_alibaba/Build/GRANTLEY/RELEASE_MYTOOLS/IA32/Build/OpensslLib/OUTPUT/CryptoPkg/Library/OpensslLib/openssl-1.0.2f/crypto/o_str.obj
c:/1218_alibaba/Build/GRANTLEY/RELEASE_MYTOOLS/IA32/Build/OpensslLib/OUTPUT/CryptoPkg/Library/OpensslLib/openssl-1.0.2f/crypto/o_dir.obj
c:/1218_alibaba/Build/GRANTLEY/RELEASE_MYTOOLS/IA32/Build/OpensslLib/OUTPUT/CryptoPkg/Library/OpensslLib/openssl-1.0.2f/crypto/o_fips.obj
c:/1218_alibaba/Build/GRANTLEY/RELEASE_MYTOOLS/IA32/Build/OpensslLib/OUTPUT/CryptoPkg/Library/OpensslLib/openssl-1.0.2f/crypto/o_init.obj
c:/1218_alibaba/Build/GRANTLEY/RELEASE_MYTOOLS/IA32/Build/OpensslLib/OUTPUT/CryptoPkg/Library/OpensslLib/openssl-1.0.2f/crypto/fips_ers.obj
c:/1218_alibaba/Build/GRANTLEY/RELEASE_MYTOOLS/IA32/Build/OpensslLib/OUTPUT/CryptoPkg/Library/OpensslLib/openssl-1.0.2f/crypto/objects/o_names.obj
c:/1218_alibaba/Build/GRANTLEY/RELEASE_MYTOOLS/IA32/Build/OpensslLib/OUTPUT/CryptoPkg/Library/OpensslLib/openssl-1.0.2f/crypto/objects/obj_dat.obj
c:/1218_alibaba/Build/GRANTLEY/RELEASE_MYTOOLS/IA32/Build/OpensslLib/OUTPUT/CryptoPkg/Library/OpensslLib/openssl-1.0.2f/crypto/objects/obj_lib.obj
c:/1218_alibaba/Build/GRANTLEY/RELEASE_MYTOOLS/IA32/Build/OpensslLib/OUTPUT/CryptoPkg/Library/OpensslLib/openssl-1.0.2f/crypto/objects/obj_err.obj
c:/1218_alibaba/Build/GRANTLEY/RELEASE_MYTOOLS/IA32/Build/OpensslLib/OUTPUT/CryptoPkg/Library/OpensslLib/openssl-1.0.2f/crypto/objects/obj_xref.obj
c:/1218_alibaba/Build/GRANTLEY/RELEASE_MYTOOLS/IA32/Build/OpensslLib/OUTPUT/CryptoPkg/Library/OpensslLib/openssl-1.0.2f/crypto/md4/md4_dgst.obj
c:/1218_alibaba/Build/GRANTLEY/RELEASE_MYTOOLS/IA32/Build/OpensslLib/OUTPUT/CryptoPkg/Library/OpensslLib/openssl-1.0.2f/crypto/md4/md4_one.obj
c:/1218_alibaba/Build/GRANTLEY/RELEASE_MYTOOLS/IA32/Build/OpensslLib/OUTPUT/CryptoPkg/Library/OpensslLib/openssl-1.0.2f/crypto/md5/md5_dgst.obj
c:/1218_alibaba/Build/GRANTLEY/RELEASE_MYTOOLS/IA32/Build/OpensslLib/OUTPUT/CryptoPkg/Library/OpensslLib/openssl-1.0.2f/crypto/md5/md5_one.obj
c:/1218_alibaba/Build/GRANTLEY/RELEASE_MYTOOLS/IA32/Build/OpensslLib/OUTPUT/CryptoPkg/Library/OpensslLib/openssl-1.0.2f/crypto/sha/sha_dgst.obj
c:/1218_alibaba/Build/GRANTLEY/RELEASE_MYTOOLS/IA32/Build/OpensslLib/OUTPUT/CryptoPkg/Library/OpensslLib/openssl-1.0.2f/crypto/sha/sha1dgst.obj
c:/1218_alibaba/Build/GRANTLEY/RELEASE_MYTOOLS/IA32/Build/OpensslLib/OUTPUT/CryptoPkg/Library/OpensslLib/openssl-1.0.2f/crypto/sha/sha_one.obj
c:/1218_alibaba/Build/GRANTLEY/RELEASE_MYTOOLS/IA32/Build/OpensslLib/OUTPUT/CryptoPkg/Library/OpensslLib/openssl-1.0.2f/crypto/sha/sha1_one.obj
c:/1218_alibaba/Build/GRANTLEY/RELEASE_MYTOOLS/IA32/Build/OpensslLib/OUTPUT/CryptoPkg/Library/OpensslLib/openssl-1.0.2f/crypto/sha/sha256.obj
c:/1218_alibaba/Build/GRANTLEY/RELEASE_MYTOOLS/IA32/Build/OpensslLib/OUTPUT/CryptoPkg/Library/OpensslLib/openssl-1.0.2f/crypto/sha/sha512.obj
c:/1218_alibaba/Build/GRANTLEY/RELEASE_MYTOOLS/IA32/Build/OpensslLib/OUTPUT/CryptoPkg/Library/OpensslLib/openssl-1.0.2f/crypto/hmac/hmac.obj
c:/1218_alibaba/Build/GRANTLEY/RELEASE_MYTOOLS/IA32/Build/OpensslLib/OUTPUT/CryptoPkg/Library/OpensslLib/openssl-1.0.2f/crypto/hmac/hm_ameth.obj
c:/1218_alibaba/Build/GRANTLEY/RELEASE_MYTOOLS/IA32/Build/OpensslLib/OUTPUT/CryptoPkg/Library/OpensslLib/openssl-1.0.2f/crypto/hmac/hm_pmeth.obj
c:/1218_alibaba/Build/GRANTLEY/RELEASE_MYTOOLS/IA32/Build/OpensslLib/OUTPUT/CryptoPkg/Library/OpensslLib/openssl-1.0.2f/crypto/des/cbc_cksm.obj
c:/1218_alibaba/Build/GRANTLEY/RELEASE_MYTOOLS/IA32/Build/OpensslLib/OUTPUT/CryptoPkg/Library/OpensslLib/openssl-1.0.2f/crypto/des/cbc_enc.obj
c:/1218_alibaba/Build/GRANTLEY/RELEASE_MYTOOLS/IA32/Build/OpensslLib/OUTPUT/CryptoPkg/Library/OpensslLib/openssl-1.0.2f/crypto/des/cfb64enc.obj
c:/1218_alibaba/Build/GRANTLEY/RELEASE_MYTOOLS/IA32/Build/OpensslLib/OUTPUT/CryptoPkg/Library/OpensslLib/openssl-1.0.2f/crypto/des/cfb_enc.obj
c:/1218_alibaba/Build/GRANTLEY/RELEASE_MYTOOLS/IA32/Build/OpensslLib/OUTPUT/CryptoPkg/Library/OpensslLib/openssl-1.0.2f/crypto/des/ecb3_enc.obj
c:/1218_alibaba/Build/GRANTLEY/RELEASE_MYTOOLS/IA32/Build/OpensslLib/OUTPUT/CryptoPkg/Library/OpensslLib/openssl-1.0.2f/crypto/des/ecb_enc.obj
c:/1218_alibaba/Build/GRANTLEY/RELEASE_MYTOOLS/IA32/Build/OpensslLib/OUTPUT/CryptoPkg/Library/OpensslLib/openssl-1.0.2f/crypto/des/enc_read.obj
c:/1218_alibaba/Build/GRANTLEY/RELEASE_MYTOOLS/IA32/Build/OpensslLib/OUTPUT/CryptoPkg/Library/OpensslLib/openssl-1.0.2f/crypto/des/enc_writ.obj
c:/1218_alibaba/Build/GRANTLEY/RELEASE_MYTOOLS/IA32/Build/OpensslLib/OUTPUT/CryptoPkg/Library/OpensslLib/openssl-1.0.2f/crypto/des/fcrypt.obj
c:/1218_alibaba/Build/GRANTLEY/RELEASE_MYTOOLS/IA32/Build/OpensslLib/OUTPUT/CryptoPkg/Library/OpensslLib/openssl-1.0.2f/crypto/des/ofb64enc.obj
c:/1218_alibaba/Build/GRANTLEY/RELEASE_MYTOOLS/IA32/Build/OpensslLib/OUTPUT/CryptoPkg/Library/OpensslLib/openssl-1.0.2f/crypto/des/ofb_enc.obj
c:/1218_alibaba/Build/GRANTLEY/RELEASE_MYTOOLS/IA32/Build/OpensslLib/OUTPUT/CryptoPkg/Library/OpensslLib/openssl-1.0.2f/crypto/des/pcbc_enc.obj
c:/1218_alibaba/Build/GRANTLEY/RELEASE_MYTOOLS/IA32/Build/OpensslLib/OUTPUT/CryptoPkg/Library/OpensslLib/openssl-1.0.2f/crypto/des/qud_cksm.obj
c:/1218_alibaba/Build/GRANTLEY/RELEASE_MYTOOLS/IA32/Build/OpensslLib/OUTPUT/CryptoPkg/Library/OpensslLib/openssl-1.0.2f/crypto/des/rand_key.obj
c:/1218_alibaba/Build/GRANTLEY/RELEASE_MYTOOLS/IA32/Build/OpensslLib/OUTPUT/CryptoPkg/Library/OpensslLib/openssl-1.0.2f/crypto/des/rpc_enc.obj
c:/1218_alibaba/Build/GRANTLEY/RELEASE_MYTOOLS/IA32/Build/OpensslLib/OUTPUT/CryptoPkg/Library/OpensslLib/openssl-1.0.2f/crypto/des/set_key.obj
c:/1218_alibaba/Build/GRANTLEY/RELEASE_MYTOOLS/IA32/Build/OpensslLib/OUTPUT/CryptoPkg/Library/OpensslLib/openssl-1.0.2f/crypto/des/des_enc.obj
c:/1218_alibaba/Build/GRANTLEY/RELEASE_MYTOOLS/IA32/Build/OpensslLib/OUTPUT/CryptoPkg/Library/OpensslLib/openssl-1.0.2f/crypto/des/fcrypt_b.obj
c:/1218_alibaba/Build/GRANTLEY/RELEASE_MYTOOLS/IA32/Build/OpensslLib/OUTPUT/CryptoPkg/Library/OpensslLib/openssl-1.0.2f/crypto/des/xcbc_enc.obj
c:/1218_alibaba/Build/GRANTLEY/RELEASE_MYTOOLS/IA32/Build/OpensslLib/OUTPUT/CryptoPkg/Library/OpensslLib/openssl-1.0.2f/crypto/des/str2key.obj
c:/1218_alibaba/Build/GRANTLEY/RELEASE_MYTOOLS/IA32/Build/OpensslLib/OUTPUT/CryptoPkg/Library/OpensslLib/openssl-1.0.2f/crypto/des/cfb64ede.obj
c:/1218_alibaba/Build/GRANTLEY/RELEASE_MYTOOLS/IA32/Build/OpensslLib/OUTPUT/CryptoPkg/Library/OpensslLib/openssl-1.0.2f/crypto/des/ofb64ede.obj
c:/1218_alibaba/Build/GRANTLEY/RELEASE_MYTOOLS/IA32/Build/OpensslLib/OUTPUT/CryptoPkg/Library/OpensslLib/openssl-1.0.2f/crypto/des/ede_cbcm_enc.obj
c:/1218_alibaba/Build/GRANTLEY/RELEASE_MYTOOLS/IA32/Build/OpensslLib/OUTPUT/CryptoPkg/Library/OpensslLib/openssl-1.0.2f/crypto/des/des_old.obj
c:/1218_alibaba/Build/GRANTLEY/RELEASE_MYTOOLS/IA32/Build/OpensslLib/OUTPUT/CryptoPkg/Library/OpensslLib/openssl-1.0.2f/crypto/des/des_old2.obj
c:/1218_alibaba/Build/GRANTLEY/RELEASE_MYTOOLS/IA32/Build/OpensslLib/OUTPUT/CryptoPkg/Library/OpensslLib/openssl-1.0.2f/crypto/des/read2pwd.obj
c:/1218_alibaba/Build/GRANTLEY/RELEASE_MYTOOLS/IA32/Build/OpensslLib/OUTPUT/CryptoPkg/Library/OpensslLib/openssl-1.0.2f/crypto/aes/aes_core.obj
c:/1218_alibaba/Build/GRANTLEY/RELEASE_MYTOOLS/IA32/Build/OpensslLib/OUTPUT/CryptoPkg/Library/OpensslLib/openssl-1.0.2f/crypto/aes/aes_misc.obj
c:/1218_alibaba/Build/GRANTLEY/RELEASE_MYTOOLS/IA32/Build/OpensslLib/OUTPUT/CryptoPkg/Library/OpensslLib/openssl-1.0.2f/crypto/aes/aes_ecb.obj
c:/1218_alibaba/Build/GRANTLEY/RELEASE_MYTOOLS/IA32/Build/OpensslLib/OUTPUT/CryptoPkg/Library/OpensslLib/openssl-1.0.2f/crypto/aes/aes_cbc.obj
c:/1218_alibaba/Build/GRANTLEY/RELEASE_MYTOOLS/IA32/Build/OpensslLib/OUTPUT/CryptoPkg/Library/OpensslLib/openssl-1.0.2f/crypto/aes/aes_cfb.obj
c:/1218_alibaba/Build/GRANTLEY/RELEASE_MYTOOLS/IA32/Build/OpensslLib/OUTPUT/CryptoPkg/Library/OpensslLib/openssl-1.0.2f/crypto/aes/aes_ofb.obj
c:/1218_alibaba/Build/GRANTLEY/RELEASE_MYTOOLS/IA32/Build/OpensslLib/OUTPUT/CryptoPkg/Library/OpensslLib/openssl-1.0.2f/crypto/aes/aes_ctr.obj
c:/1218_alibaba/Build/GRANTLEY/RELEASE_MYTOOLS/IA32/Build/OpensslLib/OUTPUT/CryptoPkg/Library/OpensslLib/openssl-1.0.2f/crypto/aes/aes_ige.obj
c:/1218_alibaba/Build/GRANTLEY/RELEASE_MYTOOLS/IA32/Build/OpensslLib/OUTPUT/CryptoPkg/Library/OpensslLib/openssl-1.0.2f/crypto/aes/aes_wrap.obj
c:/1218_alibaba/Build/GRANTLEY/RELEASE_MYTOOLS/IA32/Build/OpensslLib/OUTPUT/CryptoPkg/Library/OpensslLib/openssl-1.0.2f/crypto/rc4/rc4_skey.obj
c:/1218_alibaba/Build/GRANTLEY/RELEASE_MYTOOLS/IA32/Build/OpensslLib/OUTPUT/CryptoPkg/Library/OpensslLib/openssl-1.0.2f/crypto/rc4/rc4_enc.obj
c:/1218_alibaba/Build/GRANTLEY/RELEASE_MYTOOLS/IA32/Build/OpensslLib/OUTPUT/CryptoPkg/Library/OpensslLib/openssl-1.0.2f/crypto/rc4/rc4_utl.obj
c:/1218_alibaba/Build/GRANTLEY/RELEASE_MYTOOLS/IA32/Build/OpensslLib/OUTPUT/CryptoPkg/Library/OpensslLib/openssl-1.0.2f/crypto/modes/cbc128.obj
c:/1218_alibaba/Build/GRANTLEY/RELEASE_MYTOOLS/IA32/Build/OpensslLib/OUTPUT/CryptoPkg/Library/OpensslLib/openssl-1.0.2f/crypto/modes/ctr128.obj
c:/1218_alibaba/Build/GRANTLEY/RELEASE_MYTOOLS/IA32/Build/OpensslLib/OUTPUT/CryptoPkg/Library/OpensslLib/openssl-1.0.2f/crypto/modes/cts128.obj
c:/1218_alibaba/Build/GRANTLEY/RELEASE_MYTOOLS/IA32/Build/OpensslLib/OUTPUT/CryptoPkg/Library/OpensslLib/openssl-1.0.2f/crypto/modes/cfb128.obj
c:/1218_alibaba/Build/GRANTLEY/RELEASE_MYTOOLS/IA32/Build/OpensslLib/OUTPUT/CryptoPkg/Library/OpensslLib/openssl-1.0.2f/crypto/modes/ofb128.obj
c:/1218_alibaba/Build/GRANTLEY/RELEASE_MYTOOLS/IA32/Build/OpensslLib/OUTPUT/CryptoPkg/Library/OpensslLib/openssl-1.0.2f/crypto/modes/gcm128.obj
c:/1218_alibaba/Build/GRANTLEY/RELEASE_MYTOOLS/IA32/Build/OpensslLib/OUTPUT/CryptoPkg/Library/OpensslLib/openssl-1.0.2f/crypto/modes/ccm128.obj
c:/1218_alibaba/Build/GRANTLEY/RELEASE_MYTOOLS/IA32/Build/OpensslLib/OUTPUT/CryptoPkg/Library/OpensslLib/openssl-1.0.2f/crypto/modes/xts128.obj
c:/1218_alibaba/Build/GRANTLEY/RELEASE_MYTOOLS/IA32/Build/OpensslLib/OUTPUT/CryptoPkg/Library/OpensslLib/openssl-1.0.2f/crypto/modes/wrap128.obj
c:/1218_alibaba/Build/GRANTLEY/RELEASE_MYTOOLS/IA32/Build/OpensslLib/OUTPUT/CryptoPkg/Library/OpensslLib/openssl-1.0.2f/crypto/bn/bn_add.obj
c:/1218_alibaba/Build/GRANTLEY/RELEASE_MYTOOLS/IA32/Build/OpensslLib/OUTPUT/CryptoPkg/Library/OpensslLib/openssl-1.0.2f/crypto/bn/bn_div.obj
c:/1218_alibaba/Build/GRANTLEY/RELEASE_MYTOOLS/IA32/Build/OpensslLib/OUTPUT/CryptoPkg/Library/OpensslLib/openssl-1.0.2f/crypto/bn/bn_exp.obj
c:/1218_alibaba/Build/GRANTLEY/RELEASE_MYTOOLS/IA32/Build/OpensslLib/OUTPUT/CryptoPkg/Library/OpensslLib/openssl-1.0.2f/crypto/bn/bn_lib.obj
c:/1218_alibaba/Build/GRANTLEY/RELEASE_MYTOOLS/IA32/Build/OpensslLib/OUTPUT/CryptoPkg/Library/OpensslLib/openssl-1.0.2f/crypto/bn/bn_ctx.obj
c:/1218_alibaba/Build/GRANTLEY/RELEASE_MYTOOLS/IA32/Build/OpensslLib/OUTPUT/CryptoPkg/Library/OpensslLib/openssl-1.0.2f/crypto/bn/bn_mul.obj
c:/1218_alibaba/Build/GRANTLEY/RELEASE_MYTOOLS/IA32/Build/OpensslLib/OUTPUT/CryptoPkg/Library/OpensslLib/openssl-1.0.2f/crypto/bn/bn_mod.obj
c:/1218_alibaba/Build/GRANTLEY/RELEASE_MYTOOLS/IA32/Build/OpensslLib/OUTPUT/CryptoPkg/Library/OpensslLib/openssl-1.0.2f/crypto/bn/bn_print.obj
c:/1218_alibaba/Build/GRANTLEY/RELEASE_MYTOOLS/IA32/Build/OpensslLib/OUTPUT/CryptoPkg/Library/OpensslLib/openssl-1.0.2f/crypto/bn/bn_rand.obj
c:/1218_alibaba/Build/GRANTLEY/RELEASE_MYTOOLS/IA32/Build/OpensslLib/OUTPUT/CryptoPkg/Library/OpensslLib/openssl-1.0.2f/crypto/bn/bn_shift.obj
c:/1218_alibaba/Build/GRANTLEY/RELEASE_MYTOOLS/IA32/Build/OpensslLib/OUTPUT/CryptoPkg/Library/OpensslLib/openssl-1.0.2f/crypto/bn/bn_word.obj
c:/1218_alibaba/Build/GRANTLEY/RELEASE_MYTOOLS/IA32/Build/OpensslLib/OUTPUT/CryptoPkg/Library/OpensslLib/openssl-1.0.2f/crypto/bn/bn_blind.obj
c:/1218_alibaba/Build/GRANTLEY/RELEASE_MYTOOLS/IA32/Build/OpensslLib/OUTPUT/CryptoPkg/Library/OpensslLib/openssl-1.0.2f/crypto/bn/bn_kron.obj
c:/1218_alibaba/Build/GRANTLEY/RELEASE_MYTOOLS/IA32/Build/OpensslLib/OUTPUT/CryptoPkg/Library/OpensslLib/openssl-1.0.2f/crypto/bn/bn_sqrt.obj
c:/1218_alibaba/Build/GRANTLEY/RELEASE_MYTOOLS/IA32/Build/OpensslLib/OUTPUT/CryptoPkg/Library/OpensslLib/openssl-1.0.2f/crypto/bn/bn_gcd.obj
c:/1218_alibaba/Build/GRANTLEY/RELEASE_MYTOOLS/IA32/Build/OpensslLib/OUTPUT/CryptoPkg/Library/OpensslLib/openssl-1.0.2f/crypto/bn/bn_prime.obj
c:/1218_alibaba/Build/GRANTLEY/RELEASE_MYTOOLS/IA32/Build/OpensslLib/OUTPUT/CryptoPkg/Library/OpensslLib/openssl-1.0.2f/crypto/bn/bn_err.obj
c:/1218_alibaba/Build/GRANTLEY/RELEASE_MYTOOLS/IA32/Build/OpensslLib/OUTPUT/CryptoPkg/Library/OpensslLib/openssl-1.0.2f/crypto/bn/bn_sqr.obj
c:/1218_alibaba/Build/GRANTLEY/RELEASE_MYTOOLS/IA32/Build/OpensslLib/OUTPUT/CryptoPkg/Library/OpensslLib/openssl-1.0.2f/crypto/bn/bn_asm.obj
c:/1218_alibaba/Build/GRANTLEY/RELEASE_MYTOOLS/IA32/Build/OpensslLib/OUTPUT/CryptoPkg/Library/OpensslLib/openssl-1.0.2f/crypto/bn/bn_recp.obj
c:/1218_alibaba/Build/GRANTLEY/RELEASE_MYTOOLS/IA32/Build/OpensslLib/OUTPUT/CryptoPkg/Library/OpensslLib/openssl-1.0.2f/crypto/bn/bn_mont.obj
c:/1218_alibaba/Build/GRANTLEY/RELEASE_MYTOOLS/IA32/Build/OpensslLib/OUTPUT/CryptoPkg/Library/OpensslLib/openssl-1.0.2f/crypto/bn/bn_mpi.obj
c:/1218_alibaba/Build/GRANTLEY/RELEASE_MYTOOLS/IA32/Build/OpensslLib/OUTPUT/CryptoPkg/Library/OpensslLib/openssl-1.0.2f/crypto/bn/bn_exp2.obj
c:/1218_alibaba/Build/GRANTLEY/RELEASE_MYTOOLS/IA32/Build/OpensslLib/OUTPUT/CryptoPkg/Library/OpensslLib/openssl-1.0.2f/crypto/bn/bn_gf2m.obj
c:/1218_alibaba/Build/GRANTLEY/RELEASE_MYTOOLS/IA32/Build/OpensslLib/OUTPUT/CryptoPkg/Library/OpensslLib/openssl-1.0.2f/crypto/bn/bn_nist.obj
c:/1218_alibaba/Build/GRANTLEY/RELEASE_MYTOOLS/IA32/Build/OpensslLib/OUTPUT/CryptoPkg/Library/OpensslLib/openssl-1.0.2f/crypto/bn/bn_depr.obj
c:/1218_alibaba/Build/GRANTLEY/RELEASE_MYTOOLS/IA32/Build/OpensslLib/OUTPUT/CryptoPkg/Library/OpensslLib/openssl-1.0.2f/crypto/bn/bn_const.obj
c:/1218_alibaba/Build/GRANTLEY/RELEASE_MYTOOLS/IA32/Build/OpensslLib/OUTPUT/CryptoPkg/Library/OpensslLib/openssl-1.0.2f/crypto/bn/bn_x931p.obj
c:/1218_alibaba/Build/GRANTLEY/RELEASE_MYTOOLS/IA32/Build/OpensslLib/OUTPUT/CryptoPkg/Library/OpensslLib/openssl-1.0.2f/crypto/rsa/rsa_eay.obj
c:/1218_alibaba/Build/GRANTLEY/RELEASE_MYTOOLS/IA32/Build/OpensslLib/OUTPUT/CryptoPkg/Library/OpensslLib/openssl-1.0.2f/crypto/rsa/rsa_gen.obj
c:/1218_alibaba/Build/GRANTLEY/RELEASE_MYTOOLS/IA32/Build/OpensslLib/OUTPUT/CryptoPkg/Library/OpensslLib/openssl-1.0.2f/crypto/rsa/rsa_lib.obj
c:/1218_alibaba/Build/GRANTLEY/RELEASE_MYTOOLS/IA32/Build/OpensslLib/OUTPUT/CryptoPkg/Library/OpensslLib/openssl-1.0.2f/crypto/rsa/rsa_sign.obj
c:/1218_alibaba/Build/GRANTLEY/RELEASE_MYTOOLS/IA32/Build/OpensslLib/OUTPUT/CryptoPkg/Library/OpensslLib/openssl-1.0.2f/crypto/rsa/rsa_saos.obj
c:/1218_alibaba/Build/GRANTLEY/RELEASE_MYTOOLS/IA32/Build/OpensslLib/OUTPUT/CryptoPkg/Library/OpensslLib/openssl-1.0.2f/crypto/rsa/rsa_err.obj
c:/1218_alibaba/Build/GRANTLEY/RELEASE_MYTOOLS/IA32/Build/OpensslLib/OUTPUT/CryptoPkg/Library/OpensslLib/openssl-1.0.2f/crypto/rsa/rsa_pk1.obj
c:/1218_alibaba/Build/GRANTLEY/RELEASE_MYTOOLS/IA32/Build/OpensslLib/OUTPUT/CryptoPkg/Library/OpensslLib/openssl-1.0.2f/crypto/rsa/rsa_ssl.obj
c:/1218_alibaba/Build/GRANTLEY/RELEASE_MYTOOLS/IA32/Build/OpensslLib/OUTPUT/CryptoPkg/Library/OpensslLib/openssl-1.0.2f/crypto/rsa/rsa_none.obj
c:/1218_alibaba/Build/GRANTLEY/RELEASE_MYTOOLS/IA32/Build/OpensslLib/OUTPUT/CryptoPkg/Library/OpensslLib/openssl-1.0.2f/crypto/rsa/rsa_oaep.obj
c:/1218_alibaba/Build/GRANTLEY/RELEASE_MYTOOLS/IA32/Build/OpensslLib/OUTPUT/CryptoPkg/Library/OpensslLib/openssl-1.0.2f/crypto/rsa/rsa_chk.obj
c:/1218_alibaba/Build/GRANTLEY/RELEASE_MYTOOLS/IA32/Build/OpensslLib/OUTPUT/CryptoPkg/Library/OpensslLib/openssl-1.0.2f/crypto/rsa/rsa_null.obj
c:/1218_alibaba/Build/GRANTLEY/RELEASE_MYTOOLS/IA32/Build/OpensslLib/OUTPUT/CryptoPkg/Library/OpensslLib/openssl-1.0.2f/crypto/rsa/rsa_pss.obj
c:/1218_alibaba/Build/GRANTLEY/RELEASE_MYTOOLS/IA32/Build/OpensslLib/OUTPUT/CryptoPkg/Library/OpensslLib/openssl-1.0.2f/crypto/rsa/rsa_x931.obj
c:/1218_alibaba/Build/GRANTLEY/RELEASE_MYTOOLS/IA32/Build/OpensslLib/OUTPUT/CryptoPkg/Library/OpensslLib/openssl-1.0.2f/crypto/rsa/rsa_asn1.obj
c:/1218_alibaba/Build/GRANTLEY/RELEASE_MYTOOLS/IA32/Build/OpensslLib/OUTPUT/CryptoPkg/Library/OpensslLib/openssl-1.0.2f/crypto/rsa/rsa_depr.obj
c:/1218_alibaba/Build/GRANTLEY/RELEASE_MYTOOLS/IA32/Build/OpensslLib/OUTPUT/CryptoPkg/Library/OpensslLib/openssl-1.0.2f/crypto/rsa/rsa_ameth.obj
c:/1218_alibaba/Build/GRANTLEY/RELEASE_MYTOOLS/IA32/Build/OpensslLib/OUTPUT/CryptoPkg/Library/OpensslLib/openssl-1.0.2f/crypto/rsa/rsa_prn.obj
c:/1218_alibaba/Build/GRANTLEY/RELEASE_MYTOOLS/IA32/Build/OpensslLib/OUTPUT/CryptoPkg/Library/OpensslLib/openssl-1.0.2f/crypto/rsa/rsa_pmeth.obj
c:/1218_alibaba/Build/GRANTLEY/RELEASE_MYTOOLS/IA32/Build/OpensslLib/OUTPUT/CryptoPkg/Library/OpensslLib/openssl-1.0.2f/crypto/rsa/rsa_crpt.obj
c:/1218_alibaba/Build/GRANTLEY/RELEASE_MYTOOLS/IA32/Build/OpensslLib/OUTPUT/CryptoPkg/Library/OpensslLib/openssl-1.0.2f/crypto/dh/dh_asn1.obj
c:/1218_alibaba/Build/GRANTLEY/RELEASE_MYTOOLS/IA32/Build/OpensslLib/OUTPUT/CryptoPkg/Library/OpensslLib/openssl-1.0.2f/crypto/dh/dh_gen.obj
c:/1218_alibaba/Build/GRANTLEY/RELEASE_MYTOOLS/IA32/Build/OpensslLib/OUTPUT/CryptoPkg/Library/OpensslLib/openssl-1.0.2f/crypto/dh/dh_key.obj
c:/1218_alibaba/Build/GRANTLEY/RELEASE_MYTOOLS/IA32/Build/OpensslLib/OUTPUT/CryptoPkg/Library/OpensslLib/openssl-1.0.2f/crypto/dh/dh_lib.obj
c:/1218_alibaba/Build/GRANTLEY/RELEASE_MYTOOLS/IA32/Build/OpensslLib/OUTPUT/CryptoPkg/Library/OpensslLib/openssl-1.0.2f/crypto/dh/dh_check.obj
c:/1218_alibaba/Build/GRANTLEY/RELEASE_MYTOOLS/IA32/Build/OpensslLib/OUTPUT/CryptoPkg/Library/OpensslLib/openssl-1.0.2f/crypto/dh/dh_err.obj
c:/1218_alibaba/Build/GRANTLEY/RELEASE_MYTOOLS/IA32/Build/OpensslLib/OUTPUT/CryptoPkg/Library/OpensslLib/openssl-1.0.2f/crypto/dh/dh_depr.obj
c:/1218_alibaba/Build/GRANTLEY/RELEASE_MYTOOLS/IA32/Build/OpensslLib/OUTPUT/CryptoPkg/Library/OpensslLib/openssl-1.0.2f/crypto/dh/dh_ameth.obj
c:/1218_alibaba/Build/GRANTLEY/RELEASE_MYTOOLS/IA32/Build/OpensslLib/OUTPUT/CryptoPkg/Library/OpensslLib/openssl-1.0.2f/crypto/dh/dh_pmeth.obj
c:/1218_alibaba/Build/GRANTLEY/RELEASE_MYTOOLS/IA32/Build/OpensslLib/OUTPUT/CryptoPkg/Library/OpensslLib/openssl-1.0.2f/crypto/dh/dh_prn.obj
c:/1218_alibaba/Build/GRANTLEY/RELEASE_MYTOOLS/IA32/Build/OpensslLib/OUTPUT/CryptoPkg/Library/OpensslLib/openssl-1.0.2f/crypto/dh/dh_rfc5114.obj
c:/1218_alibaba/Build/GRANTLEY/RELEASE_MYTOOLS/IA32/Build/OpensslLib/OUTPUT/CryptoPkg/Library/OpensslLib/openssl-1.0.2f/crypto/dso/dso_dl.obj
c:/1218_alibaba/Build/GRANTLEY/RELEASE_MYTOOLS/IA32/Build/OpensslLib/OUTPUT/CryptoPkg/Library/OpensslLib/openssl-1.0.2f/crypto/dso/dso_dlfcn.obj
c:/1218_alibaba/Build/GRANTLEY/RELEASE_MYTOOLS/IA32/Build/OpensslLib/OUTPUT/CryptoPkg/Library/OpensslLib/openssl-1.0.2f/crypto/dso/dso_err.obj
c:/1218_alibaba/Build/GRANTLEY/RELEASE_MYTOOLS/IA32/Build/OpensslLib/OUTPUT/CryptoPkg/Library/OpensslLib/openssl-1.0.2f/crypto/dso/dso_lib.obj
c:/1218_alibaba/Build/GRANTLEY/RELEASE_MYTOOLS/IA32/Build/OpensslLib/OUTPUT/CryptoPkg/Library/OpensslLib/openssl-1.0.2f/crypto/dso/dso_null.obj
c:/1218_alibaba/Build/GRANTLEY/RELEASE_MYTOOLS/IA32/Build/OpensslLib/OUTPUT/CryptoPkg/Library/OpensslLib/openssl-1.0.2f/crypto/dso/dso_openssl.obj
c:/1218_alibaba/Build/GRANTLEY/RELEASE_MYTOOLS/IA32/Build/OpensslLib/OUTPUT/CryptoPkg/Library/OpensslLib/openssl-1.0.2f/crypto/dso/dso_win32.obj
c:/1218_alibaba/Build/GRANTLEY/RELEASE_MYTOOLS/IA32/Build/OpensslLib/OUTPUT/CryptoPkg/Library/OpensslLib/openssl-1.0.2f/crypto/dso/dso_vms.obj
c:/1218_alibaba/Build/GRANTLEY/RELEASE_MYTOOLS/IA32/Build/OpensslLib/OUTPUT/CryptoPkg/Library/OpensslLib/openssl-1.0.2f/crypto/dso/dso_beos.obj
c:/1218_alibaba/Build/GRANTLEY/RELEASE_MYTOOLS/IA32/Build/OpensslLib/OUTPUT/CryptoPkg/Library/OpensslLib/openssl-1.0.2f/crypto/buffer/buffer.obj
c:/1218_alibaba/Build/GRANTLEY/RELEASE_MYTOOLS/IA32/Build/OpensslLib/OUTPUT/CryptoPkg/Library/OpensslLib/openssl-1.0.2f/crypto/buffer/buf_str.obj
c:/1218_alibaba/Build/GRANTLEY/RELEASE_MYTOOLS/IA32/Build/OpensslLib/OUTPUT/CryptoPkg/Library/OpensslLib/openssl-1.0.2f/crypto/buffer/buf_err.obj
c:/1218_alibaba/Build/GRANTLEY/RELEASE_MYTOOLS/IA32/Build/OpensslLib/OUTPUT/CryptoPkg/Library/OpensslLib/openssl-1.0.2f/crypto/bio/bio_lib.obj
c:/1218_alibaba/Build/GRANTLEY/RELEASE_MYTOOLS/IA32/Build/OpensslLib/OUTPUT/CryptoPkg/Library/OpensslLib/openssl-1.0.2f/crypto/bio/bio_cb.obj
c:/1218_alibaba/Build/GRANTLEY/RELEASE_MYTOOLS/IA32/Build/OpensslLib/OUTPUT/CryptoPkg/Library/OpensslLib/openssl-1.0.2f/crypto/bio/bio_err.obj
c:/1218_alibaba/Build/GRANTLEY/RELEASE_MYTOOLS/IA32/Build/OpensslLib/OUTPUT/CryptoPkg/Library/OpensslLib/openssl-1.0.2f/crypto/bio/bss_file.obj
c:/1218_alibaba/Build/GRANTLEY/RELEASE_MYTOOLS/IA32/Build/OpensslLib/OUTPUT/CryptoPkg/Library/OpensslLib/openssl-1.0.2f/crypto/bio/bss_mem.obj
c:/1218_alibaba/Build/GRANTLEY/RELEASE_MYTOOLS/IA32/Build/OpensslLib/OUTPUT/CryptoPkg/Library/OpensslLib/openssl-1.0.2f/crypto/bio/bss_null.obj
c:/1218_alibaba/Build/GRANTLEY/RELEASE_MYTOOLS/IA32/Build/OpensslLib/OUTPUT/CryptoPkg/Library/OpensslLib/openssl-1.0.2f/crypto/bio/bss_fd.obj
c:/1218_alibaba/Build/GRANTLEY/RELEASE_MYTOOLS/IA32/Build/OpensslLib/OUTPUT/CryptoPkg/Library/OpensslLib/openssl-1.0.2f/crypto/bio/bss_sock.obj
c:/1218_alibaba/Build/GRANTLEY/RELEASE_MYTOOLS/IA32/Build/OpensslLib/OUTPUT/CryptoPkg/Library/OpensslLib/openssl-1.0.2f/crypto/bio/bf_null.obj
c:/1218_alibaba/Build/GRANTLEY/RELEASE_MYTOOLS/IA32/Build/OpensslLib/OUTPUT/CryptoPkg/Library/OpensslLib/openssl-1.0.2f/crypto/bio/bf_buff.obj
c:/1218_alibaba/Build/GRANTLEY/RELEASE_MYTOOLS/IA32/Build/OpensslLib/OUTPUT/CryptoPkg/Library/OpensslLib/openssl-1.0.2f/crypto/bio/b_dump.obj
c:/1218_alibaba/Build/GRANTLEY/RELEASE_MYTOOLS/IA32/Build/OpensslLib/OUTPUT/CryptoPkg/Library/OpensslLib/openssl-1.0.2f/crypto/bio/bf_nbio.obj
c:/1218_alibaba/Build/GRANTLEY/RELEASE_MYTOOLS/IA32/Build/OpensslLib/OUTPUT/CryptoPkg/Library/OpensslLib/openssl-1.0.2f/crypto/bio/bss_log.obj
c:/1218_alibaba/Build/GRANTLEY/RELEASE_MYTOOLS/IA32/Build/OpensslLib/OUTPUT/CryptoPkg/Library/OpensslLib/openssl-1.0.2f/crypto/bio/bss_bio.obj
c:/1218_alibaba/Build/GRANTLEY/RELEASE_MYTOOLS/IA32/Build/OpensslLib/OUTPUT/CryptoPkg/Library/OpensslLib/openssl-1.0.2f/crypto/bio/bss_dgram.obj
c:/1218_alibaba/Build/GRANTLEY/RELEASE_MYTOOLS/IA32/Build/OpensslLib/OUTPUT/CryptoPkg/Library/OpensslLib/openssl-1.0.2f/crypto/stack/stack.obj
c:/1218_alibaba/Build/GRANTLEY/RELEASE_MYTOOLS/IA32/Build/OpensslLib/OUTPUT/CryptoPkg/Library/OpensslLib/openssl-1.0.2f/crypto/lhash/lhash.obj
c:/1218_alibaba/Build/GRANTLEY/RELEASE_MYTOOLS/IA32/Build/OpensslLib/OUTPUT/CryptoPkg/Library/OpensslLib/openssl-1.0.2f/crypto/lhash/lh_stats.obj
c:/1218_alibaba/Build/GRANTLEY/RELEASE_MYTOOLS/IA32/Build/OpensslLib/OUTPUT/CryptoPkg/Library/OpensslLib/openssl-1.0.2f/crypto/rand/md_rand.obj
c:/1218_alibaba/Build/GRANTLEY/RELEASE_MYTOOLS/IA32/Build/OpensslLib/OUTPUT/CryptoPkg/Library/OpensslLib/openssl-1.0.2f/crypto/rand/randfile.obj
c:/1218_alibaba/Build/GRANTLEY/RELEASE_MYTOOLS/IA32/Build/OpensslLib/OUTPUT/CryptoPkg/Library/OpensslLib/openssl-1.0.2f/crypto/rand/rand_lib.obj
c:/1218_alibaba/Build/GRANTLEY/RELEASE_MYTOOLS/IA32/Build/OpensslLib/OUTPUT/CryptoPkg/Library/OpensslLib/openssl-1.0.2f/crypto/rand/rand_err.obj
c:/1218_alibaba/Build/GRANTLEY/RELEASE_MYTOOLS/IA32/Build/OpensslLib/OUTPUT/CryptoPkg/Library/OpensslLib/openssl-1.0.2f/crypto/rand/rand_unix.obj
c:/1218_alibaba/Build/GRANTLEY/RELEASE_MYTOOLS/IA32/Build/OpensslLib/OUTPUT/CryptoPkg/Library/OpensslLib/openssl-1.0.2f/crypto/err/err.obj
c:/1218_alibaba/Build/GRANTLEY/RELEASE_MYTOOLS/IA32/Build/OpensslLib/OUTPUT/CryptoPkg/Library/OpensslLib/openssl-1.0.2f/crypto/err/err_all.obj
c:/1218_alibaba/Build/GRANTLEY/RELEASE_MYTOOLS/IA32/Build/OpensslLib/OUTPUT/CryptoPkg/Library/OpensslLib/openssl-1.0.2f/crypto/err/err_prn.obj
c:/1218_alibaba/Build/GRANTLEY/RELEASE_MYTOOLS/IA32/Build/OpensslLib/OUTPUT/CryptoPkg/Library/OpensslLib/openssl-1.0.2f/crypto/evp/encode.obj
c:/1218_alibaba/Build/GRANTLEY/RELEASE_MYTOOLS/IA32/Build/OpensslLib/OUTPUT/CryptoPkg/Library/OpensslLib/openssl-1.0.2f/crypto/evp/digest.obj
c:/1218_alibaba/Build/GRANTLEY/RELEASE_MYTOOLS/IA32/Build/OpensslLib/OUTPUT/CryptoPkg/Library/OpensslLib/openssl-1.0.2f/crypto/evp/evp_enc.obj
c:/1218_alibaba/Build/GRANTLEY/RELEASE_MYTOOLS/IA32/Build/OpensslLib/OUTPUT/CryptoPkg/Library/OpensslLib/openssl-1.0.2f/crypto/evp/evp_key.obj
c:/1218_alibaba/Build/GRANTLEY/RELEASE_MYTOOLS/IA32/Build/OpensslLib/OUTPUT/CryptoPkg/Library/OpensslLib/openssl-1.0.2f/crypto/evp/evp_acnf.obj
c:/1218_alibaba/Build/GRANTLEY/RELEASE_MYTOOLS/IA32/Build/OpensslLib/OUTPUT/CryptoPkg/Library/OpensslLib/openssl-1.0.2f/crypto/evp/evp_cnf.obj
c:/1218_alibaba/Build/GRANTLEY/RELEASE_MYTOOLS/IA32/Build/OpensslLib/OUTPUT/CryptoPkg/Library/OpensslLib/openssl-1.0.2f/crypto/evp/e_des.obj
c:/1218_alibaba/Build/GRANTLEY/RELEASE_MYTOOLS/IA32/Build/OpensslLib/OUTPUT/CryptoPkg/Library/OpensslLib/openssl-1.0.2f/crypto/evp/e_bf.obj
c:/1218_alibaba/Build/GRANTLEY/RELEASE_MYTOOLS/IA32/Build/OpensslLib/OUTPUT/CryptoPkg/Library/OpensslLib/openssl-1.0.2f/crypto/evp/e_idea.obj
c:/1218_alibaba/Build/GRANTLEY/RELEASE_MYTOOLS/IA32/Build/OpensslLib/OUTPUT/CryptoPkg/Library/OpensslLib/openssl-1.0.2f/crypto/evp/e_des3.obj
c:/1218_alibaba/Build/GRANTLEY/RELEASE_MYTOOLS/IA32/Build/OpensslLib/OUTPUT/CryptoPkg/Library/OpensslLib/openssl-1.0.2f/crypto/evp/e_camellia.obj
c:/1218_alibaba/Build/GRANTLEY/RELEASE_MYTOOLS/IA32/Build/OpensslLib/OUTPUT/CryptoPkg/Library/OpensslLib/openssl-1.0.2f/crypto/evp/e_rc4.obj
c:/1218_alibaba/Build/GRANTLEY/RELEASE_MYTOOLS/IA32/Build/OpensslLib/OUTPUT/CryptoPkg/Library/OpensslLib/openssl-1.0.2f/crypto/evp/e_aes.obj
c:/1218_alibaba/Build/GRANTLEY/RELEASE_MYTOOLS/IA32/Build/OpensslLib/OUTPUT/CryptoPkg/Library/OpensslLib/openssl-1.0.2f/crypto/evp/names.obj
c:/1218_alibaba/Build/GRANTLEY/RELEASE_MYTOOLS/IA32/Build/OpensslLib/OUTPUT/CryptoPkg/Library/OpensslLib/openssl-1.0.2f/crypto/evp/e_seed.obj
c:/1218_alibaba/Build/GRANTLEY/RELEASE_MYTOOLS/IA32/Build/OpensslLib/OUTPUT/CryptoPkg/Library/OpensslLib/openssl-1.0.2f/crypto/evp/e_xcbc_d.obj
c:/1218_alibaba/Build/GRANTLEY/RELEASE_MYTOOLS/IA32/Build/OpensslLib/OUTPUT/CryptoPkg/Library/OpensslLib/openssl-1.0.2f/crypto/evp/e_rc2.obj
c:/1218_alibaba/Build/GRANTLEY/RELEASE_MYTOOLS/IA32/Build/OpensslLib/OUTPUT/CryptoPkg/Library/OpensslLib/openssl-1.0.2f/crypto/evp/e_cast.obj
c:/1218_alibaba/Build/GRANTLEY/RELEASE_MYTOOLS/IA32/Build/OpensslLib/OUTPUT/CryptoPkg/Library/OpensslLib/openssl-1.0.2f/crypto/evp/e_rc5.obj
c:/1218_alibaba/Build/GRANTLEY/RELEASE_MYTOOLS/IA32/Build/OpensslLib/OUTPUT/CryptoPkg/Library/OpensslLib/openssl-1.0.2f/crypto/evp/m_null.obj
c:/1218_alibaba/Build/GRANTLEY/RELEASE_MYTOOLS/IA32/Build/OpensslLib/OUTPUT/CryptoPkg/Library/OpensslLib/openssl-1.0.2f/crypto/evp/m_md2.obj
c:/1218_alibaba/Build/GRANTLEY/RELEASE_MYTOOLS/IA32/Build/OpensslLib/OUTPUT/CryptoPkg/Library/OpensslLib/openssl-1.0.2f/crypto/evp/m_md4.obj
c:/1218_alibaba/Build/GRANTLEY/RELEASE_MYTOOLS/IA32/Build/OpensslLib/OUTPUT/CryptoPkg/Library/OpensslLib/openssl-1.0.2f/crypto/evp/m_md5.obj
c:/1218_alibaba/Build/GRANTLEY/RELEASE_MYTOOLS/IA32/Build/OpensslLib/OUTPUT/CryptoPkg/Library/OpensslLib/openssl-1.0.2f/crypto/evp/m_sha.obj
c:/1218_alibaba/Build/GRANTLEY/RELEASE_MYTOOLS/IA32/Build/OpensslLib/OUTPUT/CryptoPkg/Library/OpensslLib/openssl-1.0.2f/crypto/evp/m_sha1.obj
c:/1218_alibaba/Build/GRANTLEY/RELEASE_MYTOOLS/IA32/Build/OpensslLib/OUTPUT/CryptoPkg/Library/OpensslLib/openssl-1.0.2f/crypto/evp/m_wp.obj
c:/1218_alibaba/Build/GRANTLEY/RELEASE_MYTOOLS/IA32/Build/OpensslLib/OUTPUT/CryptoPkg/Library/OpensslLib/openssl-1.0.2f/crypto/evp/m_dss.obj
c:/1218_alibaba/Build/GRANTLEY/RELEASE_MYTOOLS/IA32/Build/OpensslLib/OUTPUT/CryptoPkg/Library/OpensslLib/openssl-1.0.2f/crypto/evp/m_dss1.obj
c:/1218_alibaba/Build/GRANTLEY/RELEASE_MYTOOLS/IA32/Build/OpensslLib/OUTPUT/CryptoPkg/Library/OpensslLib/openssl-1.0.2f/crypto/evp/m_mdc2.obj
c:/1218_alibaba/Build/GRANTLEY/RELEASE_MYTOOLS/IA32/Build/OpensslLib/OUTPUT/CryptoPkg/Library/OpensslLib/openssl-1.0.2f/crypto/evp/m_ripemd.obj
c:/1218_alibaba/Build/GRANTLEY/RELEASE_MYTOOLS/IA32/Build/OpensslLib/OUTPUT/CryptoPkg/Library/OpensslLib/openssl-1.0.2f/crypto/evp/m_ecdsa.obj
c:/1218_alibaba/Build/GRANTLEY/RELEASE_MYTOOLS/IA32/Build/OpensslLib/OUTPUT/CryptoPkg/Library/OpensslLib/openssl-1.0.2f/crypto/evp/p_open.obj
c:/1218_alibaba/Build/GRANTLEY/RELEASE_MYTOOLS/IA32/Build/OpensslLib/OUTPUT/CryptoPkg/Library/OpensslLib/openssl-1.0.2f/crypto/evp/p_seal.obj
c:/1218_alibaba/Build/GRANTLEY/RELEASE_MYTOOLS/IA32/Build/OpensslLib/OUTPUT/CryptoPkg/Library/OpensslLib/openssl-1.0.2f/crypto/evp/p_sign.obj
c:/1218_alibaba/Build/GRANTLEY/RELEASE_MYTOOLS/IA32/Build/OpensslLib/OUTPUT/CryptoPkg/Library/OpensslLib/openssl-1.0.2f/crypto/evp/p_verify.obj
c:/1218_alibaba/Build/GRANTLEY/RELEASE_MYTOOLS/IA32/Build/OpensslLib/OUTPUT/CryptoPkg/Library/OpensslLib/openssl-1.0.2f/crypto/evp/p_lib.obj
c:/1218_alibaba/Build/GRANTLEY/RELEASE_MYTOOLS/IA32/Build/OpensslLib/OUTPUT/CryptoPkg/Library/OpensslLib/openssl-1.0.2f/crypto/evp/p_enc.obj
c:/1218_alibaba/Build/GRANTLEY/RELEASE_MYTOOLS/IA32/Build/OpensslLib/OUTPUT/CryptoPkg/Library/OpensslLib/openssl-1.0.2f/crypto/evp/p_dec.obj
c:/1218_alibaba/Build/GRANTLEY/RELEASE_MYTOOLS/IA32/Build/OpensslLib/OUTPUT/CryptoPkg/Library/OpensslLib/openssl-1.0.2f/crypto/evp/bio_md.obj
c:/1218_alibaba/Build/GRANTLEY/RELEASE_MYTOOLS/IA32/Build/OpensslLib/OUTPUT/CryptoPkg/Library/OpensslLib/openssl-1.0.2f/crypto/evp/bio_b64.obj
c:/1218_alibaba/Build/GRANTLEY/RELEASE_MYTOOLS/IA32/Build/OpensslLib/OUTPUT/CryptoPkg/Library/OpensslLib/openssl-1.0.2f/crypto/evp/bio_enc.obj
c:/1218_alibaba/Build/GRANTLEY/RELEASE_MYTOOLS/IA32/Build/OpensslLib/OUTPUT/CryptoPkg/Library/OpensslLib/openssl-1.0.2f/crypto/evp/evp_err.obj
c:/1218_alibaba/Build/GRANTLEY/RELEASE_MYTOOLS/IA32/Build/OpensslLib/OUTPUT/CryptoPkg/Library/OpensslLib/openssl-1.0.2f/crypto/evp/e_null.obj
c:/1218_alibaba/Build/GRANTLEY/RELEASE_MYTOOLS/IA32/Build/OpensslLib/OUTPUT/CryptoPkg/Library/OpensslLib/openssl-1.0.2f/crypto/evp/c_all.obj
c:/1218_alibaba/Build/GRANTLEY/RELEASE_MYTOOLS/IA32/Build/OpensslLib/OUTPUT/CryptoPkg/Library/OpensslLib/openssl-1.0.2f/crypto/evp/c_allc.obj
c:/1218_alibaba/Build/GRANTLEY/RELEASE_MYTOOLS/IA32/Build/OpensslLib/OUTPUT/CryptoPkg/Library/OpensslLib/openssl-1.0.2f/crypto/evp/c_alld.obj
c:/1218_alibaba/Build/GRANTLEY/RELEASE_MYTOOLS/IA32/Build/OpensslLib/OUTPUT/CryptoPkg/Library/OpensslLib/openssl-1.0.2f/crypto/evp/evp_lib.obj
c:/1218_alibaba/Build/GRANTLEY/RELEASE_MYTOOLS/IA32/Build/OpensslLib/OUTPUT/CryptoPkg/Library/OpensslLib/openssl-1.0.2f/crypto/evp/bio_ok.obj
c:/1218_alibaba/Build/GRANTLEY/RELEASE_MYTOOLS/IA32/Build/OpensslLib/OUTPUT/CryptoPkg/Library/OpensslLib/openssl-1.0.2f/crypto/evp/evp_pkey.obj
c:/1218_alibaba/Build/GRANTLEY/RELEASE_MYTOOLS/IA32/Build/OpensslLib/OUTPUT/CryptoPkg/Library/OpensslLib/openssl-1.0.2f/crypto/evp/evp_pbe.obj
c:/1218_alibaba/Build/GRANTLEY/RELEASE_MYTOOLS/IA32/Build/OpensslLib/OUTPUT/CryptoPkg/Library/OpensslLib/openssl-1.0.2f/crypto/evp/p5_crpt.obj
c:/1218_alibaba/Build/GRANTLEY/RELEASE_MYTOOLS/IA32/Build/OpensslLib/OUTPUT/CryptoPkg/Library/OpensslLib/openssl-1.0.2f/crypto/evp/p5_crpt2.obj
c:/1218_alibaba/Build/GRANTLEY/RELEASE_MYTOOLS/IA32/Build/OpensslLib/OUTPUT/CryptoPkg/Library/OpensslLib/openssl-1.0.2f/crypto/evp/e_old.obj
c:/1218_alibaba/Build/GRANTLEY/RELEASE_MYTOOLS/IA32/Build/OpensslLib/OUTPUT/CryptoPkg/Library/OpensslLib/openssl-1.0.2f/crypto/evp/pmeth_lib.obj
c:/1218_alibaba/Build/GRANTLEY/RELEASE_MYTOOLS/IA32/Build/OpensslLib/OUTPUT/CryptoPkg/Library/OpensslLib/openssl-1.0.2f/crypto/evp/pmeth_fn.obj
c:/1218_alibaba/Build/GRANTLEY/RELEASE_MYTOOLS/IA32/Build/OpensslLib/OUTPUT/CryptoPkg/Library/OpensslLib/openssl-1.0.2f/crypto/evp/pmeth_gn.obj
c:/1218_alibaba/Build/GRANTLEY/RELEASE_MYTOOLS/IA32/Build/OpensslLib/OUTPUT/CryptoPkg/Library/OpensslLib/openssl-1.0.2f/crypto/evp/m_sigver.obj
c:/1218_alibaba/Build/GRANTLEY/RELEASE_MYTOOLS/IA32/Build/OpensslLib/OUTPUT/CryptoPkg/Library/OpensslLib/openssl-1.0.2f/crypto/evp/e_aes_cbc_hmac_sha1.obj
c:/1218_alibaba/Build/GRANTLEY/RELEASE_MYTOOLS/IA32/Build/OpensslLib/OUTPUT/CryptoPkg/Library/OpensslLib/openssl-1.0.2f/crypto/evp/e_aes_cbc_hmac_sha256.obj
c:/1218_alibaba/Build/GRANTLEY/RELEASE_MYTOOLS/IA32/Build/OpensslLib/OUTPUT/CryptoPkg/Library/OpensslLib/openssl-1.0.2f/crypto/evp/e_rc4_hmac_md5.obj
c:/1218_alibaba/Build/GRANTLEY/RELEASE_MYTOOLS/IA32/Build/OpensslLib/OUTPUT/CryptoPkg/Library/OpensslLib/openssl-1.0.2f/crypto/asn1/a_object.obj
c:/1218_alibaba/Build/GRANTLEY/RELEASE_MYTOOLS/IA32/Build/OpensslLib/OUTPUT/CryptoPkg/Library/OpensslLib/openssl-1.0.2f/crypto/asn1/a_bitstr.obj
c:/1218_alibaba/Build/GRANTLEY/RELEASE_MYTOOLS/IA32/Build/OpensslLib/OUTPUT/CryptoPkg/Library/OpensslLib/openssl-1.0.2f/crypto/asn1/a_utctm.obj
c:/1218_alibaba/Build/GRANTLEY/RELEASE_MYTOOLS/IA32/Build/OpensslLib/OUTPUT/CryptoPkg/Library/OpensslLib/openssl-1.0.2f/crypto/asn1/a_gentm.obj
c:/1218_alibaba/Build/GRANTLEY/RELEASE_MYTOOLS/IA32/Build/OpensslLib/OUTPUT/CryptoPkg/Library/OpensslLib/openssl-1.0.2f/crypto/asn1/a_time.obj
c:/1218_alibaba/Build/GRANTLEY/RELEASE_MYTOOLS/IA32/Build/OpensslLib/OUTPUT/CryptoPkg/Library/OpensslLib/openssl-1.0.2f/crypto/asn1/a_int.obj
c:/1218_alibaba/Build/GRANTLEY/RELEASE_MYTOOLS/IA32/Build/OpensslLib/OUTPUT/CryptoPkg/Library/OpensslLib/openssl-1.0.2f/crypto/asn1/a_octet.obj
c:/1218_alibaba/Build/GRANTLEY/RELEASE_MYTOOLS/IA32/Build/OpensslLib/OUTPUT/CryptoPkg/Library/OpensslLib/openssl-1.0.2f/crypto/asn1/a_print.obj
c:/1218_alibaba/Build/GRANTLEY/RELEASE_MYTOOLS/IA32/Build/OpensslLib/OUTPUT/CryptoPkg/Library/OpensslLib/openssl-1.0.2f/crypto/asn1/a_type.obj
c:/1218_alibaba/Build/GRANTLEY/RELEASE_MYTOOLS/IA32/Build/OpensslLib/OUTPUT/CryptoPkg/Library/OpensslLib/openssl-1.0.2f/crypto/asn1/a_set.obj
c:/1218_alibaba/Build/GRANTLEY/RELEASE_MYTOOLS/IA32/Build/OpensslLib/OUTPUT/CryptoPkg/Library/OpensslLib/openssl-1.0.2f/crypto/asn1/a_dup.obj
c:/1218_alibaba/Build/GRANTLEY/RELEASE_MYTOOLS/IA32/Build/OpensslLib/OUTPUT/CryptoPkg/Library/OpensslLib/openssl-1.0.2f/crypto/asn1/a_d2i_fp.obj
c:/1218_alibaba/Build/GRANTLEY/RELEASE_MYTOOLS/IA32/Build/OpensslLib/OUTPUT/CryptoPkg/Library/OpensslLib/openssl-1.0.2f/crypto/asn1/a_i2d_fp.obj
c:/1218_alibaba/Build/GRANTLEY/RELEASE_MYTOOLS/IA32/Build/OpensslLib/OUTPUT/CryptoPkg/Library/OpensslLib/openssl-1.0.2f/crypto/asn1/a_enum.obj
c:/1218_alibaba/Build/GRANTLEY/RELEASE_MYTOOLS/IA32/Build/OpensslLib/OUTPUT/CryptoPkg/Library/OpensslLib/openssl-1.0.2f/crypto/asn1/a_utf8.obj
c:/1218_alibaba/Build/GRANTLEY/RELEASE_MYTOOLS/IA32/Build/OpensslLib/OUTPUT/CryptoPkg/Library/OpensslLib/openssl-1.0.2f/crypto/asn1/a_sign.obj
c:/1218_alibaba/Build/GRANTLEY/RELEASE_MYTOOLS/IA32/Build/OpensslLib/OUTPUT/CryptoPkg/Library/OpensslLib/openssl-1.0.2f/crypto/asn1/a_digest.obj
c:/1218_alibaba/Build/GRANTLEY/RELEASE_MYTOOLS/IA32/Build/OpensslLib/OUTPUT/CryptoPkg/Library/OpensslLib/openssl-1.0.2f/crypto/asn1/a_verify.obj
c:/1218_alibaba/Build/GRANTLEY/RELEASE_MYTOOLS/IA32/Build/OpensslLib/OUTPUT/CryptoPkg/Library/OpensslLib/openssl-1.0.2f/crypto/asn1/a_mbstr.obj
c:/1218_alibaba/Build/GRANTLEY/RELEASE_MYTOOLS/IA32/Build/OpensslLib/OUTPUT/CryptoPkg/Library/OpensslLib/openssl-1.0.2f/crypto/asn1/a_strex.obj
c:/1218_alibaba/Build/GRANTLEY/RELEASE_MYTOOLS/IA32/Build/OpensslLib/OUTPUT/CryptoPkg/Library/OpensslLib/openssl-1.0.2f/crypto/asn1/x_algor.obj
c:/1218_alibaba/Build/GRANTLEY/RELEASE_MYTOOLS/IA32/Build/OpensslLib/OUTPUT/CryptoPkg/Library/OpensslLib/openssl-1.0.2f/crypto/asn1/x_val.obj
c:/1218_alibaba/Build/GRANTLEY/RELEASE_MYTOOLS/IA32/Build/OpensslLib/OUTPUT/CryptoPkg/Library/OpensslLib/openssl-1.0.2f/crypto/asn1/x_pubkey.obj
c:/1218_alibaba/Build/GRANTLEY/RELEASE_MYTOOLS/IA32/Build/OpensslLib/OUTPUT/CryptoPkg/Library/OpensslLib/openssl-1.0.2f/crypto/asn1/x_sig.obj
c:/1218_alibaba/Build/GRANTLEY/RELEASE_MYTOOLS/IA32/Build/OpensslLib/OUTPUT/CryptoPkg/Library/OpensslLib/openssl-1.0.2f/crypto/asn1/x_req.obj
c:/1218_alibaba/Build/GRANTLEY/RELEASE_MYTOOLS/IA32/Build/OpensslLib/OUTPUT/CryptoPkg/Library/OpensslLib/openssl-1.0.2f/crypto/asn1/x_attrib.obj
c:/1218_alibaba/Build/GRANTLEY/RELEASE_MYTOOLS/IA32/Build/OpensslLib/OUTPUT/CryptoPkg/Library/OpensslLib/openssl-1.0.2f/crypto/asn1/x_bignum.obj
c:/1218_alibaba/Build/GRANTLEY/RELEASE_MYTOOLS/IA32/Build/OpensslLib/OUTPUT/CryptoPkg/Library/OpensslLib/openssl-1.0.2f/crypto/asn1/x_long.obj
c:/1218_alibaba/Build/GRANTLEY/RELEASE_MYTOOLS/IA32/Build/OpensslLib/OUTPUT/CryptoPkg/Library/OpensslLib/openssl-1.0.2f/crypto/asn1/x_name.obj
c:/1218_alibaba/Build/GRANTLEY/RELEASE_MYTOOLS/IA32/Build/OpensslLib/OUTPUT/CryptoPkg/Library/OpensslLib/openssl-1.0.2f/crypto/asn1/x_x509.obj
c:/1218_alibaba/Build/GRANTLEY/RELEASE_MYTOOLS/IA32/Build/OpensslLib/OUTPUT/CryptoPkg/Library/OpensslLib/openssl-1.0.2f/crypto/asn1/x_x509a.obj
c:/1218_alibaba/Build/GRANTLEY/RELEASE_MYTOOLS/IA32/Build/OpensslLib/OUTPUT/CryptoPkg/Library/OpensslLib/openssl-1.0.2f/crypto/asn1/x_crl.obj
c:/1218_alibaba/Build/GRANTLEY/RELEASE_MYTOOLS/IA32/Build/OpensslLib/OUTPUT/CryptoPkg/Library/OpensslLib/openssl-1.0.2f/crypto/asn1/x_info.obj
c:/1218_alibaba/Build/GRANTLEY/RELEASE_MYTOOLS/IA32/Build/OpensslLib/OUTPUT/CryptoPkg/Library/OpensslLib/openssl-1.0.2f/crypto/asn1/x_spki.obj
c:/1218_alibaba/Build/GRANTLEY/RELEASE_MYTOOLS/IA32/Build/OpensslLib/OUTPUT/CryptoPkg/Library/OpensslLib/openssl-1.0.2f/crypto/asn1/nsseq.obj
c:/1218_alibaba/Build/GRANTLEY/RELEASE_MYTOOLS/IA32/Build/OpensslLib/OUTPUT/CryptoPkg/Library/OpensslLib/openssl-1.0.2f/crypto/asn1/x_nx509.obj
c:/1218_alibaba/Build/GRANTLEY/RELEASE_MYTOOLS/IA32/Build/OpensslLib/OUTPUT/CryptoPkg/Library/OpensslLib/openssl-1.0.2f/crypto/asn1/d2i_pu.obj
c:/1218_alibaba/Build/GRANTLEY/RELEASE_MYTOOLS/IA32/Build/OpensslLib/OUTPUT/CryptoPkg/Library/OpensslLib/openssl-1.0.2f/crypto/asn1/d2i_pr.obj
c:/1218_alibaba/Build/GRANTLEY/RELEASE_MYTOOLS/IA32/Build/OpensslLib/OUTPUT/CryptoPkg/Library/OpensslLib/openssl-1.0.2f/crypto/asn1/i2d_pu.obj
c:/1218_alibaba/Build/GRANTLEY/RELEASE_MYTOOLS/IA32/Build/OpensslLib/OUTPUT/CryptoPkg/Library/OpensslLib/openssl-1.0.2f/crypto/asn1/i2d_pr.obj
c:/1218_alibaba/Build/GRANTLEY/RELEASE_MYTOOLS/IA32/Build/OpensslLib/OUTPUT/CryptoPkg/Library/OpensslLib/openssl-1.0.2f/crypto/asn1/t_req.obj
c:/1218_alibaba/Build/GRANTLEY/RELEASE_MYTOOLS/IA32/Build/OpensslLib/OUTPUT/CryptoPkg/Library/OpensslLib/openssl-1.0.2f/crypto/asn1/t_x509.obj
c:/1218_alibaba/Build/GRANTLEY/RELEASE_MYTOOLS/IA32/Build/OpensslLib/OUTPUT/CryptoPkg/Library/OpensslLib/openssl-1.0.2f/crypto/asn1/t_x509a.obj
c:/1218_alibaba/Build/GRANTLEY/RELEASE_MYTOOLS/IA32/Build/OpensslLib/OUTPUT/CryptoPkg/Library/OpensslLib/openssl-1.0.2f/crypto/asn1/t_crl.obj
c:/1218_alibaba/Build/GRANTLEY/RELEASE_MYTOOLS/IA32/Build/OpensslLib/OUTPUT/CryptoPkg/Library/OpensslLib/openssl-1.0.2f/crypto/asn1/t_pkey.obj
c:/1218_alibaba/Build/GRANTLEY/RELEASE_MYTOOLS/IA32/Build/OpensslLib/OUTPUT/CryptoPkg/Library/OpensslLib/openssl-1.0.2f/crypto/asn1/t_spki.obj
c:/1218_alibaba/Build/GRANTLEY/RELEASE_MYTOOLS/IA32/Build/OpensslLib/OUTPUT/CryptoPkg/Library/OpensslLib/openssl-1.0.2f/crypto/asn1/t_bitst.obj
c:/1218_alibaba/Build/GRANTLEY/RELEASE_MYTOOLS/IA32/Build/OpensslLib/OUTPUT/CryptoPkg/Library/OpensslLib/openssl-1.0.2f/crypto/asn1/tasn_new.obj
c:/1218_alibaba/Build/GRANTLEY/RELEASE_MYTOOLS/IA32/Build/OpensslLib/OUTPUT/CryptoPkg/Library/OpensslLib/openssl-1.0.2f/crypto/asn1/tasn_fre.obj
c:/1218_alibaba/Build/GRANTLEY/RELEASE_MYTOOLS/IA32/Build/OpensslLib/OUTPUT/CryptoPkg/Library/OpensslLib/openssl-1.0.2f/crypto/asn1/tasn_enc.obj
c:/1218_alibaba/Build/GRANTLEY/RELEASE_MYTOOLS/IA32/Build/OpensslLib/OUTPUT/CryptoPkg/Library/OpensslLib/openssl-1.0.2f/crypto/asn1/tasn_dec.obj
c:/1218_alibaba/Build/GRANTLEY/RELEASE_MYTOOLS/IA32/Build/OpensslLib/OUTPUT/CryptoPkg/Library/OpensslLib/openssl-1.0.2f/crypto/asn1/tasn_utl.obj
c:/1218_alibaba/Build/GRANTLEY/RELEASE_MYTOOLS/IA32/Build/OpensslLib/OUTPUT/CryptoPkg/Library/OpensslLib/openssl-1.0.2f/crypto/asn1/tasn_typ.obj
c:/1218_alibaba/Build/GRANTLEY/RELEASE_MYTOOLS/IA32/Build/OpensslLib/OUTPUT/CryptoPkg/Library/OpensslLib/openssl-1.0.2f/crypto/asn1/tasn_prn.obj
c:/1218_alibaba/Build/GRANTLEY/RELEASE_MYTOOLS/IA32/Build/OpensslLib/OUTPUT/CryptoPkg/Library/OpensslLib/openssl-1.0.2f/crypto/asn1/ameth_lib.obj
c:/1218_alibaba/Build/GRANTLEY/RELEASE_MYTOOLS/IA32/Build/OpensslLib/OUTPUT/CryptoPkg/Library/OpensslLib/openssl-1.0.2f/crypto/asn1/f_int.obj
c:/1218_alibaba/Build/GRANTLEY/RELEASE_MYTOOLS/IA32/Build/OpensslLib/OUTPUT/CryptoPkg/Library/OpensslLib/openssl-1.0.2f/crypto/asn1/f_string.obj
c:/1218_alibaba/Build/GRANTLEY/RELEASE_MYTOOLS/IA32/Build/OpensslLib/OUTPUT/CryptoPkg/Library/OpensslLib/openssl-1.0.2f/crypto/asn1/n_pkey.obj
c:/1218_alibaba/Build/GRANTLEY/RELEASE_MYTOOLS/IA32/Build/OpensslLib/OUTPUT/CryptoPkg/Library/OpensslLib/openssl-1.0.2f/crypto/asn1/f_enum.obj
c:/1218_alibaba/Build/GRANTLEY/RELEASE_MYTOOLS/IA32/Build/OpensslLib/OUTPUT/CryptoPkg/Library/OpensslLib/openssl-1.0.2f/crypto/asn1/x_pkey.obj
c:/1218_alibaba/Build/GRANTLEY/RELEASE_MYTOOLS/IA32/Build/OpensslLib/OUTPUT/CryptoPkg/Library/OpensslLib/openssl-1.0.2f/crypto/asn1/a_bool.obj
c:/1218_alibaba/Build/GRANTLEY/RELEASE_MYTOOLS/IA32/Build/OpensslLib/OUTPUT/CryptoPkg/Library/OpensslLib/openssl-1.0.2f/crypto/asn1/x_exten.obj
c:/1218_alibaba/Build/GRANTLEY/RELEASE_MYTOOLS/IA32/Build/OpensslLib/OUTPUT/CryptoPkg/Library/OpensslLib/openssl-1.0.2f/crypto/asn1/bio_asn1.obj
c:/1218_alibaba/Build/GRANTLEY/RELEASE_MYTOOLS/IA32/Build/OpensslLib/OUTPUT/CryptoPkg/Library/OpensslLib/openssl-1.0.2f/crypto/asn1/bio_ndef.obj
c:/1218_alibaba/Build/GRANTLEY/RELEASE_MYTOOLS/IA32/Build/OpensslLib/OUTPUT/CryptoPkg/Library/OpensslLib/openssl-1.0.2f/crypto/asn1/asn_mime.obj
c:/1218_alibaba/Build/GRANTLEY/RELEASE_MYTOOLS/IA32/Build/OpensslLib/OUTPUT/CryptoPkg/Library/OpensslLib/openssl-1.0.2f/crypto/asn1/asn1_gen.obj
c:/1218_alibaba/Build/GRANTLEY/RELEASE_MYTOOLS/IA32/Build/OpensslLib/OUTPUT/CryptoPkg/Library/OpensslLib/openssl-1.0.2f/crypto/asn1/asn1_par.obj
c:/1218_alibaba/Build/GRANTLEY/RELEASE_MYTOOLS/IA32/Build/OpensslLib/OUTPUT/CryptoPkg/Library/OpensslLib/openssl-1.0.2f/crypto/asn1/asn1_lib.obj
c:/1218_alibaba/Build/GRANTLEY/RELEASE_MYTOOLS/IA32/Build/OpensslLib/OUTPUT/CryptoPkg/Library/OpensslLib/openssl-1.0.2f/crypto/asn1/asn1_err.obj
c:/1218_alibaba/Build/GRANTLEY/RELEASE_MYTOOLS/IA32/Build/OpensslLib/OUTPUT/CryptoPkg/Library/OpensslLib/openssl-1.0.2f/crypto/asn1/a_bytes.obj
c:/1218_alibaba/Build/GRANTLEY/RELEASE_MYTOOLS/IA32/Build/OpensslLib/OUTPUT/CryptoPkg/Library/OpensslLib/openssl-1.0.2f/crypto/asn1/a_strnid.obj
c:/1218_alibaba/Build/GRANTLEY/RELEASE_MYTOOLS/IA32/Build/OpensslLib/OUTPUT/CryptoPkg/Library/OpensslLib/openssl-1.0.2f/crypto/asn1/evp_asn1.obj
c:/1218_alibaba/Build/GRANTLEY/RELEASE_MYTOOLS/IA32/Build/OpensslLib/OUTPUT/CryptoPkg/Library/OpensslLib/openssl-1.0.2f/crypto/asn1/asn_pack.obj
c:/1218_alibaba/Build/GRANTLEY/RELEASE_MYTOOLS/IA32/Build/OpensslLib/OUTPUT/CryptoPkg/Library/OpensslLib/openssl-1.0.2f/crypto/asn1/p5_pbe.obj
c:/1218_alibaba/Build/GRANTLEY/RELEASE_MYTOOLS/IA32/Build/OpensslLib/OUTPUT/CryptoPkg/Library/OpensslLib/openssl-1.0.2f/crypto/asn1/p5_pbev2.obj
c:/1218_alibaba/Build/GRANTLEY/RELEASE_MYTOOLS/IA32/Build/OpensslLib/OUTPUT/CryptoPkg/Library/OpensslLib/openssl-1.0.2f/crypto/asn1/p8_pkey.obj
c:/1218_alibaba/Build/GRANTLEY/RELEASE_MYTOOLS/IA32/Build/OpensslLib/OUTPUT/CryptoPkg/Library/OpensslLib/openssl-1.0.2f/crypto/asn1/asn_moid.obj
c:/1218_alibaba/Build/GRANTLEY/RELEASE_MYTOOLS/IA32/Build/OpensslLib/OUTPUT/CryptoPkg/Library/OpensslLib/openssl-1.0.2f/crypto/pem/pem_sign.obj
c:/1218_alibaba/Build/GRANTLEY/RELEASE_MYTOOLS/IA32/Build/OpensslLib/OUTPUT/CryptoPkg/Library/OpensslLib/openssl-1.0.2f/crypto/pem/pem_seal.obj
c:/1218_alibaba/Build/GRANTLEY/RELEASE_MYTOOLS/IA32/Build/OpensslLib/OUTPUT/CryptoPkg/Library/OpensslLib/openssl-1.0.2f/crypto/pem/pem_info.obj
c:/1218_alibaba/Build/GRANTLEY/RELEASE_MYTOOLS/IA32/Build/OpensslLib/OUTPUT/CryptoPkg/Library/OpensslLib/openssl-1.0.2f/crypto/pem/pem_lib.obj
c:/1218_alibaba/Build/GRANTLEY/RELEASE_MYTOOLS/IA32/Build/OpensslLib/OUTPUT/CryptoPkg/Library/OpensslLib/openssl-1.0.2f/crypto/pem/pem_all.obj
c:/1218_alibaba/Build/GRANTLEY/RELEASE_MYTOOLS/IA32/Build/OpensslLib/OUTPUT/CryptoPkg/Library/OpensslLib/openssl-1.0.2f/crypto/pem/pem_err.obj
c:/1218_alibaba/Build/GRANTLEY/RELEASE_MYTOOLS/IA32/Build/OpensslLib/OUTPUT/CryptoPkg/Library/OpensslLib/openssl-1.0.2f/crypto/pem/pem_x509.obj
c:/1218_alibaba/Build/GRANTLEY/RELEASE_MYTOOLS/IA32/Build/OpensslLib/OUTPUT/CryptoPkg/Library/OpensslLib/openssl-1.0.2f/crypto/pem/pem_xaux.obj
c:/1218_alibaba/Build/GRANTLEY/RELEASE_MYTOOLS/IA32/Build/OpensslLib/OUTPUT/CryptoPkg/Library/OpensslLib/openssl-1.0.2f/crypto/pem/pem_oth.obj
c:/1218_alibaba/Build/GRANTLEY/RELEASE_MYTOOLS/IA32/Build/OpensslLib/OUTPUT/CryptoPkg/Library/OpensslLib/openssl-1.0.2f/crypto/pem/pem_pk8.obj
c:/1218_alibaba/Build/GRANTLEY/RELEASE_MYTOOLS/IA32/Build/OpensslLib/OUTPUT/CryptoPkg/Library/OpensslLib/openssl-1.0.2f/crypto/pem/pem_pkey.obj
c:/1218_alibaba/Build/GRANTLEY/RELEASE_MYTOOLS/IA32/Build/OpensslLib/OUTPUT/CryptoPkg/Library/OpensslLib/openssl-1.0.2f/crypto/pem/pvkfmt.obj
c:/1218_alibaba/Build/GRANTLEY/RELEASE_MYTOOLS/IA32/Build/OpensslLib/OUTPUT/CryptoPkg/Library/OpensslLib/openssl-1.0.2f/crypto/x509/x509_def.obj
c:/1218_alibaba/Build/GRANTLEY/RELEASE_MYTOOLS/IA32/Build/OpensslLib/OUTPUT/CryptoPkg/Library/OpensslLib/openssl-1.0.2f/crypto/x509/x509_d2.obj
c:/1218_alibaba/Build/GRANTLEY/RELEASE_MYTOOLS/IA32/Build/OpensslLib/OUTPUT/CryptoPkg/Library/OpensslLib/openssl-1.0.2f/crypto/x509/x509_r2x.obj
c:/1218_alibaba/Build/GRANTLEY/RELEASE_MYTOOLS/IA32/Build/OpensslLib/OUTPUT/CryptoPkg/Library/OpensslLib/openssl-1.0.2f/crypto/x509/x509_cmp.obj
c:/1218_alibaba/Build/GRANTLEY/RELEASE_MYTOOLS/IA32/Build/OpensslLib/OUTPUT/CryptoPkg/Library/OpensslLib/openssl-1.0.2f/crypto/x509/x509_obj.obj
c:/1218_alibaba/Build/GRANTLEY/RELEASE_MYTOOLS/IA32/Build/OpensslLib/OUTPUT/CryptoPkg/Library/OpensslLib/openssl-1.0.2f/crypto/x509/x509_req.obj
c:/1218_alibaba/Build/GRANTLEY/RELEASE_MYTOOLS/IA32/Build/OpensslLib/OUTPUT/CryptoPkg/Library/OpensslLib/openssl-1.0.2f/crypto/x509/x509spki.obj
c:/1218_alibaba/Build/GRANTLEY/RELEASE_MYTOOLS/IA32/Build/OpensslLib/OUTPUT/CryptoPkg/Library/OpensslLib/openssl-1.0.2f/crypto/x509/x509_vfy.obj
c:/1218_alibaba/Build/GRANTLEY/RELEASE_MYTOOLS/IA32/Build/OpensslLib/OUTPUT/CryptoPkg/Library/OpensslLib/openssl-1.0.2f/crypto/x509/x509_set.obj
c:/1218_alibaba/Build/GRANTLEY/RELEASE_MYTOOLS/IA32/Build/OpensslLib/OUTPUT/CryptoPkg/Library/OpensslLib/openssl-1.0.2f/crypto/x509/x509cset.obj
c:/1218_alibaba/Build/GRANTLEY/RELEASE_MYTOOLS/IA32/Build/OpensslLib/OUTPUT/CryptoPkg/Library/OpensslLib/openssl-1.0.2f/crypto/x509/x509rset.obj
c:/1218_alibaba/Build/GRANTLEY/RELEASE_MYTOOLS/IA32/Build/OpensslLib/OUTPUT/CryptoPkg/Library/OpensslLib/openssl-1.0.2f/crypto/x509/x509_err.obj
c:/1218_alibaba/Build/GRANTLEY/RELEASE_MYTOOLS/IA32/Build/OpensslLib/OUTPUT/CryptoPkg/Library/OpensslLib/openssl-1.0.2f/crypto/x509/x509name.obj
c:/1218_alibaba/Build/GRANTLEY/RELEASE_MYTOOLS/IA32/Build/OpensslLib/OUTPUT/CryptoPkg/Library/OpensslLib/openssl-1.0.2f/crypto/x509/x509_v3.obj
c:/1218_alibaba/Build/GRANTLEY/RELEASE_MYTOOLS/IA32/Build/OpensslLib/OUTPUT/CryptoPkg/Library/OpensslLib/openssl-1.0.2f/crypto/x509/x509_ext.obj
c:/1218_alibaba/Build/GRANTLEY/RELEASE_MYTOOLS/IA32/Build/OpensslLib/OUTPUT/CryptoPkg/Library/OpensslLib/openssl-1.0.2f/crypto/x509/x509_att.obj
c:/1218_alibaba/Build/GRANTLEY/RELEASE_MYTOOLS/IA32/Build/OpensslLib/OUTPUT/CryptoPkg/Library/OpensslLib/openssl-1.0.2f/crypto/x509/x509type.obj
c:/1218_alibaba/Build/GRANTLEY/RELEASE_MYTOOLS/IA32/Build/OpensslLib/OUTPUT/CryptoPkg/Library/OpensslLib/openssl-1.0.2f/crypto/x509/x509_lu.obj
c:/1218_alibaba/Build/GRANTLEY/RELEASE_MYTOOLS/IA32/Build/OpensslLib/OUTPUT/CryptoPkg/Library/OpensslLib/openssl-1.0.2f/crypto/x509/x_all.obj
c:/1218_alibaba/Build/GRANTLEY/RELEASE_MYTOOLS/IA32/Build/OpensslLib/OUTPUT/CryptoPkg/Library/OpensslLib/openssl-1.0.2f/crypto/x509/x509_txt.obj
c:/1218_alibaba/Build/GRANTLEY/RELEASE_MYTOOLS/IA32/Build/OpensslLib/OUTPUT/CryptoPkg/Library/OpensslLib/openssl-1.0.2f/crypto/x509/x509_trs.obj
c:/1218_alibaba/Build/GRANTLEY/RELEASE_MYTOOLS/IA32/Build/OpensslLib/OUTPUT/CryptoPkg/Library/OpensslLib/openssl-1.0.2f/crypto/x509/by_file.obj
c:/1218_alibaba/Build/GRANTLEY/RELEASE_MYTOOLS/IA32/Build/OpensslLib/OUTPUT/CryptoPkg/Library/OpensslLib/openssl-1.0.2f/crypto/x509/by_dir.obj
c:/1218_alibaba/Build/GRANTLEY/RELEASE_MYTOOLS/IA32/Build/OpensslLib/OUTPUT/CryptoPkg/Library/OpensslLib/openssl-1.0.2f/crypto/x509/x509_vpm.obj
c:/1218_alibaba/Build/GRANTLEY/RELEASE_MYTOOLS/IA32/Build/OpensslLib/OUTPUT/CryptoPkg/Library/OpensslLib/openssl-1.0.2f/crypto/x509v3/v3_bcons.obj
c:/1218_alibaba/Build/GRANTLEY/RELEASE_MYTOOLS/IA32/Build/OpensslLib/OUTPUT/CryptoPkg/Library/OpensslLib/openssl-1.0.2f/crypto/x509v3/v3_bitst.obj
c:/1218_alibaba/Build/GRANTLEY/RELEASE_MYTOOLS/IA32/Build/OpensslLib/OUTPUT/CryptoPkg/Library/OpensslLib/openssl-1.0.2f/crypto/x509v3/v3_conf.obj
c:/1218_alibaba/Build/GRANTLEY/RELEASE_MYTOOLS/IA32/Build/OpensslLib/OUTPUT/CryptoPkg/Library/OpensslLib/openssl-1.0.2f/crypto/x509v3/v3_extku.obj
c:/1218_alibaba/Build/GRANTLEY/RELEASE_MYTOOLS/IA32/Build/OpensslLib/OUTPUT/CryptoPkg/Library/OpensslLib/openssl-1.0.2f/crypto/x509v3/v3_ia5.obj
c:/1218_alibaba/Build/GRANTLEY/RELEASE_MYTOOLS/IA32/Build/OpensslLib/OUTPUT/CryptoPkg/Library/OpensslLib/openssl-1.0.2f/crypto/x509v3/v3_lib.obj
c:/1218_alibaba/Build/GRANTLEY/RELEASE_MYTOOLS/IA32/Build/OpensslLib/OUTPUT/CryptoPkg/Library/OpensslLib/openssl-1.0.2f/crypto/x509v3/v3_prn.obj
c:/1218_alibaba/Build/GRANTLEY/RELEASE_MYTOOLS/IA32/Build/OpensslLib/OUTPUT/CryptoPkg/Library/OpensslLib/openssl-1.0.2f/crypto/x509v3/v3_utl.obj
c:/1218_alibaba/Build/GRANTLEY/RELEASE_MYTOOLS/IA32/Build/OpensslLib/OUTPUT/CryptoPkg/Library/OpensslLib/openssl-1.0.2f/crypto/x509v3/v3err.obj
c:/1218_alibaba/Build/GRANTLEY/RELEASE_MYTOOLS/IA32/Build/OpensslLib/OUTPUT/CryptoPkg/Library/OpensslLib/openssl-1.0.2f/crypto/x509v3/v3_genn.obj
c:/1218_alibaba/Build/GRANTLEY/RELEASE_MYTOOLS/IA32/Build/OpensslLib/OUTPUT/CryptoPkg/Library/OpensslLib/openssl-1.0.2f/crypto/x509v3/v3_alt.obj
c:/1218_alibaba/Build/GRANTLEY/RELEASE_MYTOOLS/IA32/Build/OpensslLib/OUTPUT/CryptoPkg/Library/OpensslLib/openssl-1.0.2f/crypto/x509v3/v3_skey.obj
c:/1218_alibaba/Build/GRANTLEY/RELEASE_MYTOOLS/IA32/Build/OpensslLib/OUTPUT/CryptoPkg/Library/OpensslLib/openssl-1.0.2f/crypto/x509v3/v3_akey.obj
c:/1218_alibaba/Build/GRANTLEY/RELEASE_MYTOOLS/IA32/Build/OpensslLib/OUTPUT/CryptoPkg/Library/OpensslLib/openssl-1.0.2f/crypto/x509v3/v3_pku.obj
c:/1218_alibaba/Build/GRANTLEY/RELEASE_MYTOOLS/IA32/Build/OpensslLib/OUTPUT/CryptoPkg/Library/OpensslLib/openssl-1.0.2f/crypto/x509v3/v3_int.obj
c:/1218_alibaba/Build/GRANTLEY/RELEASE_MYTOOLS/IA32/Build/OpensslLib/OUTPUT/CryptoPkg/Library/OpensslLib/openssl-1.0.2f/crypto/x509v3/v3_enum.obj
c:/1218_alibaba/Build/GRANTLEY/RELEASE_MYTOOLS/IA32/Build/OpensslLib/OUTPUT/CryptoPkg/Library/OpensslLib/openssl-1.0.2f/crypto/x509v3/v3_sxnet.obj
c:/1218_alibaba/Build/GRANTLEY/RELEASE_MYTOOLS/IA32/Build/OpensslLib/OUTPUT/CryptoPkg/Library/OpensslLib/openssl-1.0.2f/crypto/x509v3/v3_cpols.obj
c:/1218_alibaba/Build/GRANTLEY/RELEASE_MYTOOLS/IA32/Build/OpensslLib/OUTPUT/CryptoPkg/Library/OpensslLib/openssl-1.0.2f/crypto/x509v3/v3_crld.obj
c:/1218_alibaba/Build/GRANTLEY/RELEASE_MYTOOLS/IA32/Build/OpensslLib/OUTPUT/CryptoPkg/Library/OpensslLib/openssl-1.0.2f/crypto/x509v3/v3_purp.obj
c:/1218_alibaba/Build/GRANTLEY/RELEASE_MYTOOLS/IA32/Build/OpensslLib/OUTPUT/CryptoPkg/Library/OpensslLib/openssl-1.0.2f/crypto/x509v3/v3_info.obj
c:/1218_alibaba/Build/GRANTLEY/RELEASE_MYTOOLS/IA32/Build/OpensslLib/OUTPUT/CryptoPkg/Library/OpensslLib/openssl-1.0.2f/crypto/x509v3/v3_ocsp.obj
c:/1218_alibaba/Build/GRANTLEY/RELEASE_MYTOOLS/IA32/Build/OpensslLib/OUTPUT/CryptoPkg/Library/OpensslLib/openssl-1.0.2f/crypto/x509v3/v3_akeya.obj
c:/1218_alibaba/Build/GRANTLEY/RELEASE_MYTOOLS/IA32/Build/OpensslLib/OUTPUT/CryptoPkg/Library/OpensslLib/openssl-1.0.2f/crypto/x509v3/v3_pmaps.obj
c:/1218_alibaba/Build/GRANTLEY/RELEASE_MYTOOLS/IA32/Build/OpensslLib/OUTPUT/CryptoPkg/Library/OpensslLib/openssl-1.0.2f/crypto/x509v3/v3_pcons.obj
c:/1218_alibaba/Build/GRANTLEY/RELEASE_MYTOOLS/IA32/Build/OpensslLib/OUTPUT/CryptoPkg/Library/OpensslLib/openssl-1.0.2f/crypto/x509v3/v3_ncons.obj
c:/1218_alibaba/Build/GRANTLEY/RELEASE_MYTOOLS/IA32/Build/OpensslLib/OUTPUT/CryptoPkg/Library/OpensslLib/openssl-1.0.2f/crypto/x509v3/v3_pcia.obj
c:/1218_alibaba/Build/GRANTLEY/RELEASE_MYTOOLS/IA32/Build/OpensslLib/OUTPUT/CryptoPkg/Library/OpensslLib/openssl-1.0.2f/crypto/x509v3/v3_pci.obj
c:/1218_alibaba/Build/GRANTLEY/RELEASE_MYTOOLS/IA32/Build/OpensslLib/OUTPUT/CryptoPkg/Library/OpensslLib/openssl-1.0.2f/crypto/x509v3/pcy_cache.obj
c:/1218_alibaba/Build/GRANTLEY/RELEASE_MYTOOLS/IA32/Build/OpensslLib/OUTPUT/CryptoPkg/Library/OpensslLib/openssl-1.0.2f/crypto/x509v3/pcy_node.obj
c:/1218_alibaba/Build/GRANTLEY/RELEASE_MYTOOLS/IA32/Build/OpensslLib/OUTPUT/CryptoPkg/Library/OpensslLib/openssl-1.0.2f/crypto/x509v3/pcy_data.obj
c:/1218_alibaba/Build/GRANTLEY/RELEASE_MYTOOLS/IA32/Build/OpensslLib/OUTPUT/CryptoPkg/Library/OpensslLib/openssl-1.0.2f/crypto/x509v3/pcy_map.obj
c:/1218_alibaba/Build/GRANTLEY/RELEASE_MYTOOLS/IA32/Build/OpensslLib/OUTPUT/CryptoPkg/Library/OpensslLib/openssl-1.0.2f/crypto/x509v3/pcy_tree.obj
c:/1218_alibaba/Build/GRANTLEY/RELEASE_MYTOOLS/IA32/Build/OpensslLib/OUTPUT/CryptoPkg/Library/OpensslLib/openssl-1.0.2f/crypto/x509v3/pcy_lib.obj
c:/1218_alibaba/Build/GRANTLEY/RELEASE_MYTOOLS/IA32/Build/OpensslLib/OUTPUT/CryptoPkg/Library/OpensslLib/openssl-1.0.2f/crypto/x509v3/v3_asid.obj
c:/1218_alibaba/Build/GRANTLEY/RELEASE_MYTOOLS/IA32/Build/OpensslLib/OUTPUT/CryptoPkg/Library/OpensslLib/openssl-1.0.2f/crypto/x509v3/v3_addr.obj
c:/1218_alibaba/Build/GRANTLEY/RELEASE_MYTOOLS/IA32/Build/OpensslLib/OUTPUT/CryptoPkg/Library/OpensslLib/openssl-1.0.2f/crypto/conf/conf_err.obj
c:/1218_alibaba/Build/GRANTLEY/RELEASE_MYTOOLS/IA32/Build/OpensslLib/OUTPUT/CryptoPkg/Library/OpensslLib/openssl-1.0.2f/crypto/conf/conf_lib.obj
c:/1218_alibaba/Build/GRANTLEY/RELEASE_MYTOOLS/IA32/Build/OpensslLib/OUTPUT/CryptoPkg/Library/OpensslLib/openssl-1.0.2f/crypto/conf/conf_api.obj
c:/1218_alibaba/Build/GRANTLEY/RELEASE_MYTOOLS/IA32/Build/OpensslLib/OUTPUT/CryptoPkg/Library/OpensslLib/openssl-1.0.2f/crypto/conf/conf_def.obj
c:/1218_alibaba/Build/GRANTLEY/RELEASE_MYTOOLS/IA32/Build/OpensslLib/OUTPUT/CryptoPkg/Library/OpensslLib/openssl-1.0.2f/crypto/conf/conf_mod.obj
c:/1218_alibaba/Build/GRANTLEY/RELEASE_MYTOOLS/IA32/Build/OpensslLib/OUTPUT/CryptoPkg/Library/OpensslLib/openssl-1.0.2f/crypto/conf/conf_mall.obj
c:/1218_alibaba/Build/GRANTLEY/RELEASE_MYTOOLS/IA32/Build/OpensslLib/OUTPUT/CryptoPkg/Library/OpensslLib/openssl-1.0.2f/crypto/conf/conf_sap.obj
c:/1218_alibaba/Build/GRANTLEY/RELEASE_MYTOOLS/IA32/Build/OpensslLib/OUTPUT/CryptoPkg/Library/OpensslLib/openssl-1.0.2f/crypto/txt_db/txt_db.obj
c:/1218_alibaba/Build/GRANTLEY/RELEASE_MYTOOLS/IA32/Build/OpensslLib/OUTPUT/CryptoPkg/Library/OpensslLib/openssl-1.0.2f/crypto/pkcs7/pk7_asn1.obj
c:/1218_alibaba/Build/GRANTLEY/RELEASE_MYTOOLS/IA32/Build/OpensslLib/OUTPUT/CryptoPkg/Library/OpensslLib/openssl-1.0.2f/crypto/pkcs7/pk7_lib.obj
c:/1218_alibaba/Build/GRANTLEY/RELEASE_MYTOOLS/IA32/Build/OpensslLib/OUTPUT/CryptoPkg/Library/OpensslLib/openssl-1.0.2f/crypto/pkcs7/pkcs7err.obj
c:/1218_alibaba/Build/GRANTLEY/RELEASE_MYTOOLS/IA32/Build/OpensslLib/OUTPUT/CryptoPkg/Library/OpensslLib/openssl-1.0.2f/crypto/pkcs7/pk7_doit.obj
c:/1218_alibaba/Build/GRANTLEY/RELEASE_MYTOOLS/IA32/Build/OpensslLib/OUTPUT/CryptoPkg/Library/OpensslLib/openssl-1.0.2f/crypto/pkcs7/pk7_smime.obj
c:/1218_alibaba/Build/GRANTLEY/RELEASE_MYTOOLS/IA32/Build/OpensslLib/OUTPUT/CryptoPkg/Library/OpensslLib/openssl-1.0.2f/crypto/pkcs7/pk7_attr.obj
c:/1218_alibaba/Build/GRANTLEY/RELEASE_MYTOOLS/IA32/Build/OpensslLib/OUTPUT/CryptoPkg/Library/OpensslLib/openssl-1.0.2f/crypto/pkcs7/pk7_mime.obj
c:/1218_alibaba/Build/GRANTLEY/RELEASE_MYTOOLS/IA32/Build/OpensslLib/OUTPUT/CryptoPkg/Library/OpensslLib/openssl-1.0.2f/crypto/pkcs7/bio_pk7.obj
c:/1218_alibaba/Build/GRANTLEY/RELEASE_MYTOOLS/IA32/Build/OpensslLib/OUTPUT/CryptoPkg/Library/OpensslLib/openssl-1.0.2f/crypto/pkcs12/p12_add.obj
c:/1218_alibaba/Build/GRANTLEY/RELEASE_MYTOOLS/IA32/Build/OpensslLib/OUTPUT/CryptoPkg/Library/OpensslLib/openssl-1.0.2f/crypto/pkcs12/p12_asn.obj
c:/1218_alibaba/Build/GRANTLEY/RELEASE_MYTOOLS/IA32/Build/OpensslLib/OUTPUT/CryptoPkg/Library/OpensslLib/openssl-1.0.2f/crypto/pkcs12/p12_attr.obj
c:/1218_alibaba/Build/GRANTLEY/RELEASE_MYTOOLS/IA32/Build/OpensslLib/OUTPUT/CryptoPkg/Library/OpensslLib/openssl-1.0.2f/crypto/pkcs12/p12_crpt.obj
c:/1218_alibaba/Build/GRANTLEY/RELEASE_MYTOOLS/IA32/Build/OpensslLib/OUTPUT/CryptoPkg/Library/OpensslLib/openssl-1.0.2f/crypto/pkcs12/p12_crt.obj
c:/1218_alibaba/Build/GRANTLEY/RELEASE_MYTOOLS/IA32/Build/OpensslLib/OUTPUT/CryptoPkg/Library/OpensslLib/openssl-1.0.2f/crypto/pkcs12/p12_decr.obj
c:/1218_alibaba/Build/GRANTLEY/RELEASE_MYTOOLS/IA32/Build/OpensslLib/OUTPUT/CryptoPkg/Library/OpensslLib/openssl-1.0.2f/crypto/pkcs12/p12_init.obj
c:/1218_alibaba/Build/GRANTLEY/RELEASE_MYTOOLS/IA32/Build/OpensslLib/OUTPUT/CryptoPkg/Library/OpensslLib/openssl-1.0.2f/crypto/pkcs12/p12_key.obj
c:/1218_alibaba/Build/GRANTLEY/RELEASE_MYTOOLS/IA32/Build/OpensslLib/OUTPUT/CryptoPkg/Library/OpensslLib/openssl-1.0.2f/crypto/pkcs12/p12_kiss.obj
c:/1218_alibaba/Build/GRANTLEY/RELEASE_MYTOOLS/IA32/Build/OpensslLib/OUTPUT/CryptoPkg/Library/OpensslLib/openssl-1.0.2f/crypto/pkcs12/p12_mutl.obj
c:/1218_alibaba/Build/GRANTLEY/RELEASE_MYTOOLS/IA32/Build/OpensslLib/OUTPUT/CryptoPkg/Library/OpensslLib/openssl-1.0.2f/crypto/pkcs12/p12_utl.obj
c:/1218_alibaba/Build/GRANTLEY/RELEASE_MYTOOLS/IA32/Build/OpensslLib/OUTPUT/CryptoPkg/Library/OpensslLib/openssl-1.0.2f/crypto/pkcs12/p12_npas.obj
c:/1218_alibaba/Build/GRANTLEY/RELEASE_MYTOOLS/IA32/Build/OpensslLib/OUTPUT/CryptoPkg/Library/OpensslLib/openssl-1.0.2f/crypto/pkcs12/pk12err.obj
c:/1218_alibaba/Build/GRANTLEY/RELEASE_MYTOOLS/IA32/Build/OpensslLib/OUTPUT/CryptoPkg/Library/OpensslLib/openssl-1.0.2f/crypto/pkcs12/p12_p8d.obj
c:/1218_alibaba/Build/GRANTLEY/RELEASE_MYTOOLS/IA32/Build/OpensslLib/OUTPUT/CryptoPkg/Library/OpensslLib/openssl-1.0.2f/crypto/pkcs12/p12_p8e.obj
c:/1218_alibaba/Build/GRANTLEY/RELEASE_MYTOOLS/IA32/Build/OpensslLib/OUTPUT/CryptoPkg/Library/OpensslLib/openssl-1.0.2f/crypto/comp/comp_lib.obj
c:/1218_alibaba/Build/GRANTLEY/RELEASE_MYTOOLS/IA32/Build/OpensslLib/OUTPUT/CryptoPkg/Library/OpensslLib/openssl-1.0.2f/crypto/comp/comp_err.obj
c:/1218_alibaba/Build/GRANTLEY/RELEASE_MYTOOLS/IA32/Build/OpensslLib/OUTPUT/CryptoPkg/Library/OpensslLib/openssl-1.0.2f/crypto/comp/c_rle.obj
c:/1218_alibaba/Build/GRANTLEY/RELEASE_MYTOOLS/IA32/Build/OpensslLib/OUTPUT/CryptoPkg/Library/OpensslLib/openssl-1.0.2f/crypto/comp/c_zlib.obj
c:/1218_alibaba/Build/GRANTLEY/RELEASE_MYTOOLS/IA32/Build/OpensslLib/OUTPUT/CryptoPkg/Library/OpensslLib/openssl-1.0.2f/crypto/ocsp/ocsp_asn.obj
c:/1218_alibaba/Build/GRANTLEY/RELEASE_MYTOOLS/IA32/Build/OpensslLib/OUTPUT/CryptoPkg/Library/OpensslLib/openssl-1.0.2f/crypto/ocsp/ocsp_ext.obj
c:/1218_alibaba/Build/GRANTLEY/RELEASE_MYTOOLS/IA32/Build/OpensslLib/OUTPUT/CryptoPkg/Library/OpensslLib/openssl-1.0.2f/crypto/ocsp/ocsp_ht.obj
c:/1218_alibaba/Build/GRANTLEY/RELEASE_MYTOOLS/IA32/Build/OpensslLib/OUTPUT/CryptoPkg/Library/OpensslLib/openssl-1.0.2f/crypto/ocsp/ocsp_lib.obj
c:/1218_alibaba/Build/GRANTLEY/RELEASE_MYTOOLS/IA32/Build/OpensslLib/OUTPUT/CryptoPkg/Library/OpensslLib/openssl-1.0.2f/crypto/ocsp/ocsp_cl.obj
c:/1218_alibaba/Build/GRANTLEY/RELEASE_MYTOOLS/IA32/Build/OpensslLib/OUTPUT/CryptoPkg/Library/OpensslLib/openssl-1.0.2f/crypto/ocsp/ocsp_srv.obj
c:/1218_alibaba/Build/GRANTLEY/RELEASE_MYTOOLS/IA32/Build/OpensslLib/OUTPUT/CryptoPkg/Library/OpensslLib/openssl-1.0.2f/crypto/ocsp/ocsp_prn.obj
c:/1218_alibaba/Build/GRANTLEY/RELEASE_MYTOOLS/IA32/Build/OpensslLib/OUTPUT/CryptoPkg/Library/OpensslLib/openssl-1.0.2f/crypto/ocsp/ocsp_vfy.obj
c:/1218_alibaba/Build/GRANTLEY/RELEASE_MYTOOLS/IA32/Build/OpensslLib/OUTPUT/CryptoPkg/Library/OpensslLib/openssl-1.0.2f/crypto/ocsp/ocsp_err.obj
c:/1218_alibaba/Build/GRANTLEY/RELEASE_MYTOOLS/IA32/Build/OpensslLib/OUTPUT/CryptoPkg/Library/OpensslLib/openssl-1.0.2f/crypto/ui/ui_lib.obj
c:/1218_alibaba/Build/GRANTLEY/RELEASE_MYTOOLS/IA32/Build/OpensslLib/OUTPUT/CryptoPkg/Library/OpensslLib/openssl-1.0.2f/crypto/ui/ui_util.obj
c:/1218_alibaba/Build/GRANTLEY/RELEASE_MYTOOLS/IA32/Build/OpensslLib/OUTPUT/CryptoPkg/Library/OpensslLib/openssl-1.0.2f/crypto/ui/ui_compat.obj
c:/1218_alibaba/Build/GRANTLEY/RELEASE_MYTOOLS/IA32/Build/OpensslLib/OUTPUT/CryptoPkg/Library/OpensslLib/openssl-1.0.2f/crypto/krb5/krb5_asn.obj
c:/1218_alibaba/Build/GRANTLEY/RELEASE_MYTOOLS/IA32/Build/OpensslLib/OUTPUT/CryptoPkg/Library/OpensslLib/openssl-1.0.2f/crypto/pqueue/pqueue.obj
c:/1218_alibaba/Build/GRANTLEY/RELEASE_MYTOOLS/IA32/Build/OpensslLib/OUTPUT/CryptoPkg/Library/OpensslLib/openssl-1.0.2f/crypto/ts/ts_err.obj
c:/1218_alibaba/Build/GRANTLEY/RELEASE_MYTOOLS/IA32/Build/OpensslLib/OUTPUT/CryptoPkg/Library/OpensslLib/openssl-1.0.2f/crypto/ts/ts_req_utils.obj
c:/1218_alibaba/Build/GRANTLEY/RELEASE_MYTOOLS/IA32/Build/OpensslLib/OUTPUT/CryptoPkg/Library/OpensslLib/openssl-1.0.2f/crypto/ts/ts_req_print.obj
c:/1218_alibaba/Build/GRANTLEY/RELEASE_MYTOOLS/IA32/Build/OpensslLib/OUTPUT/CryptoPkg/Library/OpensslLib/openssl-1.0.2f/crypto/ts/ts_rsp_utils.obj
c:/1218_alibaba/Build/GRANTLEY/RELEASE_MYTOOLS/IA32/Build/OpensslLib/OUTPUT/CryptoPkg/Library/OpensslLib/openssl-1.0.2f/crypto/ts/ts_rsp_print.obj
c:/1218_alibaba/Build/GRANTLEY/RELEASE_MYTOOLS/IA32/Build/OpensslLib/OUTPUT/CryptoPkg/Library/OpensslLib/openssl-1.0.2f/crypto/ts/ts_rsp_sign.obj
c:/1218_alibaba/Build/GRANTLEY/RELEASE_MYTOOLS/IA32/Build/OpensslLib/OUTPUT/CryptoPkg/Library/OpensslLib/openssl-1.0.2f/crypto/ts/ts_rsp_verify.obj
c:/1218_alibaba/Build/GRANTLEY/RELEASE_MYTOOLS/IA32/Build/OpensslLib/OUTPUT/CryptoPkg/Library/OpensslLib/openssl-1.0.2f/crypto/ts/ts_verify_ctx.obj
c:/1218_alibaba/Build/GRANTLEY/RELEASE_MYTOOLS/IA32/Build/OpensslLib/OUTPUT/CryptoPkg/Library/OpensslLib/openssl-1.0.2f/crypto/ts/ts_lib.obj
c:/1218_alibaba/Build/GRANTLEY/RELEASE_MYTOOLS/IA32/Build/OpensslLib/OUTPUT/CryptoPkg/Library/OpensslLib/openssl-1.0.2f/crypto/ts/ts_conf.obj
c:/1218_alibaba/Build/GRANTLEY/RELEASE_MYTOOLS/IA32/Build/OpensslLib/OUTPUT/CryptoPkg/Library/OpensslLib/openssl-1.0.2f/crypto/ts/ts_asn1.obj
c:/1218_alibaba/Build/GRANTLEY/RELEASE_MYTOOLS/IA32/Build/OpensslLib/OUTPUT/CryptoPkg/Library/OpensslLib/openssl-1.0.2f/crypto/cmac/cmac.obj
c:/1218_alibaba/Build/GRANTLEY/RELEASE_MYTOOLS/IA32/Build/OpensslLib/OUTPUT/CryptoPkg/Library/OpensslLib/openssl-1.0.2f/crypto/cmac/cm_ameth.obj
c:/1218_alibaba/Build/GRANTLEY/RELEASE_MYTOOLS/IA32/Build/OpensslLib/OUTPUT/CryptoPkg/Library/OpensslLib/openssl-1.0.2f/crypto/cmac/cm_pmeth.obj
c:/1218_alibaba/Build/GRANTLEY/RELEASE_MYTOOLS/IA32/Build/OpensslLib/OUTPUT/CryptoPkg/Library/OpensslLib/openssl-1.0.2f/ssl/bio_ssl.obj
c:/1218_alibaba/Build/GRANTLEY/RELEASE_MYTOOLS/IA32/Build/OpensslLib/OUTPUT/CryptoPkg/Library/OpensslLib/openssl-1.0.2f/ssl/d1_both.obj
c:/1218_alibaba/Build/GRANTLEY/RELEASE_MYTOOLS/IA32/Build/OpensslLib/OUTPUT/CryptoPkg/Library/OpensslLib/openssl-1.0.2f/ssl/d1_clnt.obj
c:/1218_alibaba/Build/GRANTLEY/RELEASE_MYTOOLS/IA32/Build/OpensslLib/OUTPUT/CryptoPkg/Library/OpensslLib/openssl-1.0.2f/ssl/d1_lib.obj
c:/1218_alibaba/Build/GRANTLEY/RELEASE_MYTOOLS/IA32/Build/OpensslLib/OUTPUT/CryptoPkg/Library/OpensslLib/openssl-1.0.2f/ssl/d1_meth.obj
c:/1218_alibaba/Build/GRANTLEY/RELEASE_MYTOOLS/IA32/Build/OpensslLib/OUTPUT/CryptoPkg/Library/OpensslLib/openssl-1.0.2f/ssl/d1_pkt.obj
c:/1218_alibaba/Build/GRANTLEY/RELEASE_MYTOOLS/IA32/Build/OpensslLib/OUTPUT/CryptoPkg/Library/OpensslLib/openssl-1.0.2f/ssl/d1_srvr.obj
c:/1218_alibaba/Build/GRANTLEY/RELEASE_MYTOOLS/IA32/Build/OpensslLib/OUTPUT/CryptoPkg/Library/OpensslLib/openssl-1.0.2f/ssl/d1_srtp.obj
c:/1218_alibaba/Build/GRANTLEY/RELEASE_MYTOOLS/IA32/Build/OpensslLib/OUTPUT/CryptoPkg/Library/OpensslLib/openssl-1.0.2f/ssl/kssl.obj
c:/1218_alibaba/Build/GRANTLEY/RELEASE_MYTOOLS/IA32/Build/OpensslLib/OUTPUT/CryptoPkg/Library/OpensslLib/openssl-1.0.2f/ssl/s23_clnt.obj
c:/1218_alibaba/Build/GRANTLEY/RELEASE_MYTOOLS/IA32/Build/OpensslLib/OUTPUT/CryptoPkg/Library/OpensslLib/openssl-1.0.2f/ssl/s23_lib.obj
c:/1218_alibaba/Build/GRANTLEY/RELEASE_MYTOOLS/IA32/Build/OpensslLib/OUTPUT/CryptoPkg/Library/OpensslLib/openssl-1.0.2f/ssl/s23_meth.obj
c:/1218_alibaba/Build/GRANTLEY/RELEASE_MYTOOLS/IA32/Build/OpensslLib/OUTPUT/CryptoPkg/Library/OpensslLib/openssl-1.0.2f/ssl/s23_pkt.obj
c:/1218_alibaba/Build/GRANTLEY/RELEASE_MYTOOLS/IA32/Build/OpensslLib/OUTPUT/CryptoPkg/Library/OpensslLib/openssl-1.0.2f/ssl/s23_srvr.obj
c:/1218_alibaba/Build/GRANTLEY/RELEASE_MYTOOLS/IA32/Build/OpensslLib/OUTPUT/CryptoPkg/Library/OpensslLib/openssl-1.0.2f/ssl/s2_clnt.obj
c:/1218_alibaba/Build/GRANTLEY/RELEASE_MYTOOLS/IA32/Build/OpensslLib/OUTPUT/CryptoPkg/Library/OpensslLib/openssl-1.0.2f/ssl/s2_enc.obj
c:/1218_alibaba/Build/GRANTLEY/RELEASE_MYTOOLS/IA32/Build/OpensslLib/OUTPUT/CryptoPkg/Library/OpensslLib/openssl-1.0.2f/ssl/s2_lib.obj
c:/1218_alibaba/Build/GRANTLEY/RELEASE_MYTOOLS/IA32/Build/OpensslLib/OUTPUT/CryptoPkg/Library/OpensslLib/openssl-1.0.2f/ssl/s2_meth.obj
c:/1218_alibaba/Build/GRANTLEY/RELEASE_MYTOOLS/IA32/Build/OpensslLib/OUTPUT/CryptoPkg/Library/OpensslLib/openssl-1.0.2f/ssl/s2_pkt.obj
c:/1218_alibaba/Build/GRANTLEY/RELEASE_MYTOOLS/IA32/Build/OpensslLib/OUTPUT/CryptoPkg/Library/OpensslLib/openssl-1.0.2f/ssl/s2_srvr.obj
c:/1218_alibaba/Build/GRANTLEY/RELEASE_MYTOOLS/IA32/Build/OpensslLib/OUTPUT/CryptoPkg/Library/OpensslLib/openssl-1.0.2f/ssl/s3_both.obj
c:/1218_alibaba/Build/GRANTLEY/RELEASE_MYTOOLS/IA32/Build/OpensslLib/OUTPUT/CryptoPkg/Library/OpensslLib/openssl-1.0.2f/ssl/s3_clnt.obj
c:/1218_alibaba/Build/GRANTLEY/RELEASE_MYTOOLS/IA32/Build/OpensslLib/OUTPUT/CryptoPkg/Library/OpensslLib/openssl-1.0.2f/ssl/s3_enc.obj
c:/1218_alibaba/Build/GRANTLEY/RELEASE_MYTOOLS/IA32/Build/OpensslLib/OUTPUT/CryptoPkg/Library/OpensslLib/openssl-1.0.2f/ssl/s3_cbc.obj
c:/1218_alibaba/Build/GRANTLEY/RELEASE_MYTOOLS/IA32/Build/OpensslLib/OUTPUT/CryptoPkg/Library/OpensslLib/openssl-1.0.2f/ssl/s3_lib.obj
c:/1218_alibaba/Build/GRANTLEY/RELEASE_MYTOOLS/IA32/Build/OpensslLib/OUTPUT/CryptoPkg/Library/OpensslLib/openssl-1.0.2f/ssl/s3_meth.obj
c:/1218_alibaba/Build/GRANTLEY/RELEASE_MYTOOLS/IA32/Build/OpensslLib/OUTPUT/CryptoPkg/Library/OpensslLib/openssl-1.0.2f/ssl/s3_pkt.obj
c:/1218_alibaba/Build/GRANTLEY/RELEASE_MYTOOLS/IA32/Build/OpensslLib/OUTPUT/CryptoPkg/Library/OpensslLib/openssl-1.0.2f/ssl/s3_srvr.obj
c:/1218_alibaba/Build/GRANTLEY/RELEASE_MYTOOLS/IA32/Build/OpensslLib/OUTPUT/CryptoPkg/Library/OpensslLib/openssl-1.0.2f/ssl/ssl_algs.obj
c:/1218_alibaba/Build/GRANTLEY/RELEASE_MYTOOLS/IA32/Build/OpensslLib/OUTPUT/CryptoPkg/Library/OpensslLib/openssl-1.0.2f/ssl/ssl_asn1.obj
c:/1218_alibaba/Build/GRANTLEY/RELEASE_MYTOOLS/IA32/Build/OpensslLib/OUTPUT/CryptoPkg/Library/OpensslLib/openssl-1.0.2f/ssl/ssl_cert.obj
c:/1218_alibaba/Build/GRANTLEY/RELEASE_MYTOOLS/IA32/Build/OpensslLib/OUTPUT/CryptoPkg/Library/OpensslLib/openssl-1.0.2f/ssl/ssl_ciph.obj
c:/1218_alibaba/Build/GRANTLEY/RELEASE_MYTOOLS/IA32/Build/OpensslLib/OUTPUT/CryptoPkg/Library/OpensslLib/openssl-1.0.2f/ssl/ssl_err.obj
c:/1218_alibaba/Build/GRANTLEY/RELEASE_MYTOOLS/IA32/Build/OpensslLib/OUTPUT/CryptoPkg/Library/OpensslLib/openssl-1.0.2f/ssl/ssl_err2.obj
c:/1218_alibaba/Build/GRANTLEY/RELEASE_MYTOOLS/IA32/Build/OpensslLib/OUTPUT/CryptoPkg/Library/OpensslLib/openssl-1.0.2f/ssl/ssl_lib.obj
c:/1218_alibaba/Build/GRANTLEY/RELEASE_MYTOOLS/IA32/Build/OpensslLib/OUTPUT/CryptoPkg/Library/OpensslLib/openssl-1.0.2f/ssl/ssl_rsa.obj
c:/1218_alibaba/Build/GRANTLEY/RELEASE_MYTOOLS/IA32/Build/OpensslLib/OUTPUT/CryptoPkg/Library/OpensslLib/openssl-1.0.2f/ssl/ssl_sess.obj
c:/1218_alibaba/Build/GRANTLEY/RELEASE_MYTOOLS/IA32/Build/OpensslLib/OUTPUT/CryptoPkg/Library/OpensslLib/openssl-1.0.2f/ssl/ssl_stat.obj
c:/1218_alibaba/Build/GRANTLEY/RELEASE_MYTOOLS/IA32/Build/OpensslLib/OUTPUT/CryptoPkg/Library/OpensslLib/openssl-1.0.2f/ssl/ssl_txt.obj
c:/1218_alibaba/Build/GRANTLEY/RELEASE_MYTOOLS/IA32/Build/OpensslLib/OUTPUT/CryptoPkg/Library/OpensslLib/openssl-1.0.2f/ssl/t1_clnt.obj
c:/1218_alibaba/Build/GRANTLEY/RELEASE_MYTOOLS/IA32/Build/OpensslLib/OUTPUT/CryptoPkg/Library/OpensslLib/openssl-1.0.2f/ssl/t1_enc.obj
c:/1218_alibaba/Build/GRANTLEY/RELEASE_MYTOOLS/IA32/Build/OpensslLib/OUTPUT/CryptoPkg/Library/OpensslLib/openssl-1.0.2f/ssl/t1_lib.obj
c:/1218_alibaba/Build/GRANTLEY/RELEASE_MYTOOLS/IA32/Build/OpensslLib/OUTPUT/CryptoPkg/Library/OpensslLib/openssl-1.0.2f/ssl/t1_meth.obj
c:/1218_alibaba/Build/GRANTLEY/RELEASE_MYTOOLS/IA32/Build/OpensslLib/OUTPUT/CryptoPkg/Library/OpensslLib/openssl-1.0.2f/ssl/t1_reneg.obj
c:/1218_alibaba/Build/GRANTLEY/RELEASE_MYTOOLS/IA32/Build/OpensslLib/OUTPUT/CryptoPkg/Library/OpensslLib/openssl-1.0.2f/ssl/t1_srvr.obj
c:/1218_alibaba/Build/GRANTLEY/RELEASE_MYTOOLS/IA32/Build/OpensslLib/OUTPUT/CryptoPkg/Library/OpensslLib/openssl-1.0.2f/ssl/t1_ext.obj