c:/1218_alibaba/Build/GRANTLEY/RELEASE_MYTOOLS/X64/AmiTsePkg/EDK/MiniSetup/BootOnly/Minisetup/OUTPUT/AMILogo/AMILogo.obj
c:/1218_alibaba/Build/GRANTLEY/RELEASE_MYTOOLS/X64/AmiTsePkg/EDK/MiniSetup/BootOnly/Minisetup/OUTPUT/bbs.obj
c:/1218_alibaba/Build/GRANTLEY/RELEASE_MYTOOLS/X64/AmiTsePkg/EDK/MiniSetup/BootOnly/Minisetup/OUTPUT/boot.obj
c:/1218_alibaba/Build/GRANTLEY/RELEASE_MYTOOLS/X64/AmiTsePkg/EDK/MiniSetup/BootOnly/Minisetup/OUTPUT/box.obj
c:/1218_alibaba/Build/GRANTLEY/RELEASE_MYTOOLS/X64/AmiTsePkg/EDK/MiniSetup/BootOnly/Minisetup/OUTPUT/buffer.obj
c:/1218_alibaba/Build/GRANTLEY/RELEASE_MYTOOLS/X64/AmiTsePkg/EDK/MiniSetup/BootOnly/Minisetup/OUTPUT/dobmpmgr.obj
c:/1218_alibaba/Build/GRANTLEY/RELEASE_MYTOOLS/X64/AmiTsePkg/EDK/MiniSetup/BootOnly/Minisetup/OUTPUT/globals.obj
c:/1218_alibaba/Build/GRANTLEY/RELEASE_MYTOOLS/X64/AmiTsePkg/EDK/MiniSetup/BootOnly/Minisetup/OUTPUT/hiistring.obj
c:/1218_alibaba/Build/GRANTLEY/RELEASE_MYTOOLS/X64/AmiTsePkg/EDK/MiniSetup/BootOnly/Minisetup/OUTPUT/logo.obj
c:/1218_alibaba/Build/GRANTLEY/RELEASE_MYTOOLS/X64/AmiTsePkg/EDK/MiniSetup/BootOnly/Minisetup/OUTPUT/mem.obj
c:/1218_alibaba/Build/GRANTLEY/RELEASE_MYTOOLS/X64/AmiTsePkg/EDK/MiniSetup/BootOnly/Minisetup/OUTPUT/minisetup.obj
c:/1218_alibaba/Build/GRANTLEY/RELEASE_MYTOOLS/X64/AmiTsePkg/EDK/MiniSetup/BootOnly/Minisetup/OUTPUT/minisetupext.obj
c:/1218_alibaba/Build/GRANTLEY/RELEASE_MYTOOLS/X64/AmiTsePkg/EDK/MiniSetup/BootOnly/Minisetup/OUTPUT/notify.obj
c:/1218_alibaba/Build/GRANTLEY/RELEASE_MYTOOLS/X64/AmiTsePkg/EDK/MiniSetup/BootOnly/Minisetup/OUTPUT/postmgmt.obj
c:/1218_alibaba/Build/GRANTLEY/RELEASE_MYTOOLS/X64/AmiTsePkg/EDK/MiniSetup/BootOnly/Minisetup/OUTPUT/print.obj
c:/1218_alibaba/Build/GRANTLEY/RELEASE_MYTOOLS/X64/AmiTsePkg/EDK/MiniSetup/BootOnly/Minisetup/OUTPUT/protocol.obj
c:/1218_alibaba/Build/GRANTLEY/RELEASE_MYTOOLS/X64/AmiTsePkg/EDK/MiniSetup/BootOnly/Minisetup/OUTPUT/screen.obj
c:/1218_alibaba/Build/GRANTLEY/RELEASE_MYTOOLS/X64/AmiTsePkg/EDK/MiniSetup/BootOnly/Minisetup/OUTPUT/string.obj
c:/1218_alibaba/Build/GRANTLEY/RELEASE_MYTOOLS/X64/AmiTsePkg/EDK/MiniSetup/BootOnly/Minisetup/OUTPUT/timer.obj
c:/1218_alibaba/Build/GRANTLEY/RELEASE_MYTOOLS/X64/AmiTsePkg/EDK/MiniSetup/BootOnly/Minisetup/OUTPUT/variable.obj
c:/1218_alibaba/Build/GRANTLEY/RELEASE_MYTOOLS/X64/AmiTsePkg/EDK/MiniSetup/BootOnly/Minisetup/OUTPUT/Resources.obj
c:/1218_alibaba/Build/GRANTLEY/RELEASE_MYTOOLS/X64/AmiTsePkg/EDK/MiniSetup/BootOnly/Minisetup/OUTPUT/HookAnchor.obj
c:/1218_alibaba/Build/GRANTLEY/RELEASE_MYTOOLS/X64/AmiTsePkg/EDK/MiniSetup/BootOnly/Minisetup/OUTPUT/EDKhelper.obj
c:/1218_alibaba/Build/GRANTLEY/RELEASE_MYTOOLS/X64/AmiTsePkg/EDK/MiniSetup/BootOnly/Minisetup/OUTPUT/password.obj
c:/1218_alibaba/Build/GRANTLEY/RELEASE_MYTOOLS/X64/AmiTsePkg/EDK/MiniSetup/BootOnly/Minisetup/OUTPUT/postmgmtext.obj