c:/1218_alibaba/Build/GRANTLEY/RELEASE_MYTOOLS/X64/MdePkg/Library/UefiBootServicesTableLib/UefiBootServicesTableLib/OUTPUT/UefiBootServicesTableLib.lib
c:/1218_alibaba/Build/GRANTLEY/RELEASE_MYTOOLS/X64/MdePkg/Library/UefiRuntimeServicesTableLib/UefiRuntimeServicesTableLib/OUTPUT/UefiRuntimeServicesTableLib.lib
c:/1218_alibaba/Build/GRANTLEY/RELEASE_MYTOOLS/X64/MdeModulePkg/Library/PiSmmCoreSmmServicesTableLib/PiSmmCoreSmmServicesTableLib/OUTPUT/PiSmmCoreSmmServicesTableLib.lib
c:/1218_alibaba/Build/GRANTLEY/RELEASE_MYTOOLS/X64/MdePkg/Library/DxePcdLib/DxePcdLib/OUTPUT/DxePcdLib.lib
c:/1218_alibaba/Build/GRANTLEY/RELEASE_MYTOOLS/X64/MdePkg/Library/BaseMemoryLibRepStr/BaseMemoryLibRepStr/OUTPUT/BaseMemoryLibRepStr.lib
c:/1218_alibaba/Build/GRANTLEY/RELEASE_MYTOOLS/X64/MdePkg/Library/BaseLib/BaseLib/OUTPUT/BaseLib.lib
c:/1218_alibaba/Build/GRANTLEY/RELEASE_MYTOOLS/X64/MdePkg/Library/BasePciLibPciExpress/BasePciLibPciExpress/OUTPUT/BasePciLibPciExpress.lib
c:/1218_alibaba/Build/GRANTLEY/RELEASE_MYTOOLS/X64/MdePkg/Library/BaseIoLibIntrinsic/BaseIoLibIntrinsic/OUTPUT/BaseIoLibIntrinsic.lib
c:/1218_alibaba/Build/GRANTLEY/RELEASE_MYTOOLS/X64/MdePkg/Library/BaseDebugPrintErrorLevelLib/BaseDebugPrintErrorLevelLib/OUTPUT/BaseDebugPrintErrorLevelLib.lib
c:/1218_alibaba/Build/GRANTLEY/RELEASE_MYTOOLS/X64/GrantleyPkg/Library/SerialPortLib/SerialPortLib/OUTPUT/SerialPortLib.lib
c:/1218_alibaba/Build/GRANTLEY/RELEASE_MYTOOLS/X64/MdePkg/Library/BasePrintLib/BasePrintLib/OUTPUT/BasePrintLib.lib
c:/1218_alibaba/Build/GRANTLEY/RELEASE_MYTOOLS/X64/MdePkg/Library/BaseDebugLibSerialPort/BaseDebugLibSerialPort/OUTPUT/BaseDebugLibSerialPort.lib
c:/1218_alibaba/Build/GRANTLEY/RELEASE_MYTOOLS/X64/MdePkg/Library/BasePciExpressLib/BasePciExpressLib/OUTPUT/BasePciExpressLib.lib
c:/1218_alibaba/Build/GRANTLEY/RELEASE_MYTOOLS/X64/MdeModulePkg/Library/PiSmmCoreMemoryAllocationLib/PiSmmCoreMemoryAllocationLib/OUTPUT/PiSmmCoreMemoryAllocationLib.lib
c:/1218_alibaba/Build/GRANTLEY/RELEASE_MYTOOLS/X64/GrantleyPkg/Library/IntelIchAcpiTimerLib/IntelIchAcpiTimerLib/OUTPUT/IntelIchAcpiTimerLib.lib
c:/1218_alibaba/Build/GRANTLEY/RELEASE_MYTOOLS/X64/MdePkg/Library/BasePeCoffExtraActionLibNull/BasePeCoffExtraActionLibNull/OUTPUT/PeCoffExtraActionLibNull.lib
c:/1218_alibaba/Build/GRANTLEY/RELEASE_MYTOOLS/X64/MdePkg/Library/UefiDevicePathLib/UefiDevicePathLib/OUTPUT/UefiDevicePathLib.lib
c:/1218_alibaba/Build/GRANTLEY/RELEASE_MYTOOLS/X64/MdePkg/Library/BaseSynchronizationLib/BaseSynchronizationLib/OUTPUT/BaseSynchronizationLib.lib
c:/1218_alibaba/Build/GRANTLEY/RELEASE_MYTOOLS/X64/WellsburgPkg/Library/PchPlatformLib/PchPlatformLib/OUTPUT/PchPlatformLib.lib
c:/1218_alibaba/Build/GRANTLEY/RELEASE_MYTOOLS/X64/MdePkg/Library/UefiDriverEntryPoint/UefiDriverEntryPoint/OUTPUT/UefiDriverEntryPoint.lib
c:/1218_alibaba/Build/GRANTLEY/RELEASE_MYTOOLS/X64/MdePkg/Library/BasePeCoffLib/BasePeCoffLib/OUTPUT/BasePeCoffLib.lib
c:/1218_alibaba/Build/GRANTLEY/RELEASE_MYTOOLS/X64/MdePkg/Library/BaseCacheMaintenanceLib/BaseCacheMaintenanceLib/OUTPUT/BaseCacheMaintenanceLib.lib
c:/1218_alibaba/Build/GRANTLEY/RELEASE_MYTOOLS/X64/MdeModulePkg/Library/SmmReportStatusCodeLib/SmmReportStatusCodeLib/OUTPUT/SmmReportStatusCodeLib.lib
c:/1218_alibaba/Build/GRANTLEY/RELEASE_MYTOOLS/X64/MdePkg/Library/UefiLib/UefiLib/OUTPUT/UefiLib.lib
c:/1218_alibaba/Build/GRANTLEY/RELEASE_MYTOOLS/X64/AmiModulePkg/Library/AmiSmmCorePlatformHookLib/AmiSmmCorePlatformHookLib/OUTPUT/AmiSmmCorePlatformHookLib.lib
c:/1218_alibaba/Build/GRANTLEY/RELEASE_MYTOOLS/X64/MdeModulePkg/Library/SmmCorePerformanceLib/SmmCorePerformanceLib/OUTPUT/SmmCorePerformanceLib.lib
c:/1218_alibaba/Build/GRANTLEY/RELEASE_MYTOOLS/X64/MdePkg/Library/BasePeCoffGetEntryPointLib/BasePeCoffGetEntryPointLib/OUTPUT/BasePeCoffGetEntryPointLib.lib
c:/1218_alibaba/Build/GRANTLEY/RELEASE_MYTOOLS/X64/AmiModulePkg/Library/SmmCoreAmiPerformanceProfilingLib/SmmCoreAmiPerformanceProfilingLib/OUTPUT/SmmCoreAmiPerformanceProfilingLib.lib
c:/1218_alibaba/Build/GRANTLEY/RELEASE_MYTOOLS/X64/AmiChipsetModulePkg/Library/ChipsetSmmCorePlatformHookLib/ChipsetSmmCorePlatformHookLib/OUTPUT/ChipsetSmmCorePlatformHookLib.lib
c:/1218_alibaba/Build/GRANTLEY/RELEASE_MYTOOLS/X64/MdeModulePkg/Core/PiSmmCore/PiSmmCore/OUTPUT/PiSmmCore.lib